{"C:\\Users\\Premd\\OneDrive\\Desktop\\ashish\\FYP\\backend\\controllers\\adminController.js": {"path":"C:\\Users\\Premd\\OneDrive\\Desktop\\ashish\\FYP\\backend\\controllers\\adminController.js","statementMap":{"0":{"start":{"line":8,"column":24},"end":{"line":52,"column":1}},"1":{"start":{"line":9,"column":2},"end":{"line":51,"column":3}},"2":{"start":{"line":10,"column":70},"end":{"line":18,"column":6}},"3":{"start":{"line":20,"column":25},"end":{"line":20,"column":53}},"4":{"start":{"line":23,"column":25},"end":{"line":23,"column":35}},"5":{"start":{"line":24,"column":4},"end":{"line":24,"column":55}},"6":{"start":{"line":26,"column":27},"end":{"line":36,"column":6}},"7":{"start":{"line":38,"column":4},"end":{"line":48,"column":7}},"8":{"start":{"line":43,"column":49},"end":{"line":47,"column":7}},"9":{"start":{"line":50,"column":4},"end":{"line":50,"column":53}},"10":{"start":{"line":55,"column":27},"end":{"line":81,"column":1}},"11":{"start":{"line":56,"column":2},"end":{"line":80,"column":3}},"12":{"start":{"line":57,"column":55},"end":{"line":57,"column":64}},"13":{"start":{"line":58,"column":18},"end":{"line":58,"column":46}},"14":{"start":{"line":59,"column":4},"end":{"line":60,"column":33}},"15":{"start":{"line":59,"column":18},"end":{"line":59,"column":44}},"16":{"start":{"line":60,"column":9},"end":{"line":60,"column":33}},"17":{"start":{"line":61,"column":4},"end":{"line":66,"column":5}},"18":{"start":{"line":62,"column":6},"end":{"line":65,"column":8}},"19":{"start":{"line":68,"column":27},"end":{"line":75,"column":6}},"20":{"start":{"line":77,"column":4},"end":{"line":77,"column":84}},"21":{"start":{"line":79,"column":4},"end":{"line":79,"column":53}},"22":{"start":{"line":84,"column":34},"end":{"line":112,"column":1}},"23":{"start":{"line":85,"column":2},"end":{"line":111,"column":3}},"24":{"start":{"line":86,"column":21},"end":{"line":90,"column":57}},"25":{"start":{"line":93,"column":23},"end":{"line":93,"column":47}},"26":{"start":{"line":93,"column":41},"end":{"line":93,"column":46}},"27":{"start":{"line":94,"column":20},"end":{"line":94,"column":89}},"28":{"start":{"line":96,"column":26},"end":{"line":96,"column":28}},"29":{"start":{"line":97,"column":4},"end":{"line":101,"column":7}},"30":{"start":{"line":98,"column":18},"end":{"line":98,"column":40}},"31":{"start":{"line":99,"column":6},"end":{"line":99,"column":55}},"32":{"start":{"line":99,"column":31},"end":{"line":99,"column":55}},"33":{"start":{"line":100,"column":6},"end":{"line":100,"column":110}},"34":{"start":{"line":103,"column":19},"end":{"line":106,"column":7}},"35":{"start":{"line":103,"column":38},"end":{"line":106,"column":5}},"36":{"start":{"line":108,"column":4},"end":{"line":108,"column":21}},"37":{"start":{"line":110,"column":4},"end":{"line":110,"column":53}},"38":{"start":{"line":115,"column":30},"end":{"line":128,"column":1}},"39":{"start":{"line":116,"column":2},"end":{"line":127,"column":3}},"40":{"start":{"line":117,"column":21},"end":{"line":122,"column":30}},"41":{"start":{"line":124,"column":4},"end":{"line":124,"column":23}},"42":{"start":{"line":126,"column":4},"end":{"line":126,"column":53}},"43":{"start":{"line":131,"column":29},"end":{"line":151,"column":1}},"44":{"start":{"line":132,"column":2},"end":{"line":150,"column":3}},"45":{"start":{"line":133,"column":20},"end":{"line":143,"column":25}},"46":{"start":{"line":145,"column":4},"end":{"line":145,"column":80}},"47":{"start":{"line":145,"column":18},"end":{"line":145,"column":80}},"48":{"start":{"line":147,"column":4},"end":{"line":147,"column":68}},"49":{"start":{"line":149,"column":4},"end":{"line":149,"column":53}},"50":{"start":{"line":154,"column":29},"end":{"line":173,"column":1}},"51":{"start":{"line":155,"column":2},"end":{"line":172,"column":3}},"52":{"start":{"line":156,"column":20},"end":{"line":165,"column":25}},"53":{"start":{"line":167,"column":4},"end":{"line":167,"column":80}},"54":{"start":{"line":167,"column":18},"end":{"line":167,"column":80}},"55":{"start":{"line":169,"column":4},"end":{"line":169,"column":55}},"56":{"start":{"line":171,"column":4},"end":{"line":171,"column":53}},"57":{"start":{"line":176,"column":30},"end":{"line":253,"column":1}},"58":{"start":{"line":177,"column":2},"end":{"line":252,"column":3}},"59":{"start":{"line":187,"column":8},"end":{"line":187,"column":17}},"60":{"start":{"line":189,"column":18},"end":{"line":189,"column":20}},"61":{"start":{"line":190,"column":4},"end":{"line":190,"column":58}},"62":{"start":{"line":190,"column":36},"end":{"line":190,"column":58}},"63":{"start":{"line":191,"column":4},"end":{"line":199,"column":5}},"64":{"start":{"line":192,"column":6},"end":{"line":192,"column":27}},"65":{"start":{"line":193,"column":6},"end":{"line":193,"column":64}},"66":{"start":{"line":193,"column":21},"end":{"line":193,"column":64}},"67":{"start":{"line":194,"column":6},"end":{"line":198,"column":7}},"68":{"start":{"line":195,"column":20},"end":{"line":195,"column":37}},"69":{"start":{"line":196,"column":8},"end":{"line":196,"column":38}},"70":{"start":{"line":197,"column":8},"end":{"line":197,"column":35}},"71":{"start":{"line":201,"column":17},"end":{"line":201,"column":59}},"72":{"start":{"line":204,"column":19},"end":{"line":209,"column":13}},"73":{"start":{"line":212,"column":4},"end":{"line":222,"column":5}},"74":{"start":{"line":213,"column":16},"end":{"line":213,"column":36}},"75":{"start":{"line":214,"column":6},"end":{"line":221,"column":8}},"76":{"start":{"line":216,"column":10},"end":{"line":220,"column":50}},"77":{"start":{"line":224,"column":18},"end":{"line":224,"column":33}},"78":{"start":{"line":225,"column":22},"end":{"line":225,"column":70}},"79":{"start":{"line":228,"column":20},"end":{"line":234,"column":5}},"80":{"start":{"line":235,"column":4},"end":{"line":240,"column":5}},"81":{"start":{"line":236,"column":6},"end":{"line":239,"column":55}},"82":{"start":{"line":236,"column":38},"end":{"line":236,"column":71}},"83":{"start":{"line":236,"column":72},"end":{"line":236,"column":92}},"84":{"start":{"line":237,"column":11},"end":{"line":239,"column":55}},"85":{"start":{"line":237,"column":39},"end":{"line":237,"column":57}},"86":{"start":{"line":238,"column":11},"end":{"line":239,"column":55}},"87":{"start":{"line":238,"column":40},"end":{"line":238,"column":59}},"88":{"start":{"line":239,"column":11},"end":{"line":239,"column":55}},"89":{"start":{"line":239,"column":38},"end":{"line":239,"column":55}},"90":{"start":{"line":241,"column":4},"end":{"line":241,"column":54}},"91":{"start":{"line":243,"column":4},"end":{"line":249,"column":7}},"92":{"start":{"line":251,"column":4},"end":{"line":251,"column":53}},"93":{"start":{"line":256,"column":30},"end":{"line":270,"column":1}},"94":{"start":{"line":257,"column":2},"end":{"line":269,"column":3}},"95":{"start":{"line":258,"column":20},"end":{"line":262,"column":13}},"96":{"start":{"line":264,"column":4},"end":{"line":264,"column":80}},"97":{"start":{"line":264,"column":18},"end":{"line":264,"column":80}},"98":{"start":{"line":266,"column":4},"end":{"line":266,"column":22}},"99":{"start":{"line":268,"column":4},"end":{"line":268,"column":53}},"100":{"start":{"line":273,"column":32},"end":{"line":285,"column":1}},"101":{"start":{"line":274,"column":2},"end":{"line":284,"column":3}},"102":{"start":{"line":275,"column":17},"end":{"line":275,"column":71}},"103":{"start":{"line":276,"column":4},"end":{"line":276,"column":74}},"104":{"start":{"line":276,"column":15},"end":{"line":276,"column":74}},"105":{"start":{"line":278,"column":4},"end":{"line":278,"column":35}},"106":{"start":{"line":279,"column":4},"end":{"line":279,"column":22}},"107":{"start":{"line":281,"column":4},"end":{"line":281,"column":87}},"108":{"start":{"line":283,"column":4},"end":{"line":283,"column":53}},"109":{"start":{"line":288,"column":26},"end":{"line":322,"column":1}},"110":{"start":{"line":289,"column":2},"end":{"line":321,"column":3}},"111":{"start":{"line":290,"column":100},"end":{"line":290,"column":108}},"112":{"start":{"line":292,"column":21},"end":{"line":292,"column":50}},"113":{"start":{"line":293,"column":4},"end":{"line":293,"column":83}},"114":{"start":{"line":293,"column":18},"end":{"line":293,"column":83}},"115":{"start":{"line":295,"column":17},"end":{"line":295,"column":41}},"116":{"start":{"line":296,"column":27},"end":{"line":296,"column":60}},"117":{"start":{"line":298,"column":20},"end":{"line":313,"column":6}},"118":{"start":{"line":315,"column":4},"end":{"line":318,"column":7}},"119":{"start":{"line":320,"column":4},"end":{"line":320,"column":53}},"120":{"start":{"line":325,"column":26},"end":{"line":347,"column":1}},"121":{"start":{"line":326,"column":2},"end":{"line":346,"column":3}},"122":{"start":{"line":327,"column":19},"end":{"line":327,"column":29}},"123":{"start":{"line":329,"column":4},"end":{"line":331,"column":5}},"124":{"start":{"line":330,"column":6},"end":{"line":330,"column":86}},"125":{"start":{"line":333,"column":17},"end":{"line":333,"column":40}},"126":{"start":{"line":334,"column":4},"end":{"line":334,"column":74}},"127":{"start":{"line":334,"column":15},"end":{"line":334,"column":74}},"128":{"start":{"line":337,"column":4},"end":{"line":337,"column":26}},"129":{"start":{"line":338,"column":4},"end":{"line":338,"column":26}},"130":{"start":{"line":339,"column":4},"end":{"line":339,"column":22}},"131":{"start":{"line":341,"column":4},"end":{"line":343,"column":7}},"132":{"start":{"line":345,"column":4},"end":{"line":345,"column":53}}},"fnMap":{"0":{"name":"(anonymous_0)","decl":{"start":{"line":8,"column":24},"end":{"line":8,"column":25}},"loc":{"start":{"line":8,"column":44},"end":{"line":52,"column":1}},"line":8},"1":{"name":"(anonymous_1)","decl":{"start":{"line":43,"column":41},"end":{"line":43,"column":42}},"loc":{"start":{"line":43,"column":49},"end":{"line":47,"column":7}},"line":43},"2":{"name":"(anonymous_2)","decl":{"start":{"line":55,"column":27},"end":{"line":55,"column":28}},"loc":{"start":{"line":55,"column":47},"end":{"line":81,"column":1}},"line":55},"3":{"name":"(anonymous_3)","decl":{"start":{"line":84,"column":34},"end":{"line":84,"column":35}},"loc":{"start":{"line":84,"column":54},"end":{"line":112,"column":1}},"line":84},"4":{"name":"(anonymous_4)","decl":{"start":{"line":93,"column":36},"end":{"line":93,"column":37}},"loc":{"start":{"line":93,"column":41},"end":{"line":93,"column":46}},"line":93},"5":{"name":"(anonymous_5)","decl":{"start":{"line":97,"column":20},"end":{"line":97,"column":21}},"loc":{"start":{"line":97,"column":25},"end":{"line":101,"column":5}},"line":97},"6":{"name":"(anonymous_6)","decl":{"start":{"line":103,"column":32},"end":{"line":103,"column":33}},"loc":{"start":{"line":103,"column":38},"end":{"line":106,"column":5}},"line":103},"7":{"name":"(anonymous_7)","decl":{"start":{"line":115,"column":30},"end":{"line":115,"column":31}},"loc":{"start":{"line":115,"column":50},"end":{"line":128,"column":1}},"line":115},"8":{"name":"(anonymous_8)","decl":{"start":{"line":131,"column":29},"end":{"line":131,"column":30}},"loc":{"start":{"line":131,"column":49},"end":{"line":151,"column":1}},"line":131},"9":{"name":"(anonymous_9)","decl":{"start":{"line":154,"column":29},"end":{"line":154,"column":30}},"loc":{"start":{"line":154,"column":49},"end":{"line":173,"column":1}},"line":154},"10":{"name":"(anonymous_10)","decl":{"start":{"line":176,"column":30},"end":{"line":176,"column":31}},"loc":{"start":{"line":176,"column":50},"end":{"line":253,"column":1}},"line":176},"11":{"name":"(anonymous_11)","decl":{"start":{"line":215,"column":8},"end":{"line":215,"column":9}},"loc":{"start":{"line":216,"column":10},"end":{"line":220,"column":50}},"line":216},"12":{"name":"(anonymous_12)","decl":{"start":{"line":256,"column":30},"end":{"line":256,"column":31}},"loc":{"start":{"line":256,"column":50},"end":{"line":270,"column":1}},"line":256},"13":{"name":"(anonymous_13)","decl":{"start":{"line":273,"column":32},"end":{"line":273,"column":33}},"loc":{"start":{"line":273,"column":52},"end":{"line":285,"column":1}},"line":273},"14":{"name":"(anonymous_14)","decl":{"start":{"line":288,"column":26},"end":{"line":288,"column":27}},"loc":{"start":{"line":288,"column":46},"end":{"line":322,"column":1}},"line":288},"15":{"name":"(anonymous_15)","decl":{"start":{"line":325,"column":26},"end":{"line":325,"column":27}},"loc":{"start":{"line":325,"column":46},"end":{"line":347,"column":1}},"line":325}},"branchMap":{"0":{"loc":{"start":{"line":20,"column":25},"end":{"line":20,"column":53}},"type":"binary-expr","locations":[{"start":{"line":20,"column":25},"end":{"line":20,"column":48}},{"start":{"line":20,"column":52},"end":{"line":20,"column":53}}],"line":20},"1":{"loc":{"start":{"line":57,"column":12},"end":{"line":57,"column":20}},"type":"default-arg","locations":[{"start":{"line":57,"column":19},"end":{"line":57,"column":20}}],"line":57},"2":{"loc":{"start":{"line":57,"column":22},"end":{"line":57,"column":32}},"type":"default-arg","locations":[{"start":{"line":57,"column":30},"end":{"line":57,"column":32}}],"line":57},"3":{"loc":{"start":{"line":59,"column":4},"end":{"line":60,"column":33}},"type":"if","locations":[{"start":{"line":59,"column":4},"end":{"line":60,"column":33}},{"start":{"line":60,"column":9},"end":{"line":60,"column":33}}],"line":59},"4":{"loc":{"start":{"line":61,"column":4},"end":{"line":66,"column":5}},"type":"if","locations":[{"start":{"line":61,"column":4},"end":{"line":66,"column":5}},{"start":{},"end":{}}],"line":61},"5":{"loc":{"start":{"line":99,"column":6},"end":{"line":99,"column":55}},"type":"if","locations":[{"start":{"line":99,"column":6},"end":{"line":99,"column":55}},{"start":{},"end":{}}],"line":99},"6":{"loc":{"start":{"line":105,"column":29},"end":{"line":105,"column":66}},"type":"binary-expr","locations":[{"start":{"line":105,"column":29},"end":{"line":105,"column":60}},{"start":{"line":105,"column":64},"end":{"line":105,"column":66}}],"line":105},"7":{"loc":{"start":{"line":138,"column":43},"end":{"line":138,"column":63}},"type":"binary-expr","locations":[{"start":{"line":138,"column":43},"end":{"line":138,"column":57}},{"start":{"line":138,"column":61},"end":{"line":138,"column":63}}],"line":138},"8":{"loc":{"start":{"line":145,"column":4},"end":{"line":145,"column":80}},"type":"if","locations":[{"start":{"line":145,"column":4},"end":{"line":145,"column":80}},{"start":{},"end":{}}],"line":145},"9":{"loc":{"start":{"line":161,"column":43},"end":{"line":161,"column":63}},"type":"binary-expr","locations":[{"start":{"line":161,"column":43},"end":{"line":161,"column":57}},{"start":{"line":161,"column":61},"end":{"line":161,"column":63}}],"line":161},"10":{"loc":{"start":{"line":167,"column":4},"end":{"line":167,"column":80}},"type":"if","locations":[{"start":{"line":167,"column":4},"end":{"line":167,"column":80}},{"start":{},"end":{}}],"line":167},"11":{"loc":{"start":{"line":179,"column":6},"end":{"line":179,"column":14}},"type":"default-arg","locations":[{"start":{"line":179,"column":13},"end":{"line":179,"column":14}}],"line":179},"12":{"loc":{"start":{"line":180,"column":6},"end":{"line":180,"column":16}},"type":"default-arg","locations":[{"start":{"line":180,"column":14},"end":{"line":180,"column":16}}],"line":180},"13":{"loc":{"start":{"line":185,"column":6},"end":{"line":185,"column":26}},"type":"default-arg","locations":[{"start":{"line":185,"column":15},"end":{"line":185,"column":26}}],"line":185},"14":{"loc":{"start":{"line":186,"column":6},"end":{"line":186,"column":24}},"type":"default-arg","locations":[{"start":{"line":186,"column":18},"end":{"line":186,"column":24}}],"line":186},"15":{"loc":{"start":{"line":190,"column":4},"end":{"line":190,"column":58}},"type":"if","locations":[{"start":{"line":190,"column":4},"end":{"line":190,"column":58}},{"start":{},"end":{}}],"line":190},"16":{"loc":{"start":{"line":190,"column":8},"end":{"line":190,"column":34}},"type":"binary-expr","locations":[{"start":{"line":190,"column":8},"end":{"line":190,"column":14}},{"start":{"line":190,"column":18},"end":{"line":190,"column":34}}],"line":190},"17":{"loc":{"start":{"line":191,"column":4},"end":{"line":199,"column":5}},"type":"if","locations":[{"start":{"line":191,"column":4},"end":{"line":199,"column":5}},{"start":{},"end":{}}],"line":191},"18":{"loc":{"start":{"line":191,"column":8},"end":{"line":191,"column":28}},"type":"binary-expr","locations":[{"start":{"line":191,"column":8},"end":{"line":191,"column":17}},{"start":{"line":191,"column":21},"end":{"line":191,"column":28}}],"line":191},"19":{"loc":{"start":{"line":193,"column":6},"end":{"line":193,"column":64}},"type":"if","locations":[{"start":{"line":193,"column":6},"end":{"line":193,"column":64}},{"start":{},"end":{}}],"line":193},"20":{"loc":{"start":{"line":194,"column":6},"end":{"line":198,"column":7}},"type":"if","locations":[{"start":{"line":194,"column":6},"end":{"line":198,"column":7}},{"start":{},"end":{}}],"line":194},"21":{"loc":{"start":{"line":201,"column":29},"end":{"line":201,"column":57}},"type":"cond-expr","locations":[{"start":{"line":201,"column":51},"end":{"line":201,"column":52}},{"start":{"line":201,"column":55},"end":{"line":201,"column":57}}],"line":201},"22":{"loc":{"start":{"line":212,"column":4},"end":{"line":222,"column":5}},"type":"if","locations":[{"start":{"line":212,"column":4},"end":{"line":222,"column":5}},{"start":{},"end":{}}],"line":212},"23":{"loc":{"start":{"line":216,"column":10},"end":{"line":220,"column":50}},"type":"binary-expr","locations":[{"start":{"line":216,"column":10},"end":{"line":216,"column":51}},{"start":{"line":217,"column":10},"end":{"line":217,"column":52}},{"start":{"line":218,"column":10},"end":{"line":218,"column":54}},{"start":{"line":219,"column":10},"end":{"line":219,"column":60}},{"start":{"line":220,"column":10},"end":{"line":220,"column":50}}],"line":216},"24":{"loc":{"start":{"line":236,"column":6},"end":{"line":239,"column":55}},"type":"if","locations":[{"start":{"line":236,"column":6},"end":{"line":239,"column":55}},{"start":{"line":237,"column":11},"end":{"line":239,"column":55}}],"line":236},"25":{"loc":{"start":{"line":237,"column":11},"end":{"line":239,"column":55}},"type":"if","locations":[{"start":{"line":237,"column":11},"end":{"line":239,"column":55}},{"start":{"line":238,"column":11},"end":{"line":239,"column":55}}],"line":237},"26":{"loc":{"start":{"line":238,"column":11},"end":{"line":239,"column":55}},"type":"if","locations":[{"start":{"line":238,"column":11},"end":{"line":239,"column":55}},{"start":{"line":239,"column":11},"end":{"line":239,"column":55}}],"line":238},"27":{"loc":{"start":{"line":239,"column":11},"end":{"line":239,"column":55}},"type":"if","locations":[{"start":{"line":239,"column":11},"end":{"line":239,"column":55}},{"start":{},"end":{}}],"line":239},"28":{"loc":{"start":{"line":264,"column":4},"end":{"line":264,"column":80}},"type":"if","locations":[{"start":{"line":264,"column":4},"end":{"line":264,"column":80}},{"start":{},"end":{}}],"line":264},"29":{"loc":{"start":{"line":276,"column":4},"end":{"line":276,"column":74}},"type":"if","locations":[{"start":{"line":276,"column":4},"end":{"line":276,"column":74}},{"start":{},"end":{}}],"line":276},"30":{"loc":{"start":{"line":281,"column":32},"end":{"line":281,"column":75}},"type":"cond-expr","locations":[{"start":{"line":281,"column":48},"end":{"line":281,"column":59}},{"start":{"line":281,"column":62},"end":{"line":281,"column":75}}],"line":281},"31":{"loc":{"start":{"line":293,"column":4},"end":{"line":293,"column":83}},"type":"if","locations":[{"start":{"line":293,"column":4},"end":{"line":293,"column":83}},{"start":{},"end":{}}],"line":293},"32":{"loc":{"start":{"line":307,"column":25},"end":{"line":307,"column":46}},"type":"binary-expr","locations":[{"start":{"line":307,"column":25},"end":{"line":307,"column":40}},{"start":{"line":307,"column":44},"end":{"line":307,"column":46}}],"line":307},"33":{"loc":{"start":{"line":308,"column":24},"end":{"line":308,"column":44}},"type":"binary-expr","locations":[{"start":{"line":308,"column":24},"end":{"line":308,"column":38}},{"start":{"line":308,"column":42},"end":{"line":308,"column":44}}],"line":308},"34":{"loc":{"start":{"line":309,"column":20},"end":{"line":309,"column":35}},"type":"binary-expr","locations":[{"start":{"line":309,"column":20},"end":{"line":309,"column":30}},{"start":{"line":309,"column":34},"end":{"line":309,"column":35}}],"line":309},"35":{"loc":{"start":{"line":310,"column":20},"end":{"line":310,"column":35}},"type":"binary-expr","locations":[{"start":{"line":310,"column":20},"end":{"line":310,"column":30}},{"start":{"line":310,"column":34},"end":{"line":310,"column":35}}],"line":310},"36":{"loc":{"start":{"line":311,"column":13},"end":{"line":311,"column":22}},"type":"binary-expr","locations":[{"start":{"line":311,"column":13},"end":{"line":311,"column":16}},{"start":{"line":311,"column":20},"end":{"line":311,"column":22}}],"line":311},"37":{"loc":{"start":{"line":329,"column":4},"end":{"line":331,"column":5}},"type":"if","locations":[{"start":{"line":329,"column":4},"end":{"line":331,"column":5}},{"start":{},"end":{}}],"line":329},"38":{"loc":{"start":{"line":334,"column":4},"end":{"line":334,"column":74}},"type":"if","locations":[{"start":{"line":334,"column":4},"end":{"line":334,"column":74}},{"start":{},"end":{}}],"line":334},"39":{"loc":{"start":{"line":342,"column":18},"end":{"line":342,"column":66}},"type":"cond-expr","locations":[{"start":{"line":342,"column":48},"end":{"line":342,"column":57}},{"start":{"line":342,"column":60},"end":{"line":342,"column":66}}],"line":342}},"s":{"0":1,"1":3,"2":3,"3":2,"4":2,"5":2,"6":2,"7":2,"8":1,"9":1,"10":1,"11":2,"12":2,"13":2,"14":2,"15":0,"16":2,"17":2,"18":0,"19":2,"20":1,"21":1,"22":1,"23":2,"24":2,"25":1,"26":1,"27":1,"28":1,"29":1,"30":0,"31":0,"32":0,"33":0,"34":1,"35":1,"36":1,"37":1,"38":1,"39":2,"40":2,"41":1,"42":1,"43":1,"44":2,"45":2,"46":2,"47":1,"48":1,"49":0,"50":1,"51":2,"52":2,"53":2,"54":1,"55":1,"56":0,"57":1,"58":0,"59":0,"60":0,"61":0,"62":0,"63":0,"64":0,"65":0,"66":0,"67":0,"68":0,"69":0,"70":0,"71":0,"72":0,"73":0,"74":0,"75":0,"76":0,"77":0,"78":0,"79":0,"80":0,"81":0,"82":0,"83":0,"84":0,"85":0,"86":0,"87":0,"88":0,"89":0,"90":0,"91":0,"92":0,"93":1,"94":0,"95":0,"96":0,"97":0,"98":0,"99":0,"100":1,"101":2,"102":2,"103":2,"104":1,"105":1,"106":1,"107":1,"108":0,"109":1,"110":2,"111":2,"112":2,"113":2,"114":1,"115":1,"116":1,"117":1,"118":1,"119":0,"120":1,"121":3,"122":3,"123":3,"124":1,"125":2,"126":2,"127":1,"128":1,"129":1,"130":1,"131":1,"132":0},"f":{"0":3,"1":1,"2":2,"3":2,"4":1,"5":0,"6":1,"7":2,"8":2,"9":2,"10":0,"11":0,"12":0,"13":2,"14":2,"15":3},"b":{"0":[2,1],"1":[2],"2":[2],"3":[0,2],"4":[0,2],"5":[0,0],"6":[1,1],"7":[2,1],"8":[1,1],"9":[2,1],"10":[1,1],"11":[0],"12":[0],"13":[0],"14":[0],"15":[0,0],"16":[0,0],"17":[0,0],"18":[0,0],"19":[0,0],"20":[0,0],"21":[0,0],"22":[0,0],"23":[0,0,0,0,0],"24":[0,0],"25":[0,0],"26":[0,0],"27":[0,0],"28":[0,0],"29":[1,1],"30":[0,1],"31":[1,1],"32":[1,1],"33":[1,1],"34":[1,1],"35":[1,1],"36":[1,1],"37":[1,2],"38":[1,1],"39":[0,1]},"_coverageSchema":"1a1c01bbd47fc00a2c39e90264f33305004495a9","hash":"1232d362fab40717e2476970fc097cb235aefac6"}
,"C:\\Users\\Premd\\OneDrive\\Desktop\\ashish\\FYP\\backend\\controllers\\authController.js": {"path":"C:\\Users\\Premd\\OneDrive\\Desktop\\ashish\\FYP\\backend\\controllers\\authController.js","statementMap":{"0":{"start":{"line":6,"column":28},"end":{"line":122,"column":1}},"1":{"start":{"line":7,"column":2},"end":{"line":121,"column":3}},"2":{"start":{"line":25,"column":8},"end":{"line":25,"column":16}},"3":{"start":{"line":28,"column":25},"end":{"line":28,"column":54}},"4":{"start":{"line":29,"column":4},"end":{"line":31,"column":5}},"5":{"start":{"line":30,"column":6},"end":{"line":30,"column":70}},"6":{"start":{"line":34,"column":17},"end":{"line":34,"column":41}},"7":{"start":{"line":35,"column":27},"end":{"line":35,"column":60}},"8":{"start":{"line":38,"column":21},"end":{"line":43,"column":5}},"9":{"start":{"line":46,"column":4},"end":{"line":54,"column":5}},"10":{"start":{"line":47,"column":6},"end":{"line":53,"column":8}},"11":{"start":{"line":57,"column":4},"end":{"line":75,"column":5}},"12":{"start":{"line":58,"column":6},"end":{"line":61,"column":8}},"13":{"start":{"line":62,"column":6},"end":{"line":67,"column":8}},"14":{"start":{"line":68,"column":6},"end":{"line":72,"column":8}},"15":{"start":{"line":73,"column":6},"end":{"line":73,"column":34}},"16":{"start":{"line":74,"column":6},"end":{"line":74,"column":32}},"17":{"start":{"line":78,"column":17},"end":{"line":78,"column":44}},"18":{"start":{"line":81,"column":4},"end":{"line":94,"column":5}},"19":{"start":{"line":82,"column":25},"end":{"line":90,"column":11}},"20":{"start":{"line":83,"column":21},"end":{"line":83,"column":32}},"21":{"start":{"line":84,"column":19},"end":{"line":90,"column":9}},"22":{"start":{"line":91,"column":6},"end":{"line":93,"column":7}},"23":{"start":{"line":92,"column":8},"end":{"line":92,"column":53}},"24":{"start":{"line":97,"column":18},"end":{"line":101,"column":5}},"25":{"start":{"line":103,"column":4},"end":{"line":117,"column":7}},"26":{"start":{"line":119,"column":4},"end":{"line":119,"column":66}},"27":{"start":{"line":120,"column":4},"end":{"line":120,"column":53}},"28":{"start":{"line":124,"column":25},"end":{"line":163,"column":1}},"29":{"start":{"line":125,"column":2},"end":{"line":162,"column":3}},"30":{"start":{"line":126,"column":32},"end":{"line":126,"column":40}},"31":{"start":{"line":129,"column":17},"end":{"line":129,"column":46}},"32":{"start":{"line":130,"column":4},"end":{"line":132,"column":5}},"33":{"start":{"line":131,"column":6},"end":{"line":131,"column":70}},"34":{"start":{"line":135,"column":20},"end":{"line":135,"column":65}},"35":{"start":{"line":136,"column":4},"end":{"line":138,"column":5}},"36":{"start":{"line":137,"column":6},"end":{"line":137,"column":70}},"37":{"start":{"line":141,"column":18},"end":{"line":145,"column":5}},"38":{"start":{"line":147,"column":4},"end":{"line":159,"column":7}},"39":{"start":{"line":161,"column":4},"end":{"line":161,"column":53}},"40":{"start":{"line":166,"column":27},"end":{"line":177,"column":1}},"41":{"start":{"line":167,"column":2},"end":{"line":176,"column":3}},"42":{"start":{"line":168,"column":21},"end":{"line":171,"column":26}},"43":{"start":{"line":173,"column":4},"end":{"line":173,"column":23}},"44":{"start":{"line":175,"column":4},"end":{"line":175,"column":53}},"45":{"start":{"line":180,"column":21},"end":{"line":199,"column":1}},"46":{"start":{"line":181,"column":2},"end":{"line":198,"column":3}},"47":{"start":{"line":182,"column":17},"end":{"line":182,"column":70}},"48":{"start":{"line":183,"column":4},"end":{"line":183,"column":74}},"49":{"start":{"line":183,"column":15},"end":{"line":183,"column":74}},"50":{"start":{"line":185,"column":4},"end":{"line":195,"column":7}},"51":{"start":{"line":197,"column":4},"end":{"line":197,"column":53}}},"fnMap":{"0":{"name":"(anonymous_0)","decl":{"start":{"line":6,"column":28},"end":{"line":6,"column":29}},"loc":{"start":{"line":6,"column":48},"end":{"line":122,"column":1}},"line":6},"1":{"name":"(anonymous_1)","decl":{"start":{"line":83,"column":16},"end":{"line":83,"column":17}},"loc":{"start":{"line":83,"column":21},"end":{"line":83,"column":32}},"line":83},"2":{"name":"(anonymous_2)","decl":{"start":{"line":84,"column":13},"end":{"line":84,"column":14}},"loc":{"start":{"line":84,"column":19},"end":{"line":90,"column":9}},"line":84},"3":{"name":"(anonymous_3)","decl":{"start":{"line":124,"column":25},"end":{"line":124,"column":26}},"loc":{"start":{"line":124,"column":45},"end":{"line":163,"column":1}},"line":124},"4":{"name":"(anonymous_4)","decl":{"start":{"line":166,"column":27},"end":{"line":166,"column":28}},"loc":{"start":{"line":166,"column":47},"end":{"line":177,"column":1}},"line":166},"5":{"name":"(anonymous_5)","decl":{"start":{"line":180,"column":21},"end":{"line":180,"column":22}},"loc":{"start":{"line":180,"column":41},"end":{"line":199,"column":1}},"line":180}},"branchMap":{"0":{"loc":{"start":{"line":29,"column":4},"end":{"line":31,"column":5}},"type":"if","locations":[{"start":{"line":29,"column":4},"end":{"line":31,"column":5}},{"start":{},"end":{}}],"line":29},"1":{"loc":{"start":{"line":46,"column":4},"end":{"line":54,"column":5}},"type":"if","locations":[{"start":{"line":46,"column":4},"end":{"line":54,"column":5}},{"start":{},"end":{}}],"line":46},"2":{"loc":{"start":{"line":48,"column":13},"end":{"line":48,"column":44}},"type":"cond-expr","locations":[{"start":{"line":48,"column":19},"end":{"line":48,"column":32}},{"start":{"line":48,"column":35},"end":{"line":48,"column":44}}],"line":48},"3":{"loc":{"start":{"line":49,"column":16},"end":{"line":49,"column":55}},"type":"cond-expr","locations":[{"start":{"line":49,"column":25},"end":{"line":49,"column":43}},{"start":{"line":49,"column":46},"end":{"line":49,"column":55}}],"line":49},"4":{"loc":{"start":{"line":50,"column":16},"end":{"line":50,"column":55}},"type":"cond-expr","locations":[{"start":{"line":50,"column":25},"end":{"line":50,"column":43}},{"start":{"line":50,"column":46},"end":{"line":50,"column":55}}],"line":50},"5":{"loc":{"start":{"line":51,"column":22},"end":{"line":51,"column":48}},"type":"binary-expr","locations":[{"start":{"line":51,"column":22},"end":{"line":51,"column":34}},{"start":{"line":51,"column":38},"end":{"line":51,"column":48}}],"line":51},"6":{"loc":{"start":{"line":52,"column":15},"end":{"line":52,"column":33}},"type":"binary-expr","locations":[{"start":{"line":52,"column":15},"end":{"line":52,"column":27}},{"start":{"line":52,"column":31},"end":{"line":52,"column":33}}],"line":52},"7":{"loc":{"start":{"line":57,"column":4},"end":{"line":75,"column":5}},"type":"if","locations":[{"start":{"line":57,"column":4},"end":{"line":75,"column":5}},{"start":{},"end":{}}],"line":57},"8":{"loc":{"start":{"line":59,"column":13},"end":{"line":59,"column":22}},"type":"binary-expr","locations":[{"start":{"line":59,"column":13},"end":{"line":59,"column":16}},{"start":{"line":59,"column":20},"end":{"line":59,"column":22}}],"line":59},"9":{"loc":{"start":{"line":63,"column":25},"end":{"line":63,"column":46}},"type":"binary-expr","locations":[{"start":{"line":63,"column":25},"end":{"line":63,"column":40}},{"start":{"line":63,"column":44},"end":{"line":63,"column":46}}],"line":63},"10":{"loc":{"start":{"line":64,"column":24},"end":{"line":64,"column":44}},"type":"binary-expr","locations":[{"start":{"line":64,"column":24},"end":{"line":64,"column":38}},{"start":{"line":64,"column":42},"end":{"line":64,"column":44}}],"line":64},"11":{"loc":{"start":{"line":65,"column":20},"end":{"line":65,"column":57}},"type":"cond-expr","locations":[{"start":{"line":65,"column":33},"end":{"line":65,"column":53}},{"start":{"line":65,"column":56},"end":{"line":65,"column":57}}],"line":65},"12":{"loc":{"start":{"line":66,"column":20},"end":{"line":66,"column":59}},"type":"cond-expr","locations":[{"start":{"line":66,"column":33},"end":{"line":66,"column":55}},{"start":{"line":66,"column":58},"end":{"line":66,"column":59}}],"line":66},"13":{"loc":{"start":{"line":81,"column":4},"end":{"line":94,"column":5}},"type":"if","locations":[{"start":{"line":81,"column":4},"end":{"line":94,"column":5}},{"start":{},"end":{}}],"line":81},"14":{"loc":{"start":{"line":81,"column":8},"end":{"line":81,"column":100}},"type":"binary-expr","locations":[{"start":{"line":81,"column":8},"end":{"line":81,"column":30}},{"start":{"line":81,"column":34},"end":{"line":81,"column":67}},{"start":{"line":81,"column":71},"end":{"line":81,"column":100}}],"line":81},"15":{"loc":{"start":{"line":83,"column":21},"end":{"line":83,"column":32}},"type":"binary-expr","locations":[{"start":{"line":83,"column":21},"end":{"line":83,"column":22}},{"start":{"line":83,"column":26},"end":{"line":83,"column":32}}],"line":83},"16":{"loc":{"start":{"line":86,"column":23},"end":{"line":86,"column":43}},"type":"binary-expr","locations":[{"start":{"line":86,"column":23},"end":{"line":86,"column":29}},{"start":{"line":86,"column":33},"end":{"line":86,"column":43}}],"line":86},"17":{"loc":{"start":{"line":87,"column":27},"end":{"line":87,"column":63}},"type":"binary-expr","locations":[{"start":{"line":87,"column":27},"end":{"line":87,"column":33}},{"start":{"line":87,"column":37},"end":{"line":87,"column":63}}],"line":87},"18":{"loc":{"start":{"line":88,"column":23},"end":{"line":88,"column":34}},"type":"binary-expr","locations":[{"start":{"line":88,"column":23},"end":{"line":88,"column":29}},{"start":{"line":88,"column":33},"end":{"line":88,"column":34}}],"line":88},"19":{"loc":{"start":{"line":91,"column":6},"end":{"line":93,"column":7}},"type":"if","locations":[{"start":{"line":91,"column":6},"end":{"line":93,"column":7}},{"start":{},"end":{}}],"line":91},"20":{"loc":{"start":{"line":130,"column":4},"end":{"line":132,"column":5}},"type":"if","locations":[{"start":{"line":130,"column":4},"end":{"line":132,"column":5}},{"start":{},"end":{}}],"line":130},"21":{"loc":{"start":{"line":136,"column":4},"end":{"line":138,"column":5}},"type":"if","locations":[{"start":{"line":136,"column":4},"end":{"line":138,"column":5}},{"start":{},"end":{}}],"line":136},"22":{"loc":{"start":{"line":183,"column":4},"end":{"line":183,"column":74}},"type":"if","locations":[{"start":{"line":183,"column":4},"end":{"line":183,"column":74}},{"start":{},"end":{}}],"line":183}},"s":{"0":1,"1":4,"2":4,"3":4,"4":3,"5":1,"6":2,"7":2,"8":2,"9":2,"10":1,"11":2,"12":1,"13":1,"14":1,"15":1,"16":1,"17":2,"18":2,"19":0,"20":0,"21":0,"22":0,"23":0,"24":2,"25":2,"26":1,"27":1,"28":1,"29":4,"30":4,"31":4,"32":3,"33":1,"34":2,"35":2,"36":1,"37":1,"38":1,"39":1,"40":1,"41":2,"42":2,"43":1,"44":1,"45":1,"46":2,"47":2,"48":2,"49":1,"50":1,"51":0},"f":{"0":4,"1":0,"2":0,"3":4,"4":2,"5":2},"b":{"0":[1,2],"1":[1,1],"2":[0,1],"3":[0,1],"4":[0,1],"5":[1,0],"6":[1,1],"7":[1,1],"8":[1,1],"9":[1,0],"10":[1,1],"11":[0,1],"12":[1,0],"13":[0,2],"14":[2,1,1],"15":[0,0],"16":[0,0],"17":[0,0],"18":[0,0],"19":[0,0],"20":[1,2],"21":[1,1],"22":[1,1]},"_coverageSchema":"1a1c01bbd47fc00a2c39e90264f33305004495a9","hash":"215e27aab128ad88cc1facb75e9982f4903f4e8c"}
,"C:\\Users\\Premd\\OneDrive\\Desktop\\ashish\\FYP\\backend\\controllers\\bookingController.js": {"path":"C:\\Users\\Premd\\OneDrive\\Desktop\\ashish\\FYP\\backend\\controllers\\bookingController.js","statementMap":{"0":{"start":{"line":9,"column":19},"end":{"line":44,"column":3}},"1":{"start":{"line":10,"column":4},"end":{"line":43,"column":5}},"2":{"start":{"line":11,"column":62},"end":{"line":11,"column":71}},"3":{"start":{"line":13,"column":18},"end":{"line":13,"column":57}},"4":{"start":{"line":16,"column":6},"end":{"line":18,"column":7}},"5":{"start":{"line":17,"column":8},"end":{"line":17,"column":65}},"6":{"start":{"line":20,"column":6},"end":{"line":22,"column":7}},"7":{"start":{"line":21,"column":8},"end":{"line":21,"column":81}},"8":{"start":{"line":24,"column":6},"end":{"line":26,"column":7}},"9":{"start":{"line":25,"column":8},"end":{"line":25,"column":76}},"10":{"start":{"line":28,"column":6},"end":{"line":33,"column":7}},"11":{"start":{"line":29,"column":8},"end":{"line":32,"column":10}},"12":{"start":{"line":35,"column":23},"end":{"line":37,"column":54}},"13":{"start":{"line":39,"column":6},"end":{"line":39,"column":25}},"14":{"start":{"line":41,"column":6},"end":{"line":41,"column":50}},"15":{"start":{"line":42,"column":6},"end":{"line":42,"column":55}},"16":{"start":{"line":47,"column":19},"end":{"line":86,"column":3}},"17":{"start":{"line":48,"column":4},"end":{"line":85,"column":5}},"18":{"start":{"line":49,"column":28},"end":{"line":49,"column":38}},"19":{"start":{"line":51,"column":22},"end":{"line":55,"column":54}},"20":{"start":{"line":57,"column":6},"end":{"line":59,"column":7}},"21":{"start":{"line":58,"column":8},"end":{"line":58,"column":70}},"22":{"start":{"line":62,"column":32},"end":{"line":65,"column":8}},"23":{"start":{"line":67,"column":28},"end":{"line":75,"column":18}},"24":{"start":{"line":77,"column":6},"end":{"line":81,"column":9}},"25":{"start":{"line":83,"column":6},"end":{"line":83,"column":49}},"26":{"start":{"line":84,"column":6},"end":{"line":84,"column":55}},"27":{"start":{"line":89,"column":22},"end":{"line":146,"column":3}},"28":{"start":{"line":90,"column":4},"end":{"line":145,"column":5}},"29":{"start":{"line":91,"column":28},"end":{"line":91,"column":38}},"30":{"start":{"line":92,"column":38},"end":{"line":92,"column":47}},"31":{"start":{"line":94,"column":6},"end":{"line":96,"column":7}},"32":{"start":{"line":95,"column":8},"end":{"line":95,"column":69}},"33":{"start":{"line":98,"column":22},"end":{"line":98,"column":52}},"34":{"start":{"line":99,"column":6},"end":{"line":101,"column":7}},"35":{"start":{"line":100,"column":8},"end":{"line":100,"column":70}},"36":{"start":{"line":103,"column":28},"end":{"line":103,"column":42}},"37":{"start":{"line":104,"column":22},"end":{"line":104,"column":98}},"38":{"start":{"line":107,"column":30},"end":{"line":109,"column":7}},"39":{"start":{"line":108,"column":19},"end":{"line":108,"column":61}},"40":{"start":{"line":111,"column":6},"end":{"line":113,"column":7}},"41":{"start":{"line":112,"column":8},"end":{"line":112,"column":48}},"42":{"start":{"line":116,"column":25},"end":{"line":116,"column":48}},"43":{"start":{"line":117,"column":6},"end":{"line":117,"column":38}},"44":{"start":{"line":118,"column":23},"end":{"line":118,"column":46}},"45":{"start":{"line":119,"column":6},"end":{"line":119,"column":41}},"46":{"start":{"line":121,"column":31},"end":{"line":125,"column":36}},"47":{"start":{"line":128,"column":27},"end":{"line":130,"column":7}},"48":{"start":{"line":129,"column":18},"end":{"line":129,"column":85}},"49":{"start":{"line":133,"column":20},"end":{"line":139,"column":7}},"50":{"start":{"line":141,"column":6},"end":{"line":141,"column":42}},"51":{"start":{"line":143,"column":6},"end":{"line":143,"column":57}},"52":{"start":{"line":144,"column":6},"end":{"line":144,"column":55}},"53":{"start":{"line":149,"column":22},"end":{"line":183,"column":3}},"54":{"start":{"line":150,"column":18},"end":{"line":150,"column":20}},"55":{"start":{"line":151,"column":37},"end":{"line":151,"column":69}},"56":{"start":{"line":152,"column":33},"end":{"line":152,"column":63}},"57":{"start":{"line":154,"column":25},"end":{"line":154,"column":53}},"58":{"start":{"line":155,"column":23},"end":{"line":155,"column":47}},"59":{"start":{"line":157,"column":4},"end":{"line":180,"column":5}},"60":{"start":{"line":158,"column":28},"end":{"line":158,"column":62}},"61":{"start":{"line":159,"column":26},"end":{"line":159,"column":71}},"62":{"start":{"line":162,"column":26},"end":{"line":164,"column":8}},"63":{"start":{"line":163,"column":8},"end":{"line":163,"column":101}},"64":{"start":{"line":167,"column":24},"end":{"line":169,"column":8}},"65":{"start":{"line":168,"column":8},"end":{"line":168,"column":101}},"66":{"start":{"line":171,"column":6},"end":{"line":177,"column":7}},"67":{"start":{"line":172,"column":8},"end":{"line":176,"column":11}},"68":{"start":{"line":179,"column":6},"end":{"line":179,"column":27}},"69":{"start":{"line":182,"column":4},"end":{"line":182,"column":17}},"70":{"start":{"line":185,"column":18},"end":{"line":189,"column":3}},"71":{"start":{"line":186,"column":18},"end":{"line":186,"column":42}},"72":{"start":{"line":187,"column":17},"end":{"line":187,"column":29}},"73":{"start":{"line":188,"column":4},"end":{"line":188,"column":86}},"74":{"start":{"line":191,"column":21},"end":{"line":193,"column":3}},"75":{"start":{"line":192,"column":4},"end":{"line":192,"column":42}},"76":{"start":{"line":196,"column":18},"end":{"line":356,"column":3}},"77":{"start":{"line":197,"column":4},"end":{"line":355,"column":5}},"78":{"start":{"line":198,"column":23},"end":{"line":198,"column":35}},"79":{"start":{"line":201,"column":6},"end":{"line":203,"column":7}},"80":{"start":{"line":202,"column":8},"end":{"line":202,"column":81}},"81":{"start":{"line":205,"column":84},"end":{"line":205,"column":92}},"82":{"start":{"line":208,"column":22},"end":{"line":208,"column":81}},"83":{"start":{"line":209,"column":6},"end":{"line":211,"column":7}},"84":{"start":{"line":210,"column":8},"end":{"line":210,"column":70}},"85":{"start":{"line":214,"column":31},"end":{"line":214,"column":63}},"86":{"start":{"line":215,"column":27},"end":{"line":215,"column":68}},"87":{"start":{"line":216,"column":22},"end":{"line":216,"column":54}},"88":{"start":{"line":219,"column":19},"end":{"line":219,"column":42}},"89":{"start":{"line":220,"column":25},"end":{"line":220,"column":39}},"90":{"start":{"line":221,"column":6},"end":{"line":221,"column":38}},"91":{"start":{"line":222,"column":23},"end":{"line":222,"column":37}},"92":{"start":{"line":223,"column":6},"end":{"line":223,"column":41}},"93":{"start":{"line":227,"column":33},"end":{"line":234,"column":8}},"94":{"start":{"line":236,"column":6},"end":{"line":238,"column":7}},"95":{"start":{"line":237,"column":8},"end":{"line":237,"column":85}},"96":{"start":{"line":241,"column":32},"end":{"line":243,"column":7}},"97":{"start":{"line":242,"column":16},"end":{"line":242,"column":39}},"98":{"start":{"line":244,"column":20},"end":{"line":244,"column":99}},"99":{"start":{"line":247,"column":22},"end":{"line":259,"column":8}},"100":{"start":{"line":262,"column":6},"end":{"line":274,"column":7}},"101":{"start":{"line":264,"column":8},"end":{"line":267,"column":11}},"102":{"start":{"line":269,"column":8},"end":{"line":273,"column":11}},"103":{"start":{"line":277,"column":19},"end":{"line":277,"column":48}},"104":{"start":{"line":280,"column":6},"end":{"line":294,"column":7}},"105":{"start":{"line":281,"column":8},"end":{"line":281,"column":74}},"106":{"start":{"line":283,"column":8},"end":{"line":289,"column":11}},"107":{"start":{"line":291,"column":8},"end":{"line":293,"column":11}},"108":{"start":{"line":297,"column":28},"end":{"line":311,"column":8}},"109":{"start":{"line":314,"column":22},"end":{"line":327,"column":8}},"110":{"start":{"line":330,"column":6},"end":{"line":330,"column":38}},"111":{"start":{"line":331,"column":6},"end":{"line":331,"column":27}},"112":{"start":{"line":333,"column":6},"end":{"line":336,"column":9}},"113":{"start":{"line":338,"column":6},"end":{"line":348,"column":9}},"114":{"start":{"line":351,"column":6},"end":{"line":351,"column":55}},"115":{"start":{"line":353,"column":6},"end":{"line":353,"column":52}},"116":{"start":{"line":354,"column":6},"end":{"line":354,"column":55}},"117":{"start":{"line":359,"column":20},"end":{"line":391,"column":3}},"118":{"start":{"line":360,"column":4},"end":{"line":390,"column":5}},"119":{"start":{"line":361,"column":21},"end":{"line":361,"column":33}},"120":{"start":{"line":362,"column":47},"end":{"line":362,"column":56}},"121":{"start":{"line":364,"column":18},"end":{"line":364,"column":38}},"122":{"start":{"line":365,"column":6},"end":{"line":367,"column":7}},"123":{"start":{"line":366,"column":8},"end":{"line":366,"column":30}},"124":{"start":{"line":369,"column":23},"end":{"line":374,"column":53}},"125":{"start":{"line":376,"column":20},"end":{"line":376,"column":55}},"126":{"start":{"line":378,"column":6},"end":{"line":386,"column":9}},"127":{"start":{"line":388,"column":6},"end":{"line":388,"column":55}},"128":{"start":{"line":389,"column":6},"end":{"line":389,"column":55}},"129":{"start":{"line":394,"column":23},"end":{"line":434,"column":3}},"130":{"start":{"line":395,"column":4},"end":{"line":433,"column":5}},"131":{"start":{"line":396,"column":24},"end":{"line":396,"column":36}},"132":{"start":{"line":397,"column":53},"end":{"line":397,"column":62}},"133":{"start":{"line":399,"column":18},"end":{"line":399,"column":31}},"134":{"start":{"line":400,"column":6},"end":{"line":402,"column":7}},"135":{"start":{"line":401,"column":8},"end":{"line":401,"column":30}},"136":{"start":{"line":404,"column":6},"end":{"line":411,"column":7}},"137":{"start":{"line":405,"column":30},"end":{"line":405,"column":44}},"138":{"start":{"line":406,"column":27},"end":{"line":406,"column":50}},"139":{"start":{"line":407,"column":8},"end":{"line":407,"column":40}},"140":{"start":{"line":408,"column":25},"end":{"line":408,"column":48}},"141":{"start":{"line":409,"column":8},"end":{"line":409,"column":43}},"142":{"start":{"line":410,"column":8},"end":{"line":410,"column":67}},"143":{"start":{"line":413,"column":23},"end":{"line":417,"column":53}},"144":{"start":{"line":419,"column":20},"end":{"line":419,"column":55}},"145":{"start":{"line":421,"column":6},"end":{"line":429,"column":9}},"146":{"start":{"line":431,"column":6},"end":{"line":431,"column":58}},"147":{"start":{"line":432,"column":6},"end":{"line":432,"column":55}},"148":{"start":{"line":437,"column":24},"end":{"line":503,"column":3}},"149":{"start":{"line":438,"column":4},"end":{"line":502,"column":5}},"150":{"start":{"line":439,"column":28},"end":{"line":439,"column":38}},"151":{"start":{"line":440,"column":47},"end":{"line":440,"column":55}},"152":{"start":{"line":441,"column":21},"end":{"line":441,"column":33}},"153":{"start":{"line":443,"column":22},"end":{"line":443,"column":55}},"154":{"start":{"line":444,"column":6},"end":{"line":446,"column":7}},"155":{"start":{"line":445,"column":8},"end":{"line":445,"column":70}},"156":{"start":{"line":449,"column":24},"end":{"line":449,"column":74}},"157":{"start":{"line":450,"column":23},"end":{"line":450,"column":72}},"158":{"start":{"line":452,"column":6},"end":{"line":454,"column":7}},"159":{"start":{"line":453,"column":8},"end":{"line":453,"column":67}},"160":{"start":{"line":457,"column":31},"end":{"line":463,"column":7}},"161":{"start":{"line":465,"column":6},"end":{"line":467,"column":7}},"162":{"start":{"line":466,"column":8},"end":{"line":466,"column":78}},"163":{"start":{"line":470,"column":6},"end":{"line":470,"column":30}},"164":{"start":{"line":471,"column":6},"end":{"line":471,"column":60}},"165":{"start":{"line":471,"column":24},"end":{"line":471,"column":60}},"166":{"start":{"line":473,"column":6},"end":{"line":477,"column":7}},"167":{"start":{"line":474,"column":8},"end":{"line":474,"column":44}},"168":{"start":{"line":475,"column":8},"end":{"line":475,"column":37}},"169":{"start":{"line":476,"column":8},"end":{"line":476,"column":41}},"170":{"start":{"line":479,"column":6},"end":{"line":487,"column":7}},"171":{"start":{"line":481,"column":8},"end":{"line":486,"column":11}},"172":{"start":{"line":489,"column":6},"end":{"line":489,"column":27}},"173":{"start":{"line":490,"column":6},"end":{"line":493,"column":9}},"174":{"start":{"line":495,"column":6},"end":{"line":498,"column":9}},"175":{"start":{"line":500,"column":6},"end":{"line":500,"column":59}},"176":{"start":{"line":501,"column":6},"end":{"line":501,"column":55}},"177":{"start":{"line":506,"column":16},"end":{"line":570,"column":3}},"178":{"start":{"line":507,"column":4},"end":{"line":569,"column":5}},"179":{"start":{"line":508,"column":28},"end":{"line":508,"column":38}},"180":{"start":{"line":509,"column":34},"end":{"line":509,"column":42}},"181":{"start":{"line":510,"column":21},"end":{"line":510,"column":33}},"182":{"start":{"line":512,"column":6},"end":{"line":514,"column":7}},"183":{"start":{"line":513,"column":8},"end":{"line":513,"column":83}},"184":{"start":{"line":516,"column":22},"end":{"line":516,"column":55}},"185":{"start":{"line":517,"column":6},"end":{"line":519,"column":7}},"186":{"start":{"line":518,"column":8},"end":{"line":518,"column":70}},"187":{"start":{"line":522,"column":6},"end":{"line":524,"column":7}},"188":{"start":{"line":523,"column":8},"end":{"line":523,"column":67}},"189":{"start":{"line":526,"column":6},"end":{"line":528,"column":7}},"190":{"start":{"line":527,"column":8},"end":{"line":527,"column":85}},"191":{"start":{"line":530,"column":6},"end":{"line":532,"column":7}},"192":{"start":{"line":531,"column":8},"end":{"line":531,"column":91}},"193":{"start":{"line":535,"column":6},"end":{"line":535,"column":91}},"194":{"start":{"line":536,"column":6},"end":{"line":536,"column":27}},"195":{"start":{"line":539,"column":28},"end":{"line":543,"column":34}},"196":{"start":{"line":545,"column":25},"end":{"line":545,"column":45}},"197":{"start":{"line":546,"column":23},"end":{"line":546,"column":93}},"198":{"start":{"line":546,"column":57},"end":{"line":546,"column":89}},"199":{"start":{"line":547,"column":25},"end":{"line":549,"column":11}},"200":{"start":{"line":551,"column":6},"end":{"line":554,"column":9}},"201":{"start":{"line":556,"column":6},"end":{"line":559,"column":9}},"202":{"start":{"line":561,"column":6},"end":{"line":565,"column":9}},"203":{"start":{"line":567,"column":6},"end":{"line":567,"column":50}},"204":{"start":{"line":568,"column":6},"end":{"line":568,"column":55}},"205":{"start":{"line":573,"column":23},"end":{"line":635,"column":3}},"206":{"start":{"line":574,"column":4},"end":{"line":634,"column":5}},"207":{"start":{"line":575,"column":6},"end":{"line":575,"column":57}},"208":{"start":{"line":576,"column":6},"end":{"line":576,"column":45}},"209":{"start":{"line":577,"column":6},"end":{"line":577,"column":70}},"210":{"start":{"line":579,"column":24},"end":{"line":579,"column":36}},"211":{"start":{"line":580,"column":31},"end":{"line":580,"column":39}},"212":{"start":{"line":582,"column":6},"end":{"line":585,"column":7}},"213":{"start":{"line":583,"column":8},"end":{"line":583,"column":55}},"214":{"start":{"line":584,"column":8},"end":{"line":584,"column":82}},"215":{"start":{"line":587,"column":6},"end":{"line":587,"column":49}},"216":{"start":{"line":588,"column":22},"end":{"line":588,"column":52}},"217":{"start":{"line":590,"column":6},"end":{"line":593,"column":7}},"218":{"start":{"line":591,"column":8},"end":{"line":591,"column":55}},"219":{"start":{"line":592,"column":8},"end":{"line":592,"column":70}},"220":{"start":{"line":595,"column":6},"end":{"line":598,"column":7}},"221":{"start":{"line":596,"column":8},"end":{"line":596,"column":66}},"222":{"start":{"line":597,"column":8},"end":{"line":597,"column":74}},"223":{"start":{"line":600,"column":6},"end":{"line":600,"column":81}},"224":{"start":{"line":601,"column":6},"end":{"line":601,"column":53}},"225":{"start":{"line":603,"column":6},"end":{"line":603,"column":57}},"226":{"start":{"line":605,"column":6},"end":{"line":605,"column":39}},"227":{"start":{"line":606,"column":6},"end":{"line":606,"column":27}},"228":{"start":{"line":607,"column":6},"end":{"line":607,"column":48}},"229":{"start":{"line":610,"column":6},"end":{"line":620,"column":7}},"230":{"start":{"line":611,"column":8},"end":{"line":611,"column":46}},"231":{"start":{"line":612,"column":8},"end":{"line":615,"column":11}},"232":{"start":{"line":616,"column":8},"end":{"line":616,"column":42}},"233":{"start":{"line":618,"column":8},"end":{"line":618,"column":54}},"234":{"start":{"line":622,"column":6},"end":{"line":622,"column":46}},"235":{"start":{"line":623,"column":6},"end":{"line":626,"column":9}},"236":{"start":{"line":628,"column":6},"end":{"line":628,"column":57}},"237":{"start":{"line":629,"column":6},"end":{"line":629,"column":49}},"238":{"start":{"line":630,"column":6},"end":{"line":633,"column":9}},"239":{"start":{"line":638,"column":19},"end":{"line":664,"column":3}},"240":{"start":{"line":639,"column":4},"end":{"line":663,"column":5}},"241":{"start":{"line":640,"column":24},"end":{"line":640,"column":36}},"242":{"start":{"line":641,"column":51},"end":{"line":641,"column":59}},"243":{"start":{"line":643,"column":22},"end":{"line":643,"column":52}},"244":{"start":{"line":644,"column":6},"end":{"line":646,"column":7}},"245":{"start":{"line":645,"column":8},"end":{"line":645,"column":70}},"246":{"start":{"line":648,"column":6},"end":{"line":653,"column":9}},"247":{"start":{"line":654,"column":6},"end":{"line":654,"column":27}},"248":{"start":{"line":656,"column":6},"end":{"line":659,"column":9}},"249":{"start":{"line":661,"column":6},"end":{"line":661,"column":54}},"250":{"start":{"line":662,"column":6},"end":{"line":662,"column":55}},"251":{"start":{"line":667,"column":18},"end":{"line":706,"column":3}},"252":{"start":{"line":668,"column":4},"end":{"line":705,"column":5}},"253":{"start":{"line":669,"column":24},"end":{"line":669,"column":36}},"254":{"start":{"line":670,"column":43},"end":{"line":670,"column":51}},"255":{"start":{"line":672,"column":22},"end":{"line":672,"column":52}},"256":{"start":{"line":673,"column":6},"end":{"line":675,"column":7}},"257":{"start":{"line":674,"column":8},"end":{"line":674,"column":70}},"258":{"start":{"line":677,"column":6},"end":{"line":679,"column":7}},"259":{"start":{"line":678,"column":8},"end":{"line":678,"column":59}},"260":{"start":{"line":680,"column":6},"end":{"line":682,"column":7}},"261":{"start":{"line":681,"column":8},"end":{"line":681,"column":55}},"262":{"start":{"line":684,"column":6},"end":{"line":684,"column":27}},"263":{"start":{"line":687,"column":6},"end":{"line":695,"column":7}},"264":{"start":{"line":688,"column":8},"end":{"line":691,"column":11}},"265":{"start":{"line":693,"column":8},"end":{"line":693,"column":54}},"266":{"start":{"line":697,"column":6},"end":{"line":701,"column":9}},"267":{"start":{"line":703,"column":6},"end":{"line":703,"column":52}},"268":{"start":{"line":704,"column":6},"end":{"line":704,"column":55}},"269":{"start":{"line":709,"column":28},"end":{"line":762,"column":3}},"270":{"start":{"line":710,"column":4},"end":{"line":761,"column":5}},"271":{"start":{"line":711,"column":28},"end":{"line":711,"column":38}},"272":{"start":{"line":712,"column":21},"end":{"line":712,"column":33}},"273":{"start":{"line":714,"column":22},"end":{"line":714,"column":81}},"274":{"start":{"line":715,"column":6},"end":{"line":715,"column":82}},"275":{"start":{"line":715,"column":20},"end":{"line":715,"column":82}},"276":{"start":{"line":717,"column":6},"end":{"line":719,"column":7}},"277":{"start":{"line":718,"column":8},"end":{"line":718,"column":73}},"278":{"start":{"line":722,"column":22},"end":{"line":726,"column":8}},"279":{"start":{"line":728,"column":6},"end":{"line":728,"column":89}},"280":{"start":{"line":728,"column":20},"end":{"line":728,"column":89}},"281":{"start":{"line":731,"column":6},"end":{"line":737,"column":7}},"282":{"start":{"line":732,"column":8},"end":{"line":736,"column":11}},"283":{"start":{"line":740,"column":31},"end":{"line":742,"column":62}},"284":{"start":{"line":744,"column":6},"end":{"line":746,"column":7}},"285":{"start":{"line":745,"column":8},"end":{"line":745,"column":82}},"286":{"start":{"line":748,"column":17},"end":{"line":748,"column":84}},"287":{"start":{"line":749,"column":6},"end":{"line":751,"column":7}},"288":{"start":{"line":750,"column":8},"end":{"line":750,"column":78}},"289":{"start":{"line":753,"column":6},"end":{"line":757,"column":9}},"290":{"start":{"line":759,"column":6},"end":{"line":759,"column":61}},"291":{"start":{"line":760,"column":6},"end":{"line":760,"column":55}},"292":{"start":{"line":765,"column":20},"end":{"line":805,"column":3}},"293":{"start":{"line":766,"column":4},"end":{"line":804,"column":5}},"294":{"start":{"line":767,"column":24},"end":{"line":767,"column":36}},"295":{"start":{"line":768,"column":37},"end":{"line":768,"column":46}},"296":{"start":{"line":770,"column":23},"end":{"line":770,"column":36}},"297":{"start":{"line":771,"column":6},"end":{"line":776,"column":7}},"298":{"start":{"line":772,"column":8},"end":{"line":775,"column":10}},"299":{"start":{"line":778,"column":20},"end":{"line":787,"column":8}},"300":{"start":{"line":789,"column":28},"end":{"line":789,"column":71}},"301":{"start":{"line":790,"column":31},"end":{"line":794,"column":8}},"302":{"start":{"line":796,"column":6},"end":{"line":800,"column":9}},"303":{"start":{"line":802,"column":6},"end":{"line":802,"column":55}},"304":{"start":{"line":803,"column":6},"end":{"line":803,"column":55}},"305":{"start":{"line":808,"column":26},"end":{"line":913,"column":3}},"306":{"start":{"line":809,"column":4},"end":{"line":912,"column":5}},"307":{"start":{"line":810,"column":28},"end":{"line":810,"column":38}},"308":{"start":{"line":811,"column":34},"end":{"line":811,"column":42}},"309":{"start":{"line":812,"column":21},"end":{"line":812,"column":33}},"310":{"start":{"line":814,"column":22},"end":{"line":814,"column":55}},"311":{"start":{"line":815,"column":6},"end":{"line":815,"column":82}},"312":{"start":{"line":815,"column":20},"end":{"line":815,"column":82}},"313":{"start":{"line":817,"column":6},"end":{"line":819,"column":7}},"314":{"start":{"line":818,"column":8},"end":{"line":818,"column":67}},"315":{"start":{"line":822,"column":6},"end":{"line":828,"column":7}},"316":{"start":{"line":823,"column":8},"end":{"line":826,"column":11}},"317":{"start":{"line":827,"column":8},"end":{"line":827,"column":96}},"318":{"start":{"line":831,"column":31},"end":{"line":833,"column":62}},"319":{"start":{"line":835,"column":6},"end":{"line":859,"column":7}},"320":{"start":{"line":836,"column":30},"end":{"line":836,"column":83}},"321":{"start":{"line":838,"column":8},"end":{"line":851,"column":9}},"322":{"start":{"line":839,"column":10},"end":{"line":839,"column":39}},"323":{"start":{"line":840,"column":10},"end":{"line":840,"column":43}},"324":{"start":{"line":841,"column":10},"end":{"line":841,"column":62}},"325":{"start":{"line":842,"column":10},"end":{"line":842,"column":39}},"326":{"start":{"line":843,"column":10},"end":{"line":843,"column":43}},"327":{"start":{"line":844,"column":10},"end":{"line":844,"column":31}},"328":{"start":{"line":845,"column":10},"end":{"line":848,"column":12}},"329":{"start":{"line":849,"column":10},"end":{"line":849,"column":63}},"330":{"start":{"line":850,"column":10},"end":{"line":850,"column":113}},"331":{"start":{"line":853,"column":8},"end":{"line":858,"column":9}},"332":{"start":{"line":854,"column":10},"end":{"line":857,"column":13}},"333":{"start":{"line":862,"column":6},"end":{"line":862,"column":35}},"334":{"start":{"line":863,"column":6},"end":{"line":863,"column":37}},"335":{"start":{"line":864,"column":6},"end":{"line":864,"column":27}},"336":{"start":{"line":867,"column":28},"end":{"line":871,"column":70}},"337":{"start":{"line":873,"column":6},"end":{"line":876,"column":9}},"338":{"start":{"line":879,"column":26},"end":{"line":879,"column":30}},"339":{"start":{"line":880,"column":6},"end":{"line":893,"column":7}},"340":{"start":{"line":881,"column":8},"end":{"line":892,"column":9}},"341":{"start":{"line":882,"column":45},"end":{"line":882,"column":90}},"342":{"start":{"line":883,"column":26},"end":{"line":883,"column":69}},"343":{"start":{"line":884,"column":10},"end":{"line":884,"column":87}},"344":{"start":{"line":885,"column":10},"end":{"line":889,"column":13}},"345":{"start":{"line":891,"column":10},"end":{"line":891,"column":85}},"346":{"start":{"line":896,"column":6},"end":{"line":902,"column":9}},"347":{"start":{"line":904,"column":6},"end":{"line":908,"column":9}},"348":{"start":{"line":910,"column":6},"end":{"line":910,"column":61}},"349":{"start":{"line":911,"column":6},"end":{"line":911,"column":55}},"350":{"start":{"line":918,"column":28},"end":{"line":1036,"column":3}},"351":{"start":{"line":919,"column":4},"end":{"line":1035,"column":5}},"352":{"start":{"line":920,"column":28},"end":{"line":920,"column":38}},"353":{"start":{"line":921,"column":25},"end":{"line":921,"column":33}},"354":{"start":{"line":922,"column":21},"end":{"line":922,"column":33}},"355":{"start":{"line":924,"column":22},"end":{"line":927,"column":43}},"356":{"start":{"line":929,"column":6},"end":{"line":929,"column":82}},"357":{"start":{"line":929,"column":20},"end":{"line":929,"column":82}},"358":{"start":{"line":932,"column":6},"end":{"line":934,"column":7}},"359":{"start":{"line":933,"column":8},"end":{"line":933,"column":67}},"360":{"start":{"line":936,"column":6},"end":{"line":938,"column":7}},"361":{"start":{"line":937,"column":8},"end":{"line":937,"column":79}},"362":{"start":{"line":940,"column":25},"end":{"line":940,"column":27}},"363":{"start":{"line":941,"column":32},"end":{"line":941,"column":33}},"364":{"start":{"line":942,"column":27},"end":{"line":942,"column":31}},"365":{"start":{"line":943,"column":28},"end":{"line":943,"column":33}},"366":{"start":{"line":946,"column":6},"end":{"line":984,"column":7}},"367":{"start":{"line":947,"column":24},"end":{"line":947,"column":65}},"368":{"start":{"line":949,"column":8},"end":{"line":983,"column":9}},"369":{"start":{"line":950,"column":10},"end":{"line":950,"column":78}},"370":{"start":{"line":952,"column":10},"end":{"line":982,"column":11}},"371":{"start":{"line":953,"column":27},"end":{"line":964,"column":14}},"372":{"start":{"line":966,"column":12},"end":{"line":966,"column":39}},"373":{"start":{"line":967,"column":12},"end":{"line":967,"column":35}},"374":{"start":{"line":969,"column":12},"end":{"line":976,"column":15}},"375":{"start":{"line":978,"column":12},"end":{"line":978,"column":47}},"376":{"start":{"line":980,"column":12},"end":{"line":980,"column":85}},"377":{"start":{"line":987,"column":6},"end":{"line":987,"column":35}},"378":{"start":{"line":988,"column":6},"end":{"line":988,"column":65}},"379":{"start":{"line":989,"column":6},"end":{"line":989,"column":35}},"380":{"start":{"line":990,"column":6},"end":{"line":990,"column":39}},"381":{"start":{"line":991,"column":6},"end":{"line":991,"column":39}},"382":{"start":{"line":992,"column":6},"end":{"line":992,"column":66}},"383":{"start":{"line":993,"column":6},"end":{"line":993,"column":27}},"384":{"start":{"line":996,"column":34},"end":{"line":996,"column":72}},"385":{"start":{"line":997,"column":36},"end":{"line":997,"column":62}},"386":{"start":{"line":998,"column":30},"end":{"line":998,"column":84}},"387":{"start":{"line":1000,"column":6},"end":{"line":1008,"column":9}},"388":{"start":{"line":1011,"column":24},"end":{"line":1011,"column":89}},"389":{"start":{"line":1012,"column":6},"end":{"line":1017,"column":9}},"390":{"start":{"line":1019,"column":6},"end":{"line":1031,"column":9}},"391":{"start":{"line":1033,"column":6},"end":{"line":1033,"column":59}},"392":{"start":{"line":1034,"column":6},"end":{"line":1034,"column":55}},"393":{"start":{"line":1041,"column":27},"end":{"line":1155,"column":3}},"394":{"start":{"line":1042,"column":4},"end":{"line":1154,"column":5}},"395":{"start":{"line":1043,"column":28},"end":{"line":1043,"column":38}},"396":{"start":{"line":1044,"column":25},"end":{"line":1044,"column":33}},"397":{"start":{"line":1045,"column":21},"end":{"line":1045,"column":33}},"398":{"start":{"line":1047,"column":22},"end":{"line":1050,"column":43}},"399":{"start":{"line":1052,"column":6},"end":{"line":1052,"column":82}},"400":{"start":{"line":1052,"column":20},"end":{"line":1052,"column":82}},"401":{"start":{"line":1055,"column":6},"end":{"line":1057,"column":7}},"402":{"start":{"line":1056,"column":8},"end":{"line":1056,"column":67}},"403":{"start":{"line":1059,"column":6},"end":{"line":1061,"column":7}},"404":{"start":{"line":1060,"column":8},"end":{"line":1060,"column":79}},"405":{"start":{"line":1063,"column":25},"end":{"line":1063,"column":28}},"406":{"start":{"line":1064,"column":32},"end":{"line":1064,"column":33}},"407":{"start":{"line":1065,"column":27},"end":{"line":1065,"column":31}},"408":{"start":{"line":1066,"column":28},"end":{"line":1066,"column":33}},"409":{"start":{"line":1069,"column":6},"end":{"line":1106,"column":7}},"410":{"start":{"line":1070,"column":24},"end":{"line":1070,"column":65}},"411":{"start":{"line":1072,"column":8},"end":{"line":1105,"column":9}},"412":{"start":{"line":1073,"column":10},"end":{"line":1073,"column":47}},"413":{"start":{"line":1075,"column":10},"end":{"line":1104,"column":11}},"414":{"start":{"line":1076,"column":27},"end":{"line":1087,"column":14}},"415":{"start":{"line":1089,"column":12},"end":{"line":1089,"column":39}},"416":{"start":{"line":1090,"column":12},"end":{"line":1090,"column":35}},"417":{"start":{"line":1092,"column":12},"end":{"line":1099,"column":15}},"418":{"start":{"line":1101,"column":12},"end":{"line":1101,"column":47}},"419":{"start":{"line":1103,"column":12},"end":{"line":1103,"column":88}},"420":{"start":{"line":1109,"column":6},"end":{"line":1109,"column":35}},"421":{"start":{"line":1110,"column":6},"end":{"line":1110,"column":68}},"422":{"start":{"line":1111,"column":6},"end":{"line":1111,"column":35}},"423":{"start":{"line":1112,"column":6},"end":{"line":1112,"column":42}},"424":{"start":{"line":1113,"column":6},"end":{"line":1113,"column":39}},"425":{"start":{"line":1114,"column":6},"end":{"line":1114,"column":66}},"426":{"start":{"line":1115,"column":6},"end":{"line":1115,"column":27}},"427":{"start":{"line":1118,"column":34},"end":{"line":1118,"column":72}},"428":{"start":{"line":1120,"column":6},"end":{"line":1128,"column":9}},"429":{"start":{"line":1131,"column":23},"end":{"line":1131,"column":86}},"430":{"start":{"line":1132,"column":6},"end":{"line":1137,"column":9}},"431":{"start":{"line":1139,"column":6},"end":{"line":1150,"column":9}},"432":{"start":{"line":1152,"column":6},"end":{"line":1152,"column":62}},"433":{"start":{"line":1153,"column":6},"end":{"line":1153,"column":55}}},"fnMap":{"0":{"name":"(anonymous_0)","decl":{"start":{"line":9,"column":19},"end":{"line":9,"column":20}},"loc":{"start":{"line":9,"column":39},"end":{"line":44,"column":3}},"line":9},"1":{"name":"(anonymous_1)","decl":{"start":{"line":47,"column":19},"end":{"line":47,"column":20}},"loc":{"start":{"line":47,"column":39},"end":{"line":86,"column":3}},"line":47},"2":{"name":"(anonymous_2)","decl":{"start":{"line":89,"column":22},"end":{"line":89,"column":23}},"loc":{"start":{"line":89,"column":42},"end":{"line":146,"column":3}},"line":89},"3":{"name":"(anonymous_3)","decl":{"start":{"line":108,"column":8},"end":{"line":108,"column":9}},"loc":{"start":{"line":108,"column":19},"end":{"line":108,"column":61}},"line":108},"4":{"name":"(anonymous_4)","decl":{"start":{"line":129,"column":8},"end":{"line":129,"column":9}},"loc":{"start":{"line":129,"column":18},"end":{"line":129,"column":85}},"line":129},"5":{"name":"(anonymous_5)","decl":{"start":{"line":149,"column":22},"end":{"line":149,"column":23}},"loc":{"start":{"line":149,"column":88},"end":{"line":183,"column":3}},"line":149},"6":{"name":"(anonymous_6)","decl":{"start":{"line":162,"column":48},"end":{"line":162,"column":49}},"loc":{"start":{"line":162,"column":61},"end":{"line":164,"column":7}},"line":162},"7":{"name":"(anonymous_7)","decl":{"start":{"line":167,"column":42},"end":{"line":167,"column":43}},"loc":{"start":{"line":167,"column":55},"end":{"line":169,"column":7}},"line":167},"8":{"name":"(anonymous_8)","decl":{"start":{"line":185,"column":18},"end":{"line":185,"column":19}},"loc":{"start":{"line":185,"column":31},"end":{"line":189,"column":3}},"line":185},"9":{"name":"(anonymous_9)","decl":{"start":{"line":191,"column":21},"end":{"line":191,"column":22}},"loc":{"start":{"line":191,"column":53},"end":{"line":193,"column":3}},"line":191},"10":{"name":"(anonymous_10)","decl":{"start":{"line":196,"column":18},"end":{"line":196,"column":19}},"loc":{"start":{"line":196,"column":38},"end":{"line":356,"column":3}},"line":196},"11":{"name":"(anonymous_11)","decl":{"start":{"line":242,"column":8},"end":{"line":242,"column":9}},"loc":{"start":{"line":242,"column":16},"end":{"line":242,"column":39}},"line":242},"12":{"name":"(anonymous_12)","decl":{"start":{"line":359,"column":20},"end":{"line":359,"column":21}},"loc":{"start":{"line":359,"column":40},"end":{"line":391,"column":3}},"line":359},"13":{"name":"(anonymous_13)","decl":{"start":{"line":394,"column":23},"end":{"line":394,"column":24}},"loc":{"start":{"line":394,"column":43},"end":{"line":434,"column":3}},"line":394},"14":{"name":"(anonymous_14)","decl":{"start":{"line":437,"column":24},"end":{"line":437,"column":25}},"loc":{"start":{"line":437,"column":44},"end":{"line":503,"column":3}},"line":437},"15":{"name":"(anonymous_15)","decl":{"start":{"line":506,"column":16},"end":{"line":506,"column":17}},"loc":{"start":{"line":506,"column":36},"end":{"line":570,"column":3}},"line":506},"16":{"name":"(anonymous_16)","decl":{"start":{"line":546,"column":44},"end":{"line":546,"column":45}},"loc":{"start":{"line":546,"column":57},"end":{"line":546,"column":89}},"line":546},"17":{"name":"(anonymous_17)","decl":{"start":{"line":573,"column":23},"end":{"line":573,"column":24}},"loc":{"start":{"line":573,"column":43},"end":{"line":635,"column":3}},"line":573},"18":{"name":"(anonymous_18)","decl":{"start":{"line":638,"column":19},"end":{"line":638,"column":20}},"loc":{"start":{"line":638,"column":39},"end":{"line":664,"column":3}},"line":638},"19":{"name":"(anonymous_19)","decl":{"start":{"line":667,"column":18},"end":{"line":667,"column":19}},"loc":{"start":{"line":667,"column":38},"end":{"line":706,"column":3}},"line":667},"20":{"name":"(anonymous_20)","decl":{"start":{"line":709,"column":28},"end":{"line":709,"column":29}},"loc":{"start":{"line":709,"column":48},"end":{"line":762,"column":3}},"line":709},"21":{"name":"(anonymous_21)","decl":{"start":{"line":765,"column":20},"end":{"line":765,"column":21}},"loc":{"start":{"line":765,"column":40},"end":{"line":805,"column":3}},"line":765},"22":{"name":"(anonymous_22)","decl":{"start":{"line":808,"column":26},"end":{"line":808,"column":27}},"loc":{"start":{"line":808,"column":46},"end":{"line":913,"column":3}},"line":808},"23":{"name":"(anonymous_23)","decl":{"start":{"line":918,"column":28},"end":{"line":918,"column":29}},"loc":{"start":{"line":918,"column":48},"end":{"line":1036,"column":3}},"line":918},"24":{"name":"(anonymous_24)","decl":{"start":{"line":1041,"column":27},"end":{"line":1041,"column":28}},"loc":{"start":{"line":1041,"column":47},"end":{"line":1155,"column":3}},"line":1041}},"branchMap":{"0":{"loc":{"start":{"line":16,"column":6},"end":{"line":18,"column":7}},"type":"if","locations":[{"start":{"line":16,"column":6},"end":{"line":18,"column":7}},{"start":{},"end":{}}],"line":16},"1":{"loc":{"start":{"line":20,"column":6},"end":{"line":22,"column":7}},"type":"if","locations":[{"start":{"line":20,"column":6},"end":{"line":22,"column":7}},{"start":{},"end":{}}],"line":20},"2":{"loc":{"start":{"line":24,"column":6},"end":{"line":26,"column":7}},"type":"if","locations":[{"start":{"line":24,"column":6},"end":{"line":26,"column":7}},{"start":{},"end":{}}],"line":24},"3":{"loc":{"start":{"line":28,"column":6},"end":{"line":33,"column":7}},"type":"if","locations":[{"start":{"line":28,"column":6},"end":{"line":33,"column":7}},{"start":{},"end":{}}],"line":28},"4":{"loc":{"start":{"line":57,"column":6},"end":{"line":59,"column":7}},"type":"if","locations":[{"start":{"line":57,"column":6},"end":{"line":59,"column":7}},{"start":{},"end":{}}],"line":57},"5":{"loc":{"start":{"line":92,"column":20},"end":{"line":92,"column":33}},"type":"default-arg","locations":[{"start":{"line":92,"column":31},"end":{"line":92,"column":33}}],"line":92},"6":{"loc":{"start":{"line":94,"column":6},"end":{"line":96,"column":7}},"type":"if","locations":[{"start":{"line":94,"column":6},"end":{"line":96,"column":7}},{"start":{},"end":{}}],"line":94},"7":{"loc":{"start":{"line":99,"column":6},"end":{"line":101,"column":7}},"type":"if","locations":[{"start":{"line":99,"column":6},"end":{"line":101,"column":7}},{"start":{},"end":{}}],"line":99},"8":{"loc":{"start":{"line":99,"column":10},"end":{"line":99,"column":52}},"type":"binary-expr","locations":[{"start":{"line":99,"column":10},"end":{"line":99,"column":18}},{"start":{"line":99,"column":22},"end":{"line":99,"column":52}}],"line":99},"9":{"loc":{"start":{"line":108,"column":19},"end":{"line":108,"column":61}},"type":"binary-expr","locations":[{"start":{"line":108,"column":19},"end":{"line":108,"column":40}},{"start":{"line":108,"column":44},"end":{"line":108,"column":61}}],"line":108},"10":{"loc":{"start":{"line":111,"column":6},"end":{"line":113,"column":7}},"type":"if","locations":[{"start":{"line":111,"column":6},"end":{"line":113,"column":7}},{"start":{},"end":{}}],"line":111},"11":{"loc":{"start":{"line":171,"column":6},"end":{"line":177,"column":7}},"type":"if","locations":[{"start":{"line":171,"column":6},"end":{"line":177,"column":7}},{"start":{},"end":{}}],"line":171},"12":{"loc":{"start":{"line":171,"column":10},"end":{"line":171,"column":36}},"type":"binary-expr","locations":[{"start":{"line":171,"column":10},"end":{"line":171,"column":22}},{"start":{"line":171,"column":26},"end":{"line":171,"column":36}}],"line":171},"13":{"loc":{"start":{"line":192,"column":11},"end":{"line":192,"column":41}},"type":"binary-expr","locations":[{"start":{"line":192,"column":11},"end":{"line":192,"column":24}},{"start":{"line":192,"column":28},"end":{"line":192,"column":41}}],"line":192},"14":{"loc":{"start":{"line":201,"column":6},"end":{"line":203,"column":7}},"type":"if","locations":[{"start":{"line":201,"column":6},"end":{"line":203,"column":7}},{"start":{},"end":{}}],"line":201},"15":{"loc":{"start":{"line":209,"column":6},"end":{"line":211,"column":7}},"type":"if","locations":[{"start":{"line":209,"column":6},"end":{"line":211,"column":7}},{"start":{},"end":{}}],"line":209},"16":{"loc":{"start":{"line":236,"column":6},"end":{"line":238,"column":7}},"type":"if","locations":[{"start":{"line":236,"column":6},"end":{"line":238,"column":7}},{"start":{},"end":{}}],"line":236},"17":{"loc":{"start":{"line":244,"column":20},"end":{"line":244,"column":99}},"type":"cond-expr","locations":[{"start":{"line":244,"column":40},"end":{"line":244,"column":63}},{"start":{"line":244,"column":66},"end":{"line":244,"column":99}}],"line":244},"18":{"loc":{"start":{"line":262,"column":6},"end":{"line":274,"column":7}},"type":"if","locations":[{"start":{"line":262,"column":6},"end":{"line":274,"column":7}},{"start":{},"end":{}}],"line":262},"19":{"loc":{"start":{"line":262,"column":10},"end":{"line":262,"column":108}},"type":"binary-expr","locations":[{"start":{"line":262,"column":10},"end":{"line":262,"column":17}},{"start":{"line":262,"column":21},"end":{"line":262,"column":51}},{"start":{"line":262,"column":55},"end":{"line":262,"column":108}}],"line":262},"20":{"loc":{"start":{"line":280,"column":6},"end":{"line":294,"column":7}},"type":"if","locations":[{"start":{"line":280,"column":6},"end":{"line":294,"column":7}},{"start":{"line":282,"column":13},"end":{"line":294,"column":7}}],"line":280},"21":{"loc":{"start":{"line":362,"column":22},"end":{"line":362,"column":30}},"type":"default-arg","locations":[{"start":{"line":362,"column":29},"end":{"line":362,"column":30}}],"line":362},"22":{"loc":{"start":{"line":362,"column":32},"end":{"line":362,"column":42}},"type":"default-arg","locations":[{"start":{"line":362,"column":40},"end":{"line":362,"column":42}}],"line":362},"23":{"loc":{"start":{"line":365,"column":6},"end":{"line":367,"column":7}},"type":"if","locations":[{"start":{"line":365,"column":6},"end":{"line":367,"column":7}},{"start":{},"end":{}}],"line":365},"24":{"loc":{"start":{"line":397,"column":28},"end":{"line":397,"column":36}},"type":"default-arg","locations":[{"start":{"line":397,"column":35},"end":{"line":397,"column":36}}],"line":397},"25":{"loc":{"start":{"line":397,"column":38},"end":{"line":397,"column":48}},"type":"default-arg","locations":[{"start":{"line":397,"column":46},"end":{"line":397,"column":48}}],"line":397},"26":{"loc":{"start":{"line":400,"column":6},"end":{"line":402,"column":7}},"type":"if","locations":[{"start":{"line":400,"column":6},"end":{"line":402,"column":7}},{"start":{},"end":{}}],"line":400},"27":{"loc":{"start":{"line":404,"column":6},"end":{"line":411,"column":7}},"type":"if","locations":[{"start":{"line":404,"column":6},"end":{"line":411,"column":7}},{"start":{},"end":{}}],"line":404},"28":{"loc":{"start":{"line":444,"column":6},"end":{"line":446,"column":7}},"type":"if","locations":[{"start":{"line":444,"column":6},"end":{"line":446,"column":7}},{"start":{},"end":{}}],"line":444},"29":{"loc":{"start":{"line":452,"column":6},"end":{"line":454,"column":7}},"type":"if","locations":[{"start":{"line":452,"column":6},"end":{"line":454,"column":7}},{"start":{},"end":{}}],"line":452},"30":{"loc":{"start":{"line":452,"column":10},"end":{"line":452,"column":33}},"type":"binary-expr","locations":[{"start":{"line":452,"column":10},"end":{"line":452,"column":20}},{"start":{"line":452,"column":24},"end":{"line":452,"column":33}}],"line":452},"31":{"loc":{"start":{"line":465,"column":6},"end":{"line":467,"column":7}},"type":"if","locations":[{"start":{"line":465,"column":6},"end":{"line":467,"column":7}},{"start":{},"end":{}}],"line":465},"32":{"loc":{"start":{"line":471,"column":6},"end":{"line":471,"column":60}},"type":"if","locations":[{"start":{"line":471,"column":6},"end":{"line":471,"column":60}},{"start":{},"end":{}}],"line":471},"33":{"loc":{"start":{"line":473,"column":6},"end":{"line":477,"column":7}},"type":"if","locations":[{"start":{"line":473,"column":6},"end":{"line":477,"column":7}},{"start":{},"end":{}}],"line":473},"34":{"loc":{"start":{"line":479,"column":6},"end":{"line":487,"column":7}},"type":"if","locations":[{"start":{"line":479,"column":6},"end":{"line":487,"column":7}},{"start":{},"end":{}}],"line":479},"35":{"loc":{"start":{"line":512,"column":6},"end":{"line":514,"column":7}},"type":"if","locations":[{"start":{"line":512,"column":6},"end":{"line":514,"column":7}},{"start":{},"end":{}}],"line":512},"36":{"loc":{"start":{"line":512,"column":10},"end":{"line":512,"column":45}},"type":"binary-expr","locations":[{"start":{"line":512,"column":10},"end":{"line":512,"column":17}},{"start":{"line":512,"column":21},"end":{"line":512,"column":31}},{"start":{"line":512,"column":35},"end":{"line":512,"column":45}}],"line":512},"37":{"loc":{"start":{"line":517,"column":6},"end":{"line":519,"column":7}},"type":"if","locations":[{"start":{"line":517,"column":6},"end":{"line":519,"column":7}},{"start":{},"end":{}}],"line":517},"38":{"loc":{"start":{"line":522,"column":6},"end":{"line":524,"column":7}},"type":"if","locations":[{"start":{"line":522,"column":6},"end":{"line":524,"column":7}},{"start":{},"end":{}}],"line":522},"39":{"loc":{"start":{"line":526,"column":6},"end":{"line":528,"column":7}},"type":"if","locations":[{"start":{"line":526,"column":6},"end":{"line":528,"column":7}},{"start":{},"end":{}}],"line":526},"40":{"loc":{"start":{"line":530,"column":6},"end":{"line":532,"column":7}},"type":"if","locations":[{"start":{"line":530,"column":6},"end":{"line":532,"column":7}},{"start":{},"end":{}}],"line":530},"41":{"loc":{"start":{"line":535,"column":44},"end":{"line":535,"column":65}},"type":"binary-expr","locations":[{"start":{"line":535,"column":44},"end":{"line":535,"column":59}},{"start":{"line":535,"column":63},"end":{"line":535,"column":65}}],"line":535},"42":{"loc":{"start":{"line":546,"column":62},"end":{"line":546,"column":88}},"type":"binary-expr","locations":[{"start":{"line":546,"column":62},"end":{"line":546,"column":83}},{"start":{"line":546,"column":87},"end":{"line":546,"column":88}}],"line":546},"43":{"loc":{"start":{"line":547,"column":25},"end":{"line":549,"column":11}},"type":"cond-expr","locations":[{"start":{"line":548,"column":10},"end":{"line":548,"column":55}},{"start":{"line":549,"column":10},"end":{"line":549,"column":11}}],"line":547},"44":{"loc":{"start":{"line":582,"column":6},"end":{"line":585,"column":7}},"type":"if","locations":[{"start":{"line":582,"column":6},"end":{"line":585,"column":7}},{"start":{},"end":{}}],"line":582},"45":{"loc":{"start":{"line":590,"column":6},"end":{"line":593,"column":7}},"type":"if","locations":[{"start":{"line":590,"column":6},"end":{"line":593,"column":7}},{"start":{},"end":{}}],"line":590},"46":{"loc":{"start":{"line":595,"column":6},"end":{"line":598,"column":7}},"type":"if","locations":[{"start":{"line":595,"column":6},"end":{"line":598,"column":7}},{"start":{},"end":{}}],"line":595},"47":{
[...]
67}},"69":{"start":{"line":163,"column":6},"end":{"line":163,"column":64}},"70":{"start":{"line":168,"column":4},"end":{"line":179,"column":5}},"71":{"start":{"line":169,"column":25},"end":{"line":169,"column":29}},"72":{"start":{"line":170,"column":6},"end":{"line":170,"column":58}},"73":{"start":{"line":173,"column":6},"end":{"line":173,"column":85}},"74":{"start":{"line":176,"column":6},"end":{"line":176,"column":53}},"75":{"start":{"line":178,"column":6},"end":{"line":178,"column":60}},"76":{"start":{"line":183,"column":23},"end":{"line":183,"column":58}},"77":{"start":{"line":183,"column":46},"end":{"line":183,"column":57}},"78":{"start":{"line":185,"column":4},"end":{"line":196,"column":5}},"79":{"start":{"line":186,"column":6},"end":{"line":193,"column":8}},"80":{"start":{"line":195,"column":6},"end":{"line":195,"column":74}},"81":{"start":{"line":200,"column":23},"end":{"line":200,"column":58}},"82":{"start":{"line":200,"column":46},"end":{"line":200,"column":57}},"83":{"start":{"line":202,"column":4},"end":{"line":215,"column":5}},"84":{"start":{"line":204,"column":6},"end":{"line":212,"column":8}},"85":{"start":{"line":214,"column":6},"end":{"line":214,"column":58}},"86":{"start":{"line":220,"column":4},"end":{"line":228,"column":5}},"87":{"start":{"line":221,"column":26},"end":{"line":221,"column":30}},"88":{"start":{"line":222,"column":6},"end":{"line":222,"column":59}},"89":{"start":{"line":225,"column":6},"end":{"line":225,"column":57}},"90":{"start":{"line":227,"column":6},"end":{"line":227,"column":63}},"91":{"start":{"line":232,"column":4},"end":{"line":260,"column":5}},"92":{"start":{"line":233,"column":28},"end":{"line":233,"column":32}},"93":{"start":{"line":234,"column":6},"end":{"line":234,"column":68}},"94":{"start":{"line":236,"column":22},"end":{"line":236,"column":55}},"95":{"start":{"line":237,"column":6},"end":{"line":237,"column":27}},"96":{"start":{"line":237,"column":20},"end":{"line":237,"column":27}},"97":{"start":{"line":240,"column":19},"end":{"line":242,"column":8}},"98":{"start":{"line":244,"column":6},"end":{"line":254,"column":7}},"99":{"start":{"line":245,"column":28},"end":{"line":247,"column":9}},"100":{"start":{"line":246,"column":15},"end":{"line":246,"column":62}},"101":{"start":{"line":249,"column":8},"end":{"line":253,"column":9}},"102":{"start":{"line":250,"column":10},"end":{"line":250,"column":39}},"103":{"start":{"line":251,"column":10},"end":{"line":251,"column":28}},"104":{"start":{"line":252,"column":10},"end":{"line":252,"column":55}},"105":{"start":{"line":257,"column":6},"end":{"line":257,"column":61}},"106":{"start":{"line":259,"column":6},"end":{"line":259,"column":67}},"107":{"start":{"line":264,"column":4},"end":{"line":293,"column":5}},"108":{"start":{"line":265,"column":28},"end":{"line":265,"column":32}},"109":{"start":{"line":266,"column":6},"end":{"line":266,"column":68}},"110":{"start":{"line":269,"column":19},"end":{"line":271,"column":8}},"111":{"start":{"line":273,"column":6},"end":{"line":287,"column":7}},"112":{"start":{"line":275,"column":8},"end":{"line":277,"column":10}},"113":{"start":{"line":276,"column":15},"end":{"line":276,"column":62}},"114":{"start":{"line":278,"column":8},"end":{"line":278,"column":77}},"115":{"start":{"line":281,"column":8},"end":{"line":283,"column":9}},"116":{"start":{"line":282,"column":10},"end":{"line":282,"column":36}},"117":{"start":{"line":285,"column":8},"end":{"line":285,"column":26}},"118":{"start":{"line":286,"column":8},"end":{"line":286,"column":70}},"119":{"start":{"line":290,"column":6},"end":{"line":290,"column":61}},"120":{"start":{"line":292,"column":6},"end":{"line":292,"column":67}},"121":{"start":{"line":297,"column":4},"end":{"line":328,"column":5}},"122":{"start":{"line":298,"column":28},"end":{"line":298,"column":32}},"123":{"start":{"line":299,"column":6},"end":{"line":299,"column":55}},"124":{"start":{"line":301,"column":22},"end":{"line":301,"column":55}},"125":{"start":{"line":302,"column":6},"end":{"line":302,"column":27}},"126":{"start":{"line":302,"column":20},"end":{"line":302,"column":27}},"127":{"start":{"line":305,"column":6},"end":{"line":310,"column":9}},"128":{"start":{"line":313,"column":19},"end":{"line":315,"column":8}},"129":{"start":{"line":317,"column":6},"end":{"line":320,"column":7}},"130":{"start":{"line":318,"column":8},"end":{"line":318,"column":34}},"131":{"start":{"line":319,"column":8},"end":{"line":319,"column":26}},"132":{"start":{"line":323,"column":6},"end":{"line":323,"column":61}},"133":{"start":{"line":325,"column":6},"end":{"line":325,"column":61}},"134":{"start":{"line":327,"column":6},"end":{"line":327,"column":65}},"135":{"start":{"line":333,"column":4},"end":{"line":333,"column":57}},"136":{"start":{"line":335,"column":20},"end":{"line":335,"column":50}},"137":{"start":{"line":336,"column":4},"end":{"line":338,"column":5}},"138":{"start":{"line":337,"column":6},"end":{"line":337,"column":43}},"139":{"start":{"line":341,"column":4},"end":{"line":344,"column":7}},"140":{"start":{"line":346,"column":4},"end":{"line":346,"column":66}},"141":{"start":{"line":350,"column":4},"end":{"line":350,"column":51}},"142":{"start":{"line":352,"column":17},"end":{"line":352,"column":51}},"143":{"start":{"line":353,"column":4},"end":{"line":355,"column":5}},"144":{"start":{"line":354,"column":6},"end":{"line":354,"column":40}},"145":{"start":{"line":358,"column":4},"end":{"line":358,"column":48}},"146":{"start":{"line":361,"column":4},"end":{"line":361,"column":45}},"147":{"start":{"line":363,"column":4},"end":{"line":363,"column":60}},"148":{"start":{"line":368,"column":20},"end":{"line":368,"column":50}},"149":{"start":{"line":369,"column":4},"end":{"line":371,"column":5}},"150":{"start":{"line":370,"column":6},"end":{"line":370,"column":43}},"151":{"start":{"line":373,"column":18},"end":{"line":376,"column":6}},"152":{"start":{"line":378,"column":21},"end":{"line":381,"column":6}},"153":{"start":{"line":383,"column":4},"end":{"line":401,"column":6}},"154":{"start":{"line":392,"column":37},"end":{"line":392,"column":61}},"155":{"start":{"line":393,"column":32},"end":{"line":393,"column":51}},"156":{"start":{"line":397,"column":38},"end":{"line":397,"column":60}},"157":{"start":{"line":398,"column":40},"end":{"line":398,"column":64}},"158":{"start":{"line":406,"column":20},"end":{"line":406,"column":37}}},"fnMap":{"0":{"name":"(anonymous_0)","decl":{"start":{"line":7,"column":2},"end":{"line":7,"column":3}},"loc":{"start":{"line":7,"column":16},"end":{"line":10,"column":3}},"line":7},"1":{"name":"(anonymous_1)","decl":{"start":{"line":12,"column":2},"end":{"line":12,"column":3}},"loc":{"start":{"line":12,"column":19},"end":{"line":27,"column":3}},"line":12},"2":{"name":"(anonymous_2)","decl":{"start":{"line":30,"column":2},"end":{"line":30,"column":3}},"loc":{"start":{"line":30,"column":41},"end":{"line":50,"column":3}},"line":30},"3":{"name":"(anonymous_3)","decl":{"start":{"line":52,"column":2},"end":{"line":52,"column":3}},"loc":{"start":{"line":52,"column":47},"end":{"line":88,"column":3}},"line":52},"4":{"name":"(anonymous_4)","decl":{"start":{"line":67,"column":10},"end":{"line":67,"column":11}},"loc":{"start":{"line":67,"column":16},"end":{"line":67,"column":44}},"line":67},"5":{"name":"(anonymous_5)","decl":{"start":{"line":90,"column":2},"end":{"line":90,"column":3}},"loc":{"start":{"line":90,"column":52},"end":{"line":94,"column":3}},"line":90},"6":{"name":"(anonymous_6)","decl":{"start":{"line":97,"column":2},"end":{"line":97,"column":3}},"loc":{"start":{"line":97,"column":32},"end":{"line":107,"column":3}},"line":97},"7":{"name":"(anonymous_7)","decl":{"start":{"line":109,"column":2},"end":{"line":109,"column":3}},"loc":{"start":{"line":109,"column":32},"end":{"line":134,"column":3}},"line":109},"8":{"name":"(anonymous_8)","decl":{"start":{"line":136,"column":2},"end":{"line":136,"column":3}},"loc":{"start":{"line":136,"column":34},"end":{"line":165,"column":3}},"line":136},"9":{"name":"(anonymous_9)","decl":{"start":{"line":145,"column":43},"end":{"line":145,"column":44}},"loc":{"start":{"line":145,"column":48},"end":{"line":145,"column":59}},"line":145},"10":{"name":"(anonymous_10)","decl":{"start":{"line":167,"column":2},"end":{"line":167,"column":3}},"loc":{"start":{"line":167,"column":32},"end":{"line":180,"column":3}},"line":167},"11":{"name":"(anonymous_11)","decl":{"start":{"line":182,"column":2},"end":{"line":182,"column":3}},"loc":{"start":{"line":182,"column":41},"end":{"line":197,"column":3}},"line":182},"12":{"name":"(anonymous_12)","decl":{"start":{"line":183,"column":41},"end":{"line":183,"column":42}},"loc":{"start":{"line":183,"column":46},"end":{"line":183,"column":57}},"line":183},"13":{"name":"(anonymous_13)","decl":{"start":{"line":199,"column":2},"end":{"line":199,"column":3}},"loc":{"start":{"line":199,"column":38},"end":{"line":216,"column":3}},"line":199},"14":{"name":"(anonymous_14)","decl":{"start":{"line":200,"column":41},"end":{"line":200,"column":42}},"loc":{"start":{"line":200,"column":46},"end":{"line":200,"column":57}},"line":200},"15":{"name":"(anonymous_15)","decl":{"start":{"line":219,"column":2},"end":{"line":219,"column":3}},"loc":{"start":{"line":219,"column":35},"end":{"line":229,"column":3}},"line":219},"16":{"name":"(anonymous_16)","decl":{"start":{"line":231,"column":2},"end":{"line":231,"column":3}},"loc":{"start":{"line":231,"column":37},"end":{"line":261,"column":3}},"line":231},"17":{"name":"(anonymous_17)","decl":{"start":{"line":246,"column":10},"end":{"line":246,"column":11}},"loc":{"start":{"line":246,"column":15},"end":{"line":246,"column":62}},"line":246},"18":{"name":"(anonymous_18)","decl":{"start":{"line":263,"column":2},"end":{"line":263,"column":3}},"loc":{"start":{"line":263,"column":37},"end":{"line":294,"column":3}},"line":263},"19":{"name":"(anonymous_19)","decl":{"start":{"line":276,"column":10},"end":{"line":276,"column":11}},"loc":{"start":{"line":276,"column":15},"end":{"line":276,"column":62}},"line":276},"20":{"name":"(anonymous_20)","decl":{"start":{"line":296,"column":2},"end":{"line":296,"column":3}},"loc":{"start":{"line":296,"column":37},"end":{"line":329,"column":3}},"line":296},"21":{"name":"(anonymous_21)","decl":{"start":{"line":332,"column":2},"end":{"line":332,"column":3}},"loc":{"start":{"line":332,"column":38},"end":{"line":347,"column":3}},"line":332},"22":{"name":"(anonymous_22)","decl":{"start":{"line":349,"column":2},"end":{"line":349,"column":3}},"loc":{"start":{"line":349,"column":32},"end":{"line":364,"column":3}},"line":349},"23":{"name":"(anonymous_23)","decl":{"start":{"line":367,"column":2},"end":{"line":367,"column":3}},"loc":{"start":{"line":367,"column":33},"end":{"line":402,"column":3}},"line":367},"24":{"name":"(anonymous_24)","decl":{"start":{"line":392,"column":32},"end":{"line":392,"column":33}},"loc":{"start":{"line":392,"column":37},"end":{"line":392,"column":61}},"line":392},"25":{"name":"(anonymous_25)","decl":{"start":{"line":393,"column":27},"end":{"line":393,"column":28}},"loc":{"start":{"line":393,"column":32},"end":{"line":393,"column":51}},"line":393},"26":{"name":"(anonymous_26)","decl":{"start":{"line":397,"column":33},"end":{"line":397,"column":34}},"loc":{"start":{"line":397,"column":38},"end":{"line":397,"column":60}},"line":397},"27":{"name":"(anonymous_27)","decl":{"start":{"line":398,"column":35},"end":{"line":398,"column":36}},"loc":{"start":{"line":398,"column":40},"end":{"line":398,"column":64}},"line":398}},"branchMap":{"0":{"loc":{"start":{"line":37,"column":6},"end":{"line":39,"column":7}},"type":"if","locations":[{"start":{"line":37,"column":6},"end":{"line":39,"column":7}},{"start":{},"end":{}}],"line":37},"1":{"loc":{"start":{"line":37,"column":10},"end":{"line":37,"column":52}},"type":"binary-expr","locations":[{"start":{"line":37,"column":10},"end":{"line":37,"column":30}},{"start":{"line":37,"column":34},"end":{"line":37,"column":52}}],"line":37},"2":{"loc":{"start":{"line":42,"column":6},"end":{"line":44,"column":7}},"type":"if","locations":[{"start":{"line":42,"column":6},"end":{"line":44,"column":7}},{"start":{},"end":{}}],"line":42},"3":{"loc":{"start":{"line":65,"column":6},"end":{"line":73,"column":7}},"type":"if","locations":[{"start":{"line":65,"column":6},"end":{"line":73,"column":7}},{"start":{},"end":{}}],"line":65},"4":{"loc":{"start":{"line":69,"column":8},"end":{"line":72,"column":9}},"type":"if","locations":[{"start":{"line":69,"column":8},"end":{"line":72,"column":9}},{"start":{},"end":{}}],"line":69},"5":{"loc":{"start":{"line":69,"column":12},"end":{"line":69,"column":56}},"type":"binary-expr","locations":[{"start":{"line":69,"column":12},"end":{"line":69,"column":29}},{"start":{"line":69,"column":33},"end":{"line":69,"column":56}}],"line":69},"6":{"loc":{"start":{"line":75,"column":6},"end":{"line":78,"column":7}},"type":"if","locations":[{"start":{"line":75,"column":6},"end":{"line":78,"column":7}},{"start":{},"end":{}}],"line":75},"7":{"loc":{"start":{"line":75,"column":10},"end":{"line":75,"column":45}},"type":"binary-expr","locations":[{"start":{"line":75,"column":10},"end":{"line":75,"column":23}},{"start":{"line":75,"column":27},"end":{"line":75,"column":45}}],"line":75},"8":{"loc":{"start":{"line":80,"column":6},"end":{"line":83,"column":7}},"type":"if","locations":[{"start":{"line":80,"column":6},"end":{"line":83,"column":7}},{"start":{},"end":{}}],"line":80},"9":{"loc":{"start":{"line":115,"column":6},"end":{"line":115,"column":24}},"type":"if","locations":[{"start":{"line":115,"column":6},"end":{"line":115,"column":24}},{"start":{},"end":{}}],"line":115},"10":{"loc":{"start":{"line":118,"column":6},"end":{"line":120,"column":7}},"type":"if","locations":[{"start":{"line":118,"column":6},"end":{"line":120,"column":7}},{"start":{},"end":{}}],"line":118},"11":{"loc":{"start":{"line":118,"column":10},"end":{"line":118,"column":62}},"type":"binary-expr","locations":[{"start":{"line":118,"column":10},"end":{"line":118,"column":22}},{"start":{"line":118,"column":26},"end":{"line":118,"column":43}},{"start":{"line":118,"column":47},"end":{"line":118,"column":62}}],"line":118},"12":{"loc":{"start":{"line":123,"column":6},"end":{"line":125,"column":7}},"type":"if","locations":[{"start":{"line":123,"column":6},"end":{"line":125,"column":7}},{"start":{},"end":{}}],"line":123},"13":{"loc":{"start":{"line":142,"column":6},"end":{"line":142,"column":24}},"type":"if","locations":[{"start":{"line":142,"column":6},"end":{"line":142,"column":24}},{"start":{},"end":{}}],"line":142},"14":{"loc":{"start":{"line":147,"column":6},"end":{"line":158,"column":7}},"type":"if","locations":[{"start":{"line":147,"column":6},"end":{"line":158,"column":7}},{"start":{},"end":{}}],"line":147},"15":{"loc":{"start":{"line":152,"column":32},"end":{"line":152,"column":81}},"type":"binary-expr","locations":[{"start":{"line":152,"column":32},"end":{"line":152,"column":38}},{"start":{"line":152,"column":42},"end":{"line":152,"column":81}}],"line":152},"16":{"loc":{"start":{"line":185,"column":4},"end":{"line":196,"column":5}},"type":"if","locations":[{"start":{"line":185,"column":4},"end":{"line":196,"column":5}},{"start":{},"end":{}}],"line":185},"17":{"loc":{"start":{"line":202,"column":4},"end":{"line":215,"column":5}},"type":"if","locations":[{"start":{"line":202,"column":4},"end":{"line":215,"column":5}},{"start":{},"end":{}}],"line":202},"18":{"loc":{"start":{"line":237,"column":6},"end":{"line":237,"column":27}},"type":"if","locations":[{"start":{"line":237,"column":6},"end":{"line":237,"column":27}},{"start":{},"end":{}}],"line":237},"19":{"loc":{"start":{"line":244,"column":6},"end":{"line":254,"column":7}},"type":"if","locations":[{"start":{"line":244,"column":6},"end":{"line":254,"column":7}},{"start":{},"end":{}}],"line":244},"20":{"loc":{"start":{"line":249,"column":8},"end":{"line":253,"column":9}},"type":"if","locations":[{"start":{"line":249,"column":8},"end":{"line":253,"column":9}},{"start":{},"end":{}}],"line":249},"21":{"loc":{"start":{"line":273,"column":6},"end":{"line":287,"column":7}},"type":"if","locations":[{"start":{"line":273,"column":6},"end":{"line":287,"column":7}},{"start":{},"end":{}}],"line":273},"22":{"loc":{"start":{"line":281,"column":8},"end":{"line":283,"column":9}},"type":"if","locations":[{"start":{"line":281,"column":8},"end":{"line":283,"column":9}},{"start":{},"end":{}}],"line":281},"23":{"loc":{"start":{"line":281,"column":12},"end":{"line":281,"column":85}},"type":"binary-expr","locations":[{"start":{"line":281,"column":12},"end":{"line":281,"column":34}},{"start":{"line":281,"column":38},"end":{"line":281,"column":85}}],"line":281},"24":{"loc":{"start":{"line":302,"column":6},"end":{"line":302,"column":27}},"type":"if","locations":[{"start":{"line":302,"column":6},"end":{"line":302,"column":27}},{"start":{},"end":{}}],"line":302},"25":{"loc":{"start":{"line":317,"column":6},"end":{"line":320,"column":7}},"type":"if","locations":[{"start":{"line":317,"column":6},"end":{"line":320,"column":7}},{"start":{},"end":{}}],"line":317},"26":{"loc":{"start":{"line":317,"column":10},"end":{"line":317,"column":40}},"type":"binary-expr","locations":[{"start":{"line":317,"column":10},"end":{"line":317,"column":14}},{"start":{"line":317,"column":18},"end":{"line":317,"column":40}}],"line":317},"27":{"loc":{"start":{"line":336,"column":4},"end":{"line":338,"column":5}},"type":"if","locations":[{"start":{"line":336,"column":4},"end":{"line":338,"column":5}},{"start":{},"end":{}}],"line":336},"28":{"loc":{"start":{"line":336,"column":8},"end":{"line":336,"column":50}},"type":"binary-expr","locations":[{"start":{"line":336,"column":8},"end":{"line":336,"column":16}},{"start":{"line":336,"column":20},"end":{"line":336,"column":50}}],"line":336},"29":{"loc":{"start":{"line":353,"column":4},"end":{"line":355,"column":5}},"type":"if","locations":[{"start":{"line":353,"column":4},"end":{"line":355,"column":5}},{"start":{},"end":{}}],"line":353},"30":{"loc":{"start":{"line":369,"column":4},"end":{"line":371,"column":5}},"type":"if","locations":[{"start":{"line":369,"column":4},"end":{"line":371,"column":5}},{"start":{},"end":{}}],"line":369}},"s":{"0":1,"1":1,"2":1,"3":1,"4":1,"5":1,"6":1,"7":1,"8":1,"9":1,"10":1,"11":0,"12":0,"13":0,"14":0,"15":0,"16":0,"17":0,"18":0,"19":0,"20":0,"21":0,"22":0,"23":0,"24":0,"25":0,"26":0,"27":0,"28":0,"29":0,"30":0,"31":0,"32":0,"33":0,"34":0,"35":0,"36":0,"37":0,"38":0,"39":0,"40":0,"41":0,"42":0,"43":0,"44":0,"45":0,"46":0,"47":0,"48":0,"49":0,"50":0,"51":0,"52":0,"53":0,"54":0,"55":0,"56":0,"57":0,"58":0,"59":0,"60":0,"61":0,"62":0,"63":0,"64":0,"65":0,"66":0,"67":0,"68":0,"69":0,"70":0,"71":0,"72":0,"73":0,"74":0,"75":0,"76":0,"77":0,"78":0,"79":0,"80":0,"81":0,"82":0,"83":0,"84":0,"85":0,"86":0,"87":0,"88":0,"89":0,"90":0,"91":0,"92":0,"93":0,"94":0,"95":0,"96":0,"97":0,"98":0,"99":0,"100":0,"101":0,"102":0,"103":0,"104":0,"105":0,"106":0,"107":0,"108":0,"109":0,"110":0,"111":0,"112":0,"113":0,"114":0,"115":0,"116":0,"117":0,"118":0,"119":0,"120":0,"121":0,"122":0,"123":0,"124":0,"125":0,"126":0,"127":0,"128":0,"129":0,"130":0,"131":0,"132":0,"133":0,"134":0,"135":0,"136":0,"137":0,"138":0,"139":0,"140":0,"141":0,"142":0,"143":0,"144":0,"145":0,"146":0,"147":0,"148":0,"149":0,"150":0,"151":0,"152":0,"153":0,"154":0,"155":0,"156":0,"157":0,"158":1},"f":{"0":1,"1":1,"2":0,"3":0,"4":0,"5":0,"6":0,"7":0,"8":0,"9":0,"10":0,"11":0,"12":0,"13":0,"14":0,"15":0,"16":0,"17":0,"18":0,"19":0,"20":0,"21":0,"22":0,"23":0,"24":0,"25":0,"26":0,"27":0},"b":{"0":[0,0],"1":[0,0],"2":[0,0],"3":[0,0],"4":[0,0],"5":[0,0],"6":[0,0],"7":[0,0],"8":[0,0],"9":[0,0],"10":[0,0],"11":[0,0,0],"12":[0,0],"13":[0,0],"14":[0,0],"15":[0,0],"16":[0,0],"17":[0,0],"18":[0,0],"19":[0,0],"20":[0,0],"21":[0,0],"22":[0,0],"23":[0,0],"24":[0,0],"25":[0,0],"26":[0,0],"27":[0,0],"28":[0,0],"29":[0,0],"30":[0,0]},"_coverageSchema":"1a1c01bbd47fc00a2c39e90264f33305004495a9","hash":"7a845678211531963364c2cebab1f61905291ca9"}
}
