TN:
SF:controllers\adminController.js
FN:8,(anonymous_0)
FN:43,(anonymous_1)
FN:55,(anonymous_2)
FN:84,(anonymous_3)
FN:93,(anonymous_4)
FN:97,(anonymous_5)
FN:103,(anonymous_6)
FN:115,(anonymous_7)
FN:131,(anonymous_8)
FN:154,(anonymous_9)
FN:176,(anonymous_10)
FN:215,(anonymous_11)
FN:256,(anonymous_12)
FN:273,(anonymous_13)
FN:288,(anonymous_14)
FN:325,(anonymous_15)
FNF:16
FNH:12
FNDA:3,(anonymous_0)
FNDA:1,(anonymous_1)
FNDA:2,(anonymous_2)
FNDA:2,(anonymous_3)
FNDA:1,(anonymous_4)
FNDA:0,(anonymous_5)
FNDA:1,(anonymous_6)
FNDA:2,(anonymous_7)
FNDA:2,(anonymous_8)
FNDA:2,(anonymous_9)
FNDA:0,(anonymous_10)
FNDA:0,(anonymous_11)
FNDA:0,(anonymous_12)
FNDA:2,(anonymous_13)
FNDA:2,(anonymous_14)
FNDA:3,(anonymous_15)
DA:8,1
DA:9,3
DA:10,3
DA:20,2
DA:23,2
DA:24,2
DA:26,2
DA:38,2
DA:43,1
DA:50,1
DA:55,1
DA:56,2
DA:57,2
DA:58,2
DA:59,2
DA:60,2
DA:61,2
DA:62,0
DA:68,2
DA:77,1
DA:79,1
DA:84,1
DA:85,2
DA:86,2
DA:93,1
DA:94,1
DA:96,1
DA:97,1
DA:98,0
DA:99,0
DA:100,0
DA:103,1
DA:108,1
DA:110,1
DA:115,1
DA:116,2
DA:117,2
DA:124,1
DA:126,1
DA:131,1
DA:132,2
DA:133,2
DA:145,2
DA:147,1
DA:149,0
DA:154,1
DA:155,2
DA:156,2
DA:167,2
DA:169,1
DA:171,0
DA:176,1
DA:177,0
DA:187,0
DA:189,0
DA:190,0
DA:191,0
DA:192,0
DA:193,0
DA:194,0
DA:195,0
DA:196,0
DA:197,0
DA:201,0
DA:204,0
DA:212,0
DA:213,0
DA:214,0
DA:216,0
DA:224,0
DA:225,0
DA:228,0
DA:235,0
DA:236,0
DA:237,0
DA:238,0
DA:239,0
DA:241,0
DA:243,0
DA:251,0
DA:256,1
DA:257,0
DA:258,0
DA:264,0
DA:266,0
DA:268,0
DA:273,1
DA:274,2
DA:275,2
DA:276,2
DA:278,1
DA:279,1
DA:281,1
DA:283,0
DA:288,1
DA:289,2
DA:290,2
DA:292,2
DA:293,2
DA:295,1
DA:296,1
DA:298,1
DA:315,1
DA:320,0
DA:325,1
DA:326,3
DA:327,3
DA:329,3
DA:330,1
DA:333,2
DA:334,2
DA:337,1
DA:338,1
DA:339,1
DA:341,1
DA:345,0
LF:116
LH:74
BRDA:20,0,0,2
BRDA:20,0,1,1
BRDA:57,1,0,2
BRDA:57,2,0,2
BRDA:59,3,0,0
BRDA:59,3,1,2
BRDA:61,4,0,0
BRDA:61,4,1,2
BRDA:99,5,0,0
BRDA:99,5,1,0
BRDA:105,6,0,1
BRDA:105,6,1,1
BRDA:138,7,0,2
BRDA:138,7,1,1
BRDA:145,8,0,1
BRDA:145,8,1,1
BRDA:161,9,0,2
BRDA:161,9,1,1
BRDA:167,10,0,1
BRDA:167,10,1,1
BRDA:179,11,0,0
BRDA:180,12,0,0
BRDA:185,13,0,0
BRDA:186,14,0,0
BRDA:190,15,0,0
BRDA:190,15,1,0
BRDA:190,16,0,0
BRDA:190,16,1,0
BRDA:191,17,0,0
BRDA:191,17,1,0
BRDA:191,18,0,0
BRDA:191,18,1,0
BRDA:193,19,0,0
BRDA:193,19,1,0
BRDA:194,20,0,0
BRDA:194,20,1,0
BRDA:201,21,0,0
BRDA:201,21,1,0
BRDA:212,22,0,0
BRDA:212,22,1,0
BRDA:216,23,0,0
BRDA:216,23,1,0
BRDA:216,23,2,0
BRDA:216,23,3,0
BRDA:216,23,4,0
BRDA:236,24,0,0
BRDA:236,24,1,0
BRDA:237,25,0,0
BRDA:237,25,1,0
BRDA:238,26,0,0
BRDA:238,26,1,0
BRDA:239,27,0,0
BRDA:239,27,1,0
BRDA:264,28,0,0
BRDA:264,28,1,0
BRDA:276,29,0,1
BRDA:276,29,1,1
BRDA:281,30,0,0
BRDA:281,30,1,1
BRDA:293,31,0,1
BRDA:293,31,1,1
BRDA:307,32,0,1
BRDA:307,32,1,1
BRDA:308,33,0,1
BRDA:308,33,1,1
BRDA:309,34,0,1
BRDA:309,34,1,1
BRDA:310,35,0,1
BRDA:310,35,1,1
BRDA:311,36,0,1
BRDA:311,36,1,1
BRDA:329,37,0,1
BRDA:329,37,1,2
BRDA:334,38,0,1
BRDA:334,38,1,1
BRDA:342,39,0,0
BRDA:342,39,1,1
BRF:77
BRH:36
end_of_record
TN:
SF:controllers\authController.js
FN:6,(anonymous_0)
FN:83,(anonymous_1)
FN:84,(anonymous_2)
FN:124,(anonymous_3)
FN:166,(anonymous_4)
FN:180,(anonymous_5)
FNF:6
FNH:4
FNDA:4,(anonymous_0)
FNDA:0,(anonymous_1)
FNDA:0,(anonymous_2)
FNDA:4,(anonymous_3)
FNDA:2,(anonymous_4)
FNDA:2,(anonymous_5)
DA:6,1
DA:7,4
DA:25,4
DA:28,4
DA:29,3
DA:30,1
DA:34,2
DA:35,2
DA:38,2
DA:46,2
DA:47,1
DA:57,2
DA:58,1
DA:62,1
DA:68,1
DA:73,1
DA:74,1
DA:78,2
DA:81,2
DA:82,0
DA:83,0
DA:84,0
DA:91,0
DA:92,0
DA:97,2
DA:103,2
DA:119,1
DA:120,1
DA:124,1
DA:125,4
DA:126,4
DA:129,4
DA:130,3
DA:131,1
DA:135,2
DA:136,2
DA:137,1
DA:141,1
DA:147,1
DA:161,1
DA:166,1
DA:167,2
DA:168,2
DA:173,1
DA:175,1
DA:180,1
DA:181,2
DA:182,2
DA:183,2
DA:185,1
DA:197,0
LF:51
LH:45
BRDA:29,0,0,1
BRDA:29,0,1,2
BRDA:46,1,0,1
BRDA:46,1,1,1
BRDA:48,2,0,0
BRDA:48,2,1,1
BRDA:49,3,0,0
BRDA:49,3,1,1
BRDA:50,4,0,0
BRDA:50,4,1,1
BRDA:51,5,0,1
BRDA:51,5,1,0
BRDA:52,6,0,1
BRDA:52,6,1,1
BRDA:57,7,0,1
BRDA:57,7,1,1
BRDA:59,8,0,1
BRDA:59,8,1,1
BRDA:63,9,0,1
BRDA:63,9,1,0
BRDA:64,10,0,1
BRDA:64,10,1,1
BRDA:65,11,0,0
BRDA:65,11,1,1
BRDA:66,12,0,1
BRDA:66,12,1,0
BRDA:81,13,0,0
BRDA:81,13,1,2
BRDA:81,14,0,2
BRDA:81,14,1,1
BRDA:81,14,2,1
BRDA:83,15,0,0
BRDA:83,15,1,0
BRDA:86,16,0,0
BRDA:86,16,1,0
BRDA:87,17,0,0
BRDA:87,17,1,0
BRDA:88,18,0,0
BRDA:88,18,1,0
BRDA:91,19,0,0
BRDA:91,19,1,0
BRDA:130,20,0,1
BRDA:130,20,1,2
BRDA:136,21,0,1
BRDA:136,21,1,1
BRDA:183,22,0,1
BRDA:183,22,1,1
BRF:47
BRH:29
end_of_record
TN:
SF:controllers\bookingController.js
FN:9,(anonymous_0)
FN:47,(anonymous_1)
FN:89,(anonymous_2)
FN:108,(anonymous_3)
FN:129,(anonymous_4)
FN:149,(anonymous_5)
FN:162,(anonymous_6)
FN:167,(anonymous_7)
FN:185,(anonymous_8)
FN:191,(anonymous_9)
FN:196,(anonymous_10)
FN:242,(anonymous_11)
FN:359,(anonymous_12)
FN:394,(anonymous_13)
FN:437,(anonymous_14)
FN:506,(anonymous_15)
FN:546,(anonymous_16)
FN:573,(anonymous_17)
FN:638,(anonymous_18)
FN:667,(anonymous_19)
FN:709,(anonymous_20)
FN:765,(anonymous_21)
FN:808,(anonymous_22)
FN:918,(anonymous_23)
FN:1041,(anonymous_24)
FNF:25
FNH:8
FNDA:2,(anonymous_0)
FNDA:2,(anonymous_1)
FNDA:0,(anonymous_2)
FNDA:0,(anonymous_3)
FNDA:0,(anonymous_4)
FNDA:5,(anonymous_5)
FNDA:3,(anonymous_6)
FNDA:3,(anonymous_7)
FNDA:30,(anonymous_8)
FNDA:11,(anonymous_9)
FNDA:0,(anonymous_10)
FNDA:0,(anonymous_11)
FNDA:2,(anonymous_12)
FNDA:0,(anonymous_13)
FNDA:0,(anonymous_14)
FNDA:0,(anonymous_15)
FNDA:0,(anonymous_16)
FNDA:0,(anonymous_17)
FNDA:0,(anonymous_18)
FNDA:0,(anonymous_19)
FNDA:0,(anonymous_20)
FNDA:0,(anonymous_21)
FNDA:0,(anonymous_22)
FNDA:0,(anonymous_23)
FNDA:0,(anonymous_24)
DA:9,1
DA:10,2
DA:11,2
DA:13,2
DA:16,2
DA:17,0
DA:20,2
DA:21,0
DA:24,2
DA:25,0
DA:28,2
DA:29,0
DA:35,2
DA:39,1
DA:41,1
DA:42,1
DA:47,1
DA:48,2
DA:49,2
DA:51,2
DA:57,2
DA:58,1
DA:62,1
DA:67,1
DA:77,1
DA:83,0
DA:84,0
DA:89,1
DA:90,0
DA:91,0
DA:92,0
DA:94,0
DA:95,0
DA:98,0
DA:99,0
DA:100,0
DA:103,0
DA:104,0
DA:107,0
DA:108,0
DA:111,0
DA:112,0
DA:116,0
DA:117,0
DA:118,0
DA:119,0
DA:121,0
DA:128,0
DA:129,0
DA:133,0
DA:141,0
DA:143,0
DA:144,0
DA:149,1
DA:150,5
DA:151,5
DA:152,5
DA:154,5
DA:155,5
DA:157,5
DA:158,13
DA:159,13
DA:162,13
DA:163,3
DA:167,13
DA:168,3
DA:171,13
DA:172,9
DA:179,13
DA:182,5
DA:185,1
DA:186,30
DA:187,30
DA:188,30
DA:191,1
DA:192,11
DA:196,1
DA:197,0
DA:198,0
DA:201,0
DA:202,0
DA:205,0
DA:208,0
DA:209,0
DA:210,0
DA:214,0
DA:215,0
DA:216,0
DA:219,0
DA:220,0
DA:221,0
DA:222,0
DA:223,0
DA:227,0
DA:236,0
DA:237,0
DA:241,0
DA:242,0
DA:244,0
DA:247,0
DA:262,0
DA:264,0
DA:269,0
DA:277,0
DA:280,0
DA:281,0
DA:283,0
DA:291,0
DA:297,0
DA:314,0
DA:330,0
DA:331,0
DA:333,0
DA:338,0
DA:351,0
DA:353,0
DA:354,0
DA:359,1
DA:360,2
DA:361,2
DA:362,2
DA:364,2
DA:365,2
DA:366,0
DA:369,2
DA:376,1
DA:378,1
DA:388,1
DA:389,1
DA:394,1
DA:395,0
DA:396,0
DA:397,0
DA:399,0
DA:400,0
DA:401,0
DA:404,0
DA:405,0
DA:406,0
DA:407,0
DA:408,0
DA:409,0
DA:410,0
DA:413,0
DA:419,0
DA:421,0
DA:431,0
DA:432,0
DA:437,1
DA:438,0
DA:439,0
DA:440,0
DA:441,0
DA:443,0
DA:444,0
DA:445,0
DA:449,0
DA:450,0
DA:452,0
DA:453,0
DA:457,0
DA:465,0
DA:466,0
DA:470,0
DA:471,0
DA:473,0
DA:474,0
DA:475,0
DA:476,0
DA:479,0
DA:481,0
DA:489,0
DA:490,0
DA:495,0
DA:500,0
DA:501,0
DA:506,1
DA:507,0
DA:508,0
DA:509,0
DA:510,0
DA:512,0
DA:513,0
DA:516,0
DA:517,0
DA:518,0
DA:522,0
DA:523,0
DA:526,0
DA:527,0
DA:530,0
DA:531,0
DA:535,0
DA:536,0
DA:539,0
DA:545,0
DA:546,0
DA:547,0
DA:551,0
DA:556,0
DA:561,0
DA:567,0
DA:568,0
DA:573,1
DA:574,0
DA:575,0
DA:576,0
DA:577,0
DA:579,0
DA:580,0
DA:582,0
DA:583,0
DA:584,0
DA:587,0
DA:588,0
DA:590,0
DA:591,0
DA:592,0
DA:595,0
DA:596,0
DA:597,0
DA:600,0
DA:601,0
DA:603,0
DA:605,0
DA:606,0
DA:607,0
DA:610,0
DA:611,0
DA:612,0
DA:616,0
DA:618,0
DA:622,0
DA:623,0
DA:628,0
DA:629,0
DA:630,0
DA:638,1
DA:639,0
DA:640,0
DA:641,0
DA:643,0
DA:644,0
DA:645,0
DA:648,0
DA:654,0
DA:656,0
DA:661,0
DA:662,0
DA:667,1
DA:668,0
DA:669,0
DA:670,0
DA:672,0
DA:673,0
DA:674,0
DA:677,0
DA:678,0
DA:680,0
DA:681,0
DA:684,0
DA:687,0
DA:688,0
DA:693,0
DA:697,0
DA:703,0
DA:704,0
DA:709,1
DA:710,0
DA:711,0
DA:712,0
DA:714,0
DA:715,0
DA:717,0
DA:718,0
DA:722,0
DA:728,0
DA:731,0
DA:732,0
DA:740,0
DA:744,0
DA:745,0
DA:748,0
DA:749,0
DA:750,0
DA:753,0
DA:759,0
DA:760,0
DA:765,1
DA:766,0
DA:767,0
DA:768,0
DA:770,0
DA:771,0
DA:772,0
DA:778,0
DA:789,0
DA:790,0
DA:796,0
DA:802,0
DA:803,0
DA:808,1
DA:809,0
DA:810,0
DA:811,0
DA:812,0
DA:814,0
DA:815,0
DA:817,0
DA:818,0
DA:822,0
DA:823,0
DA:827,0
DA:831,0
DA:835,0
DA:836,0
DA:838,0
DA:839,0
DA:840,0
DA:841,0
DA:842,0
DA:843,0
DA:844,0
DA:845,0
DA:849,0
DA:850,0
DA:853,0
DA:854,0
DA:862,0
DA:863,0
DA:864,0
DA:867,0
DA:873,0
DA:879,0
DA:880,0
DA:881,0
DA:882,0
DA:883,0
DA:884,0
DA:885,0
DA:891,0
DA:896,0
DA:904,0
DA:910,0
DA:911,0
DA:918,1
DA:919,0
DA:920,0
DA:921,0
DA:922,0
DA:924,0
DA:929,0
DA:932,0
DA:933,0
DA:936,0
DA:937,0
DA:940,0
DA:941,0
DA:942,0
DA:943,0
DA:946,0
DA:947,0
DA:949,0
DA:950,0
DA:952,0
DA:953,0
DA:966,0
DA:967,0
DA:969,0
DA:978,0
DA:980,0
DA:987,0
DA:988,0
DA:989,0
DA:990,0
DA:991,0
DA:992,0
DA:993,0
DA:996,0
DA:997,0
DA:998,0
DA:1000,0
DA:1011,0
DA:1012,0
DA:1019,0
DA:1033,0
DA:1034,0
DA:1041,1
DA:1042,0
DA:1043,0
DA:1044,0
DA:1045,0
DA:1047,0
DA:1052,0
DA:1055,0
DA:1056,0
DA:1059,0
DA:1060,0
DA:1063,0
DA:1064,0
DA:1065,0
DA:1066,0
DA:1069,0
DA:1070,0
DA:1072,0
DA:1073,0
DA:1075,0
DA:1076,0
DA:1089,0
DA:1090,0
DA:1092,0
DA:1101,0
DA:1103,0
DA:1109,0
DA:1110,0
DA:1111,0
DA:1112,0
DA:1113,0
DA:1114,0
DA:1115,0
DA:1118,0
DA:1120,0
DA:1131,0
DA:1132,0
DA:1139,0
DA:1152,0
DA:1153,0
LF:427
LH:68
BRDA:16,0,0,0
BRDA:16,0,1,2
BRDA:20,1,0,0
BRDA:20,1,1,2
BRDA:24,2,0,0
BRDA:24,2,1,2
BRDA:28,3,0,0
BRDA:28,3,1,2
BRDA:57,4,0,1
BRDA:57,4,1,1
BRDA:92,5,0,0
BRDA:94,6,0,0
BRDA:94,6,1,0
BRDA:99,7,0,0
BRDA:99,7,1,0
BRDA:99,8,0,0
BRDA:99,8,1,0
BRDA:108,9,0,0
BRDA:108,9,1,0
BRDA:111,10,0,0
BRDA:111,10,1,0
BRDA:171,11,0,9
BRDA:171,11,1,4
BRDA:171,12,0,13
BRDA:171,12,1,11
BRDA:192,13,0,11
BRDA:192,13,1,9
BRDA:201,14,0,0
BRDA:201,14,1,0
BRDA:209,15,0,0
BRDA:209,15,1,0
BRDA:236,16,0,0
BRDA:236,16,1,0
BRDA:244,17,0,0
BRDA:244,17,1,0
BRDA:262,18,0,0
BRDA:262,18,1,0
BRDA:262,19,0,0
BRDA:262,19,1,0
BRDA:262,19,2,0
BRDA:280,20,0,0
BRDA:280,20,1,0
BRDA:362,21,0,2
BRDA:362,22,0,2
BRDA:365,23,0,0
BRDA:365,23,1,2
BRDA:397,24,0,0
BRDA:397,25,0,0
BRDA:400,26,0,0
BRDA:400,26,1,0
BRDA:404,27,0,0
BRDA:404,27,1,0
BRDA:444,28,0,0
BRDA:444,28,1,0
BRDA:452,29,0,0
BRDA:452,29,1,0
BRDA:452,30,0,0
BRDA:452,30,1,0
BRDA:465,31,0,0
BRDA:465,31,1,0
BRDA:471,32,0,0
BRDA:471,32,1,0
BRDA:473,33,0,0
BRDA:473,33,1,0
BRDA:479,34,0,0
BRDA:479,34,1,0
BRDA:512,35,0,0
BRDA:512,35,1,0
BRDA:512,36,0,0
BRDA:512,36,1,0
BRDA:512,36,2,0
BRDA:517,37,0,0
BRDA:517,37,1,0
BRDA:522,38,0,0
BRDA:522,38,1,0
BRDA:526,39,0,0
BRDA:526,39,1,0
BRDA:530,40,0,0
BRDA:530,40,1,0
BRDA:535,41,0,0
BRDA:535,41,1,0
BRDA:546,42,0,0
BRDA:546,42,1,0
BRDA:547,43,0,0
BRDA:547,43,1,0
BRDA:582,44,0,0
BRDA:582,44,1,0
BRDA:590,45,0,0
BRDA:590,45,1,0
BRDA:595,46,0,0
BRDA:595,46,1,0
BRDA:632,47,0,0
BRDA:632,47,1,0
BRDA:644,48,0,0
BRDA:644,48,1,0
BRDA:644,49,0,0
BRDA:644,49,1,0
BRDA:673,50,0,0
BRDA:673,50,1,0
BRDA:673,51,0,0
BRDA:673,51,1,0
BRDA:677,52,0,0
BRDA:677,52,1,0
BRDA:680,53,0,0
BRDA:680,53,1,0
BRDA:715,54,0,0
BRDA:715,54,1,0
BRDA:717,55,0,0
BRDA:717,55,1,0
BRDA:728,56,0,0
BRDA:728,56,1,0
BRDA:731,57,0,0
BRDA:731,57,1,0
BRDA:740,58,0,0
BRDA:740,58,1,0
BRDA:740,58,2,0
BRDA:744,59,0,0
BRDA:744,59,1,0
BRDA:749,60,0,0
BRDA:749,60,1,0
BRDA:771,61,0,0
BRDA:771,61,1,0
BRDA:771,62,0,0
BRDA:771,62,1,0
BRDA:815,63,0,0
BRDA:815,63,1,0
BRDA:817,64,0,0
BRDA:817,64,1,0
BRDA:822,65,0,0
BRDA:822,65,1,0
BRDA:822,66,0,0
BRDA:822,66,1,0
BRDA:831,67,0,0
BRDA:831,67,1,0
BRDA:831,67,2,0
BRDA:835,68,0,0
BRDA:835,68,1,0
BRDA:835,69,0,0
BRDA:835,69,1,0
BRDA:838,70,0,0
BRDA:838,70,1,0
BRDA:853,71,0,0
BRDA:853,71,1,0
BRDA:880,72,0,0
BRDA:880,72,1,0
BRDA:880,73,0,0
BRDA:880,73,1,0
BRDA:898,74,0,0
BRDA:898,74,1,0
BRDA:929,75,0,0
BRDA:929,75,1,0
BRDA:932,76,0,0
BRDA:932,76,1,0
BRDA:936,77,0,0
BRDA:936,77,1,0
BRDA:946,78,0,0
BRDA:946,78,1,0
BRDA:946,79,0,0
BRDA:946,79,1,0
BRDA:946,79,2,0
BRDA:949,80,0,0
BRDA:949,80,1,0
BRDA:949,81,0,0
BRDA:949,81,1,0
BRDA:962,82,0,0
BRDA:962,82,1,0
BRDA:975,83,0,0
BRDA:975,83,1,0
BRDA:988,84,0,0
BRDA:988,84,1,0
BRDA:992,85,0,0
BRDA:992,85,1,0
BRDA:1011,86,0,0
BRDA:1011,86,1,0
BRDA:1014,87,0,0
BRDA:1014,87,1,0
BRDA:1020,88,0,0
BRDA:1020,88,1,0
BRDA:1024,89,0,0
BRDA:1024,89,1,0
BRDA:1052,90,0,0
BRDA:1052,90,1,0
BRDA:1055,91,0,0
BRDA:1055,91,1,0
BRDA:1059,92,0,0
BRDA:1059,92,1,0
BRDA:1069,93,0,0
BRDA:1069,93,1,0
BRDA:1069,94,0,0
BRDA:1069,94,1,0
BRDA:1069,94,2,0
BRDA:1072,95,0,0
BRDA:1072,95,1,0
BRDA:1072,96,0,0
BRDA:1072,96,1,0
BRDA:1085,97,0,0
BRDA:1085,97,1,0
BRDA:1098,98,0,0
BRDA:1098,98,1,0
BRDA:1110,99,0,0
BRDA:1110,99,1,0
BRDA:1114,100,0,0
BRDA:1114,100,1,0
BRDA:1131,101,0,0
BRDA:1131,101,1,0
BRDA:1134,102,0,0
BRDA:1134,102,1,0
BRDA:1140,103,0,0
BRDA:1140,103,1,0
BRDA:1144,104,0,0
BRDA:1144,104,1,0
BRF:211
BRH:15
end_of_record
TN:
SF:controllers\chatController.js
FN:7,(anonymous_0)
FN:20,(anonymous_1)
FN:22,(anonymous_2)
FN:52,(anonymous_3)
FN:94,(anonymous_4)
FN:139,(anonymous_5)
FN:158,(anonymous_6)
FN:160,(anonymous_7)
FN:177,(anonymous_8)
FNF:9
FNH:0
FNDA:0,(anonymous_0)
FNDA:0,(anonymous_1)
FNDA:0,(anonymous_2)
FNDA:0,(anonymous_3)
FNDA:0,(anonymous_4)
FNDA:0,(anonymous_5)
FNDA:0,(anonymous_6)
FNDA:0,(anonymous_7)
FNDA:0,(anonymous_8)
DA:7,0
DA:8,0
DA:9,0
DA:11,0
DA:20,0
DA:21,0
DA:22,0
DA:25,0
DA:31,0
DA:45,0
DA:47,0
DA:52,0
DA:53,0
DA:54,0
DA:55,0
DA:56,0
DA:59,0
DA:64,0
DA:65,0
DA:68,0
DA:75,0
DA:87,0
DA:89,0
DA:94,0
DA:95,0
DA:96,0
DA:97,0
DA:100,0
DA:101,0
DA:102,0
DA:105,0
DA:108,0
DA:124,0
DA:134,0
DA:139,0
DA:140,0
DA:141,0
DA:142,0
DA:144,0
DA:148,0
DA:149,0
DA:152,0
DA:157,0
DA:158,0
DA:160,0
DA:170,0
DA:172,0
DA:177,0
DA:178,0
DA:179,0
DA:180,0
DA:182,0
LF:52
LH:0
BRDA:33,0,0,0
BRDA:33,0,1,0
BRDA:56,1,0,0
BRDA:56,2,0,0
BRDA:64,3,0,0
BRDA:64,3,1,0
BRDA:101,4,0,0
BRDA:101,4,1,0
BRDA:148,5,0,0
BRDA:148,5,1,0
BRDA:165,6,0,0
BRDA:165,6,1,0
BRDA:166,7,0,0
BRDA:166,7,1,0
BRF:14
BRH:0
end_of_record
TN:
SF:controllers\dashboardController.js
FN:8,(anonymous_0)
FN:66,(anonymous_1)
FN:87,(anonymous_2)
FN:103,(anonymous_3)
FN:112,(anonymous_4)
FN:118,(anonymous_5)
FN:136,(anonymous_6)
FN:154,(anonymous_7)
FN:164,(anonymous_8)
FN:165,(anonymous_9)
FN:173,(anonymous_10)
FN:196,(anonymous_11)
FN:197,(anonymous_12)
FN:205,(anonymous_13)
FN:215,(anonymous_14)
FN:230,(anonymous_15)
FN:239,(anonymous_16)
FN:277,(anonymous_17)
FN:278,(anonymous_18)
FN:284,(anonymous_19)
FN:285,(anonymous_20)
FN:291,(anonymous_21)
FN:292,(anonymous_22)
FN:392,(anonymous_23)
FN:514,(anonymous_24)
FN:553,(anonymous_25)
FN:615,(anonymous_26)
FN:625,(anonymous_27)
FN:654,(anonymous_28)
FN:670,(anonymous_29)
FN:688,(anonymous_30)
FN:689,(anonymous_31)
FN:691,(anonymous_32)
FN:694,(anonymous_33)
FN:703,(anonymous_34)
FN:719,(anonymous_35)
FN:726,(anonymous_36)
FN:735,(anonymous_37)
FN:750,(anonymous_38)
FN:787,(anonymous_39)
FN:824,(anonymous_40)
FN:862,(anonymous_41)
FN:889,(anonymous_42)
FN:918,(anonymous_43)
FNF:44
FNH:0
FNDA:0,(anonymous_0)
FNDA:0,(anonymous_1)
FNDA:0,(anonymous_2)
FNDA:0,(anonymous_3)
FNDA:0,(anonymous_4)
FNDA:0,(anonymous_5)
FNDA:0,(anonymous_6)
FNDA:0,(anonymous_7)
FNDA:0,(anonymous_8)
FNDA:0,(anonymous_9)
FNDA:0,(anonymous_10)
FNDA:0,(anonymous_11)
FNDA:0,(anonymous_12)
FNDA:0,(anonymous_13)
FNDA:0,(anonymous_14)
FNDA:0,(anonymous_15)
FNDA:0,(anonymous_16)
FNDA:0,(anonymous_17)
FNDA:0,(anonymous_18)
FNDA:0,(anonymous_19)
FNDA:0,(anonymous_20)
FNDA:0,(anonymous_21)
FNDA:0,(anonymous_22)
FNDA:0,(anonymous_23)
FNDA:0,(anonymous_24)
FNDA:0,(anonymous_25)
FNDA:0,(anonymous_26)
FNDA:0,(anonymous_27)
FNDA:0,(anonymous_28)
FNDA:0,(anonymous_29)
FNDA:0,(anonymous_30)
FNDA:0,(anonymous_31)
FNDA:0,(anonymous_32)
FNDA:0,(anonymous_33)
FNDA:0,(anonymous_34)
FNDA:0,(anonymous_35)
FNDA:0,(anonymous_36)
FNDA:0,(anonymous_37)
FNDA:0,(anonymous_38)
FNDA:0,(anonymous_39)
FNDA:0,(anonymous_40)
FNDA:0,(anonymous_41)
FNDA:0,(anonymous_42)
FNDA:0,(anonymous_43)
DA:8,0
DA:9,0
DA:12,0
DA:13,0
DA:14,0
DA:15,0
DA:18,0
DA:19,0
DA:20,0
DA:21,0
DA:22,0
DA:23,0
DA:26,0
DA:27,0
DA:28,0
DA:29,0
DA:32,0
DA:33,0
DA:36,0
DA:37,0
DA:40,0
DA:41,0
DA:42,0
DA:45,0
DA:46,0
DA:47,0
DA:49,0
DA:66,0
DA:67,0
DA:72,0
DA:74,0
DA:75,0
DA:76,0
DA:79,0
DA:80,0
DA:81,0
DA:83,0
DA:86,0
DA:87,0
DA:88,0
DA:89,0
DA:90,0
DA:93,0
DA:94,0
DA:95,0
DA:96,0
DA:99,0
DA:103,0
DA:104,0
DA:109,0
DA:111,0
DA:112,0
DA:113,0
DA:114,0
DA:115,0
DA:118,0
DA:119,0
DA:120,0
DA:122,0
DA:123,0
DA:124,0
DA:125,0
DA:126,0
DA:128,0
DA:132,0
DA:136,0
DA:137,0
DA:139,0
DA:146,0
DA:147,0
DA:149,0
DA:150,0
DA:151,0
DA:152,0
DA:154,0
DA:155,0
DA:156,0
DA:157,0
DA:160,0
DA:164,0
DA:165,0
DA:169,0
DA:173,0
DA:174,0
DA:176,0
DA:177,0
DA:178,0
DA:179,0
DA:181,0
DA:182,0
DA:183,0
DA:185,0
DA:191,0
DA:196,0
DA:197,0
DA:201,0
DA:205,0
DA:206,0
DA:208,0
DA:214,0
DA:215,0
DA:216,0
DA:217,0
DA:220,0
DA:221,0
DA:230,0
DA:239,0
DA:240,0
DA:241,0
DA:242,0
DA:251,0
DA:254,0
DA:261,0
DA:268,0
DA:275,0
DA:277,0
DA:278,0
DA:282,0
DA:284,0
DA:285,0
DA:289,0
DA:291,0
DA:292,0
DA:296,0
DA:303,0
DA:310,0
DA:319,0
DA:320,0
DA:323,0
DA:324,0
DA:331,0
DA:332,0
DA:333,0
DA:336,0
DA:341,0
DA:347,0
DA:348,0
DA:349,0
DA:354,0
DA:356,0
DA:386,0
DA:387,0
DA:392,0
DA:393,0
DA:394,0
DA:395,0
DA:398,0
DA:399,0
DA:400,0
DA:401,0
DA:403,0
DA:409,0
DA:410,0
DA:412,0
DA:453,0
DA:454,0
DA:455,0
DA:457,0
DA:473,0
DA:490,0
DA:498,0
DA:509,0
DA:514,0
DA:515,0
DA:516,0
DA:517,0
DA:519,0
DA:532,0
DA:533,0
DA:534,0
DA:535,0
DA:538,0
DA:539,0
DA:541,0
DA:553,0
DA:554,0
DA:556,0
DA:557,0
DA:564,0
DA:567,0
DA:568,0
DA:573,0
DA:574,0
DA:579,0
DA:580,0
DA:585,0
DA:586,0
DA:593,0
DA:597,0
DA:609,0
DA:610,0
DA:615,0
DA:616,0
DA:617,0
DA:618,0
DA:620,0
DA:621,0
DA:625,0
DA:626,0
DA:630,0
DA:640,0
DA:642,0
DA:651,0
DA:654,0
DA:655,0
DA:656,0
DA:662,0
DA:663,0
DA:665,0
DA:670,0
DA:671,0
DA:672,0
DA:673,0
DA:675,0
DA:676,0
DA:677,0
DA:679,0
DA:686,0
DA:688,0
DA:689,0
DA:691,0
DA:694,0
DA:703,0
DA:704,0
DA:705,0
DA:706,0
DA:712,0
DA:713,0
DA:714,0
DA:718,0
DA:719,0
DA:720,0
DA:721,0
DA:725,0
DA:726,0
DA:727,0
DA:728,0
DA:729,0
DA:734,0
DA:735,0
DA:736,0
DA:737,0
DA:738,0
DA:742,0
DA:744,0
DA:745,0
DA:750,0
DA:751,0
DA:752,0
DA:753,0
DA:755,0
DA:757,0
DA:758,0
DA:759,0
DA:760,0
DA:761,0
DA:764,0
DA:765,0
DA:771,0
DA:781,0
DA:782,0
DA:787,0
DA:788,0
DA:789,0
DA:790,0
DA:791,0
DA:793,0
DA:794,0
DA:795,0
DA:799,0
DA:800,0
DA:803,0
DA:804,0
DA:807,0
DA:808,0
DA:816,0
DA:818,0
DA:819,0
DA:824,0
DA:825,0
DA:826,0
DA:827,0
DA:829,0
DA:830,0
DA:831,0
DA:835,0
DA:843,0
DA:846,0
DA:847,0
DA:849,0
DA:854,0
DA:856,0
DA:857,0
DA:862,0
DA:863,0
DA:864,0
DA:874,0
DA:876,0
DA:878,0
DA:879,0
DA:880,0
DA:881,0
DA:882,0
DA:883,0
DA:884,0
DA:885,0
DA:888,0
DA:889,0
DA:892,0
DA:898,0
DA:913,0
DA:918,0
DA:919,0
DA:920,0
DA:929,0
DA:931,0
DA:933,0
DA:934,0
DA:935,0
DA:936,0
DA:937,0
DA:938,0
DA:939,0
DA:941,0
DA:947,0
DA:962,0
LF:326
LH:0
BRDA:72,0,0,0
BRDA:72,0,1,0
BRDA:83,1,0,0
BRDA:83,1,1,0
BRDA:109,2,0,0
BRDA:109,2,1,0
BRDA:124,3,0,0
BRDA:124,3,1,0
BRDA:164,4,0,0
BRDA:164,4,1,0
BRDA:165,5,0,0
BRDA:165,5,1,0
BRDA:196,6,0,0
BRDA:196,6,1,0
BRDA:197,7,0,0
BRDA:197,7,1,0
BRDA:216,8,0,0
BRDA:216,8,1,0
BRDA:217,9,0,0
BRDA:217,9,1,0
BRDA:220,10,0,0
BRDA:220,10,1,0
BRDA:234,11,0,0
BRDA:234,11,1,0
BRDA:277,12,0,0
BRDA:277,12,1,0
BRDA:278,13,0,0
BRDA:278,13,1,0
BRDA:284,14,0,0
BRDA:284,14,1,0
BRDA:285,15,0,0
BRDA:285,15,1,0
BRDA:291,16,0,0
BRDA:291,16,1,0
BRDA:292,17,0,0
BRDA:292,17,1,0
BRDA:323,18,0,0
BRDA:323,18,1,0
BRDA:336,19,0,0
BRDA:336,19,1,0
BRDA:363,20,0,0
BRDA:363,20,1,0
BRDA:364,21,0,0
BRDA:364,21,1,0
BRDA:492,22,0,0
BRDA:492,22,1,0
BRDA:493,23,0,0
BRDA:493,23,1,0
BRDA:495,24,0,0
BRDA:495,24,1,0
BRDA:533,25,0,0
BRDA:533,25,1,0
BRDA:534,26,0,0
BRDA:534,26,1,0
BRDA:535,27,0,0
BRDA:535,27,1,0
BRDA:547,28,0,0
BRDA:547,28,1,0
BRDA:556,29,0,0
BRDA:556,29,1,0
BRDA:567,30,0,0
BRDA:567,30,1,0
BRDA:573,31,0,0
BRDA:573,31,1,0
BRDA:579,32,0,0
BRDA:579,32,1,0
BRDA:585,33,0,0
BRDA:585,33,1,0
BRDA:620,34,0,0
BRDA:620,34,1,0
BRDA:626,35,0,0
BRDA:626,35,1,0
BRDA:634,36,0,0
BRDA:634,36,1,0
BRDA:635,37,0,0
BRDA:635,37,1,0
BRDA:655,38,0,0
BRDA:655,38,1,0
BRDA:673,39,0,0
BRDA:688,40,0,0
BRDA:688,40,1,0
BRDA:689,41,0,0
BRDA:689,41,1,0
BRDA:690,42,0,0
BRDA:690,42,1,0
BRDA:691,43,0,0
BRDA:691,43,1,0
BRDA:693,44,0,0
BRDA:693,44,1,0
BRDA:694,45,0,0
BRDA:694,45,1,0
BRDA:704,46,0,0
BRDA:704,46,1,0
BRDA:705,47,0,0
BRDA:705,47,1,0
BRDA:713,48,0,0
BRDA:713,48,1,0
BRDA:714,49,0,0
BRDA:714,49,1,0
BRDA:721,50,0,0
BRDA:721,50,1,0
BRDA:727,51,0,0
BRDA:727,51,1,0
BRDA:736,52,0,0
BRDA:736,52,1,0
BRDA:753,53,0,0
BRDA:753,54,0,0
BRDA:757,55,0,0
BRDA:757,55,1,0
BRDA:758,56,0,0
BRDA:758,56,1,0
BRDA:758,57,0,0
BRDA:758,57,1,0
BRDA:760,58,0,0
BRDA:760,58,1,0
BRDA:761,59,0,0
BRDA:761,59,1,0
BRDA:794,60,0,0
BRDA:794,60,1,0
BRDA:799,61,0,0
BRDA:799,61,1,0
BRDA:800,62,0,0
BRDA:800,62,1,0
BRDA:807,63,0,0
BRDA:807,63,1,0
BRDA:807,64,0,0
BRDA:807,64,1,0
BRDA:830,65,0,0
BRDA:830,65,1,0
BRDA:838,66,0,0
BRDA:838,66,1,0
BRDA:839,67,0,0
BRDA:839,67,1,0
BRDA:878,68,0,0
BRDA:878,68,1,0
BRDA:879,69,0,0
BRDA:879,69,1,0
BRDA:880,70,0,0
BRDA:880,70,1,0
BRDA:880,71,0,0
BRDA:880,71,1,0
BRDA:881,72,0,0
BRDA:881,72,1,0
BRDA:881,73,0,0
BRDA:881,73,1,0
BRDA:882,74,0,0
BRDA:882,74,1,0
BRDA:882,75,0,0
BRDA:882,75,1,0
BRDA:883,76,0,0
BRDA:883,76,1,0
BRDA:884,77,0,0
BRDA:884,77,1,0
BRDA:885,78,0,0
BRDA:885,78,1,0
BRDA:889,79,0,0
BRDA:889,79,1,0
BRDA:933,80,0,0
BRDA:933,80,1,0
BRDA:934,81,0,0
BRDA:934,81,1,0
BRDA:935,82,0,0
BRDA:935,82,1,0
BRDA:936,83,0,0
BRDA:936,83,1,0
BRDA:937,84,0,0
BRDA:937,84,1,0
BRDA:938,85,0,0
BRDA:938,85,1,0
BRDA:939,86,0,0
BRDA:939,86,1,0
BRF:171
BRH:0
end_of_record
TN:
SF:controllers\exerciseController.js
FN:5,(anonymous_0)
FN:54,(anonymous_1)
FN:82,(anonymous_2)
FN:108,(anonymous_3)
FN:109,(anonymous_4)
FN:113,(anonymous_5)
FN:137,(anonymous_6)
FN:152,(anonymous_7)
FN:168,(anonymous_8)
FN:189,(anonymous_9)
FN:220,(anonymous_10)
FN:245,(anonymous_11)
FN:264,(anonymous_12)
FN:284,(anonymous_13)
FN:325,(anonymous_14)
FN:341,(anonymous_15)
FN:361,(anonymous_16)
FN:371,(anonymous_17)
FN:390,(anonymous_18)
FN:419,(anonymous_19)
FN:420,(anonymous_20)
FN:429,(anonymous_21)
FN:454,(anonymous_22)
FN:489,(anonymous_23)
FN:535,(anonymous_24)
FN:568,(anonymous_25)
FN:601,(anonymous_26)
FN:619,(anonymous_27)
FN:649,(anonymous_28)
FN:660,(anonymous_29)
FN:672,(anonymous_30)
FN:707,(anonymous_31)
FN:732,(anonymous_32)
FNF:33
FNH:14
FNDA:3,(anonymous_0)
FNDA:3,(anonymous_1)
FNDA:3,(anonymous_2)
FNDA:1,(anonymous_3)
FNDA:0,(anonymous_4)
FNDA:1,(anonymous_5)
FNDA:2,(anonymous_6)
FNDA:0,(anonymous_7)
FNDA:2,(anonymous_8)
FNDA:3,(anonymous_9)
FNDA:3,(anonymous_10)
FNDA:0,(anonymous_11)
FNDA:0,(anonymous_12)
FNDA:0,(anonymous_13)
FNDA:2,(anonymous_14)
FNDA:0,(anonymous_15)
FNDA:0,(anonymous_16)
FNDA:0,(anonymous_17)
FNDA:0,(anonymous_18)
FNDA:0,(anonymous_19)
FNDA:0,(anonymous_20)
FNDA:0,(anonymous_21)
FNDA:0,(anonymous_22)
FNDA:0,(anonymous_23)
FNDA:3,(anonymous_24)
FNDA:0,(anonymous_25)
FNDA:0,(anonymous_26)
FNDA:3,(anonymous_27)
FNDA:2,(anonymous_28)
FNDA:1,(anonymous_29)
FNDA:0,(anonymous_30)
FNDA:0,(anonymous_31)
FNDA:0,(anonymous_32)
DA:5,1
DA:7,3
DA:9,3
DA:10,0
DA:13,3
DA:14,0
DA:17,3
DA:18,0
DA:21,0
DA:24,3
DA:25,0
DA:28,0
DA:31,3
DA:32,0
DA:35,0
DA:38,3
DA:39,0
DA:42,3
DA:43,0
DA:46,3
DA:47,0
DA:50,3
DA:54,1
DA:55,3
DA:56,3
DA:58,3
DA:60,3
DA:61,3
DA:63,0
DA:64,0
DA:66,0
DA:67,0
DA:69,0
DA:70,0
DA:72,0
DA:73,0
DA:75,0
DA:78,3
DA:82,1
DA:83,3
DA:89,3
DA:92,3
DA:93,3
DA:96,3
DA:104,2
DA:105,1
DA:106,1
DA:108,1
DA:109,1
DA:110,1
DA:113,1
DA:114,1
DA:118,2
DA:120,2
DA:131,1
DA:132,1
DA:137,1
DA:138,2
DA:139,2
DA:141,2
DA:145,2
DA:146,1
DA:150,1
DA:151,0
DA:152,0
DA:153,0
DA:155,1
DA:159,1
DA:161,1
DA:163,0
DA:168,1
DA:169,2
DA:170,2
DA:171,2
DA:176,2
DA:177,1
DA:179,1
DA:184,1
DA:189,1
DA:190,3
DA:191,3
DA:192,3
DA:194,3
DA:195,3
DA:196,1
DA:200,2
DA:201,1
DA:204,1
DA:210,1
DA:215,0
DA:220,1
DA:221,3
DA:222,3
DA:223,3
DA:225,3
DA:226,3
DA:227,1
DA:231,2
DA:232,1
DA:236,1
DA:238,1
DA:240,0
DA:245,1
DA:246,0
DA:247,0
DA:248,0
DA:249,0
DA:250,0
DA:252,0
DA:259,0
DA:264,1
DA:265,0
DA:266,0
DA:267,0
DA:268,0
DA:270,0
DA:271,0
DA:274,0
DA:275,0
DA:276,0
DA:280,0
DA:281,0
DA:283,0
DA:284,0
DA:286,0
DA:287,0
DA:288,0
DA:290,0
DA:292,0
DA:295,0
DA:300,0
DA:301,0
DA:302,0
DA:303,0
DA:305,0
DA:307,0
DA:312,0
DA:319,0
DA:320,0
DA:325,1
DA:326,2
DA:327,2
DA:329,2
DA:334,1
DA:336,1
DA:341,1
DA:342,0
DA:343,0
DA:344,0
DA:346,0
DA:354,0
DA:356,0
DA:361,1
DA:362,0
DA:363,0
DA:364,0
DA:366,0
DA:367,0
DA:371,0
DA:376,0
DA:378,0
DA:384,0
DA:385,0
DA:390,1
DA:391,0
DA:392,0
DA:394,0
DA:395,0
DA:398,0
DA:399,0
DA:400,0
DA:402,0
DA:403,0
DA:408,0
DA:409,0
DA:412,0
DA:416,0
DA:419,0
DA:420,0
DA:423,0
DA:424,0
DA:429,1
DA:430,0
DA:431,0
DA:433,0
DA:434,0
DA:438,0
DA:443,0
DA:448,0
DA:449,0
DA:454,1
DA:455,0
DA:456,0
DA:457,0
DA:459,0
DA:460,0
DA:461,0
DA:465,0
DA:466,0
DA:467,0
DA:468,0
DA:469,0
DA:470,0
DA:471,0
DA:472,0
DA:473,0
DA:475,0
DA:476,0
DA:478,0
DA:483,0
DA:484,0
DA:489,1
DA:490,0
DA:491,0
DA:493,0
DA:499,0
DA:505,0
DA:510,0
DA:515,0
DA:520,0
DA:529,0
DA:530,0
DA:535,1
DA:536,3
DA:537,3
DA:539,3
DA:540,1
DA:544,2
DA:556,1
DA:562,1
DA:563,1
DA:568,1
DA:569,0
DA:570,0
DA:571,0
DA:573,0
DA:574,0
DA:575,0
DA:579,0
DA:593,0
DA:595,0
DA:596,0
DA:601,1
DA:602,0
DA:603,0
DA:605,0
DA:611,0
DA:613,0
DA:614,0
DA:619,1
DA:620,3
DA:621,3
DA:622,3
DA:624,3
DA:625,3
DA:626,1
DA:629,2
DA:630,2
DA:631,0
DA:634,2
DA:635,1
DA:638,1
DA:639,1
DA:641,1
DA:643,0
DA:644,0
DA:649,1
DA:650,2
DA:651,2
DA:652,2
DA:654,2
DA:655,2
DA:656,1
DA:659,1
DA:660,1
DA:662,1
DA:664,1
DA:666,0
DA:667,0
DA:672,1
DA:673,0
DA:674,0
DA:675,0
DA:677,0
DA:686,0
DA:691,0
DA:701,0
DA:702,0
DA:707,1
DA:708,0
DA:709,0
DA:711,0
DA:717,0
DA:718,0
DA:721,0
DA:726,0
DA:727,0
DA:732,1
DA:733,0
DA:734,0
DA:736,0
DA:737,0
DA:738,0
DA:741,0
DA:743,0
DA:744,0
LF:306
LH:129
BRDA:7,0,0,0
BRDA:7,0,1,3
BRDA:9,1,0,0
BRDA:9,1,1,3
BRDA:13,2,0,0
BRDA:13,2,1,3
BRDA:17,3,0,0
BRDA:17,3,1,3
BRDA:18,4,0,0
BRDA:18,4,1,0
BRDA:24,5,0,0
BRDA:24,5,1,3
BRDA:25,6,0,0
BRDA:25,6,1,0
BRDA:31,7,0,0
BRDA:31,7,1,3
BRDA:32,8,0,0
BRDA:32,8,1,0
BRDA:38,9,0,0
BRDA:38,9,1,3
BRDA:42,10,0,0
BRDA:42,10,1,3
BRDA:46,11,0,0
BRDA:46,11,1,3
BRDA:54,12,0,0
BRDA:54,13,0,0
BRDA:56,14,0,3
BRDA:56,14,1,0
BRDA:58,15,0,3
BRDA:58,15,1,0
BRDA:58,15,2,0
BRDA:58,15,3,0
BRDA:58,15,4,0
BRDA:58,15,5,0
BRDA:85,16,0,3
BRDA:86,17,0,3
BRDA:87,18,0,3
BRDA:88,19,0,3
BRDA:104,20,0,1
BRDA:104,20,1,1
BRDA:106,21,0,1
BRDA:106,21,1,0
BRDA:110,22,0,0
BRDA:110,22,1,1
BRDA:145,23,0,1
BRDA:145,23,1,1
BRDA:150,24,0,0
BRDA:150,24,1,1
BRDA:153,25,0,0
BRDA:153,25,1,0
BRDA:195,26,0,1
BRDA:195,26,1,2
BRDA:200,27,0,1
BRDA:200,27,1,1
BRDA:200,28,0,2
BRDA:200,28,1,2
BRDA:226,29,0,1
BRDA:226,29,1,2
BRDA:231,30,0,1
BRDA:231,30,1,1
BRDA:231,31,0,2
BRDA:231,31,1,2
BRDA:270,32,0,0
BRDA:270,32,1,0
BRDA:270,33,0,0
BRDA:270,33,1,0
BRDA:270,33,2,0
BRDA:275,34,0,0
BRDA:275,34,1,0
BRDA:281,35,0,0
BRDA:281,35,1,0
BRDA:286,36,0,0
BRDA:286,36,1,0
BRDA:303,37,0,0
BRDA:303,37,1,0
BRDA:303,38,0,0
BRDA:303,38,1,0
BRDA:305,39,0,0
BRDA:305,39,1,0
BRDA:327,40,0,2
BRDA:344,41,0,0
BRDA:366,42,0,0
BRDA:366,42,1,0
BRDA:366,43,0,0
BRDA:366,43,1,0
BRDA:394,44,0,0
BRDA:394,44,1,0
BRDA:394,45,0,0
BRDA:394,45,1,0
BRDA:400,46,0,0
BRDA:400,46,1,0
BRDA:408,47,0,0
BRDA:408,47,1,0
BRDA:433,48,0,0
BRDA:433,48,1,0
BRDA:433,49,0,0
BRDA:433,49,1,0
BRDA:460,50,0,0
BRDA:460,50,1,0
BRDA:526,51,0,0
BRDA:526,51,1,0
BRDA:537,52,0,3
BRDA:539,53,0,1
BRDA:539,53,1,2
BRDA:539,54,0,3
BRDA:539,54,1,2
BRDA:571,55,0,0
BRDA:574,56,0,0
BRDA:574,56,1,0
BRDA:611,57,0,0
BRDA:611,57,1,0
BRDA:625,58,0,1
BRDA:625,58,1,2
BRDA:630,59,0,0
BRDA:630,59,1,2
BRDA:634,60,0,1
BRDA:634,60,1,1
BRDA:655,61,0,1
BRDA:655,61,1,1
BRDA:655,62,0,2
BRDA:655,62,1,2
BRDA:675,63,0,0
BRDA:675,64,0,0
BRDA:717,65,0,0
BRDA:717,65,1,0
BRDA:737,66,0,0
BRDA:737,66,1,0
BRF:127
BRH:49
end_of_record
TN:
SF:controllers\paymentController.js
FN:15,(anonymous_0)
FN:109,(anonymous_1)
FN:212,(anonymous_2)
FN:238,(anonymous_3)
FN:252,(anonymous_4)
FN:288,(anonymous_5)
FN:362,(anonymous_6)
FN:407,(anonymous_7)
FN:436,(anonymous_8)
FN:498,(anonymous_9)
FN:516,(anonymous_10)
FN:526,(anonymous_11)
FN:538,(anonymous_12)
FN:550,(anonymous_13)
FN:597,(anonymous_14)
FN:614,(anonymous_15)
FN:629,(anonymous_16)
FN:645,(anonymous_17)
FN:699,(anonymous_18)
FN:713,(anonymous_19)
FN:742,(anonymous_20)
FN:789,(anonymous_21)
FN:880,(anonymous_22)
FNF:23
FNH:0
FNDA:0,(anonymous_0)
FNDA:0,(anonymous_1)
FNDA:0,(anonymous_2)
FNDA:0,(anonymous_3)
FNDA:0,(anonymous_4)
FNDA:0,(anonymous_5)
FNDA:0,(anonymous_6)
FNDA:0,(anonymous_7)
FNDA:0,(anonymous_8)
FNDA:0,(anonymous_9)
FNDA:0,(anonymous_10)
FNDA:0,(anonymous_11)
FNDA:0,(anonymous_12)
FNDA:0,(anonymous_13)
FNDA:0,(anonymous_14)
FNDA:0,(anonymous_15)
FNDA:0,(anonymous_16)
FNDA:0,(anonymous_17)
FNDA:0,(anonymous_18)
FNDA:0,(anonymous_19)
FNDA:0,(anonymous_20)
FNDA:0,(anonymous_21)
FNDA:0,(anonymous_22)
DA:11,0
DA:12,0
DA:15,0
DA:16,0
DA:17,0
DA:18,0
DA:21,0
DA:22,0
DA:29,0
DA:30,0
DA:31,0
DA:36,0
DA:38,0
DA:39,0
DA:41,0
DA:50,0
DA:56,0
DA:73,0
DA:88,0
DA:94,0
DA:97,0
DA:98,0
DA:104,0
DA:109,0
DA:110,0
DA:111,0
DA:112,0
DA:115,0
DA:116,0
DA:123,0
DA:124,0
DA:130,0
DA:134,0
DA:135,0
DA:137,0
DA:145,0
DA:151,0
DA:164,0
DA:165,0
DA:168,0
DA:184,0
DA:190,0
DA:193,0
DA:194,0
DA:200,0
DA:201,0
DA:207,0
DA:212,0
DA:213,0
DA:214,0
DA:215,0
DA:217,0
DA:224,0
DA:226,0
DA:233,0
DA:238,0
DA:239,0
DA:240,0
DA:242,0
DA:245,0
DA:247,0
DA:252,0
DA:253,0
DA:254,0
DA:255,0
DA:258,0
DA:263,0
DA:264,0
DA:268,0
DA:276,0
DA:281,0
DA:283,0
DA:288,0
DA:289,0
DA:290,0
DA:291,0
DA:293,0
DA:294,0
DA:295,0
DA:303,0
DA:322,0
DA:348,0
DA:357,0
DA:362,0
DA:363,0
DA:366,0
DA:367,0
DA:369,0
DA:370,0
DA:373,0
DA:374,0
DA:376,0
DA:377,0
DA:380,0
DA:381,0
DA:384,0
DA:385,0
DA:388,0
DA:389,0
DA:392,0
DA:393,0
DA:396,0
DA:399,0
DA:401,0
DA:402,0
DA:407,0
DA:408,0
DA:417,0
DA:418,0
DA:428,0
DA:429,0
DA:430,0
DA:431,0
DA:432,0
DA:434,0
DA:435,0
DA:436,0
DA:437,0
DA:438,0
DA:439,0
DA:441,0
DA:442,0
DA:444,0
DA:461,0
DA:476,0
DA:477,0
DA:479,0
DA:480,0
DA:483,0
DA:484,0
DA:485,0
DA:486,0
DA:488,0
DA:489,0
DA:490,0
DA:493,0
DA:498,0
DA:499,0
DA:508,0
DA:509,0
DA:516,0
DA:518,0
DA:519,0
DA:526,0
DA:527,0
DA:538,0
DA:539,0
DA:550,0
DA:551,0
DA:552,0
DA:553,0
DA:555,0
DA:559,0
DA:560,0
DA:563,0
DA:564,0
DA:568,0
DA:569,0
DA:576,0
DA:579,0
DA:585,0
DA:591,0
DA:592,0
DA:597,0
DA:598,0
DA:599,0
DA:600,0
DA:602,0
DA:603,0
DA:606,0
DA:608,0
DA:609,0
DA:614,0
DA:615,0
DA:616,0
DA:617,0
DA:619,0
DA:620,0
DA:623,0
DA:628,0
DA:629,0
DA:639,0
DA:640,0
DA:645,0
DA:646,0
DA:647,0
DA:648,0
DA:650,0
DA:654,0
DA:655,0
DA:657,0
DA:663,0
DA:669,0
DA:674,0
DA:679,0
DA:680,0
DA:686,0
DA:691,0
DA:693,0
DA:694,0
DA:699,0
DA:700,0
DA:701,0
DA:703,0
DA:705,0
DA:707,0
DA:708,0
DA:713,0
DA:714,0
DA:715,0
DA:716,0
DA:718,0
DA:720,0
DA:721,0
DA:724,0
DA:730,0
DA:734,0
DA:736,0
DA:737,0
DA:742,0
DA:743,0
DA:744,0
DA:745,0
DA:747,0
DA:749,0
DA:750,0
DA:753,0
DA:754,0
DA:758,0
DA:769,0
DA:777,0
DA:783,0
DA:784,0
DA:789,0
DA:790,0
DA:791,0
DA:792,0
DA:794,0
DA:795,0
DA:796,0
DA:804,0
DA:822,0
DA:839,0
DA:864,0
DA:874,0
DA:875,0
DA:880,0
DA:881,0
DA:882,0
DA:884,0
DA:886,0
DA:888,0
DA:897,0
DA:898,0
LF:254
LH:0
BRDA:21,0,0,0
BRDA:21,0,1,0
BRDA:21,1,0,0
BRDA:21,1,1,0
BRDA:30,2,0,0
BRDA:30,2,1,0
BRDA:38,3,0,0
BRDA:38,3,1,0
BRDA:97,4,0,0
BRDA:97,4,1,0
BRDA:115,5,0,0
BRDA:115,5,1,0
BRDA:115,6,0,0
BRDA:115,6,1,0
BRDA:123,7,0,0
BRDA:123,7,1,0
BRDA:123,8,0,0
BRDA:123,8,1,0
BRDA:134,9,0,0
BRDA:134,9,1,0
BRDA:177,10,0,0
BRDA:177,10,1,0
BRDA:193,11,0,0
BRDA:193,11,1,0
BRDA:200,12,0,0
BRDA:200,12,1,0
BRDA:215,13,0,0
BRDA:215,14,0,0
BRDA:263,15,0,0
BRDA:263,15,1,0
BRDA:294,16,0,0
BRDA:294,16,1,0
BRDA:294,17,0,0
BRDA:294,17,1,0
BRDA:349,18,0,0
BRDA:349,18,1,0
BRDA:374,19,0,0
BRDA:374,19,1,0
BRDA:374,19,2,0
BRDA:374,19,3,0
BRDA:374,19,4,0
BRDA:374,19,5,0
BRDA:417,20,0,0
BRDA:417,20,1,0
BRDA:417,21,0,0
BRDA:417,21,1,0
BRDA:428,22,0,0
BRDA:428,22,1,0
BRDA:428,23,0,0
BRDA:428,23,1,0
BRDA:434,24,0,0
BRDA:434,24,1,0
BRDA:434,25,0,0
BRDA:434,25,1,0
BRDA:434,25,2,0
BRDA:442,26,0,0
BRDA:442,26,1,0
BRDA:446,27,0,0
BRDA:446,27,1,0
BRDA:449,28,0,0
BRDA:449,28,1,0
BRDA:449,29,0,0
BRDA:449,29,1,0
BRDA:449,30,0,0
BRDA:449,30,1,0
BRDA:453,31,0,0
BRDA:453,31,1,0
BRDA:468,32,0,0
BRDA:468,32,1,0
BRDA:472,33,0,0
BRDA:472,33,1,0
BRDA:479,34,0,0
BRDA:479,34,1,0
BRDA:508,35,0,0
BRDA:508,35,1,0
BRDA:508,36,0,0
BRDA:508,36,1,0
BRDA:518,37,0,0
BRDA:518,37,1,0
BRDA:559,38,0,0
BRDA:559,38,1,0
BRDA:563,39,0,0
BRDA:563,39,1,0
BRDA:568,40,0,0
BRDA:568,40,1,0
BRDA:602,41,0,0
BRDA:602,41,1,0
BRDA:619,42,0,0
BRDA:619,42,1,0
BRDA:654,43,0,0
BRDA:654,43,1,0
BRDA:679,44,0,0
BRDA:679,44,1,0
BRDA:720,45,0,0
BRDA:720,45,1,0
BRDA:749,46,0,0
BRDA:749,46,1,0
BRDA:753,47,0,0
BRDA:753,47,1,0
BRDA:760,48,0,0
BRDA:760,48,1,0
BRDA:761,49,0,0
BRDA:761,49,1,0
BRDA:795,50,0,0
BRDA:795,50,1,0
BRDA:795,51,0,0
BRDA:795,51,1,0
BRDA:865,52,0,0
BRDA:865,52,1,0
BRF:109
BRH:0
end_of_record
TN:
SF:controllers\sessionRequestController.js
FN:10,(anonymous_0)
FN:16,(anonymous_1)
FN:25,(anonymous_2)
FN:56,(anonymous_3)
FN:69,(anonymous_4)
FN:85,(anonymous_5)
FN:97,(anonymous_6)
FN:194,(anonymous_7)
FN:317,(anonymous_8)
FN:355,(anonymous_9)
FN:369,(anonymous_10)
FN:477,(anonymous_11)
FNF:12
FNH:0
FNDA:0,(anonymous_0)
FNDA:0,(anonymous_1)
FNDA:0,(anonymous_2)
FNDA:0,(anonymous_3)
FNDA:0,(anonymous_4)
FNDA:0,(anonymous_5)
FNDA:0,(anonymous_6)
FNDA:0,(anonymous_7)
FNDA:0,(anonymous_8)
FNDA:0,(anonymous_9)
FNDA:0,(anonymous_10)
FNDA:0,(anonymous_11)
DA:10,0
DA:11,0
DA:12,0
DA:13,0
DA:16,0
DA:17,0
DA:25,0
DA:26,0
DA:27,0
DA:29,0
DA:30,0
DA:32,0
DA:33,0
DA:35,0
DA:46,0
DA:47,0
DA:48,0
DA:50,0
DA:51,0
DA:56,0
DA:57,0
DA:58,0
DA:62,0
DA:64,0
DA:69,0
DA:70,0
DA:71,0
DA:72,0
DA:73,0
DA:74,0
DA:77,0
DA:79,0
DA:85,0
DA:86,0
DA:87,0
DA:88,0
DA:89,0
DA:91,0
DA:92,0
DA:93,0
DA:96,0
DA:97,0
DA:98,0
DA:101,0
DA:104,0
DA:105,0
DA:106,0
DA:108,0
DA:112,0
DA:114,0
DA:115,0
DA:117,0
DA:118,0
DA:120,0
DA:125,0
DA:128,0
DA:142,0
DA:143,0
DA:146,0
DA:163,0
DA:164,0
DA:165,0
DA:166,0
DA:167,0
DA:168,0
DA:169,0
DA:170,0
DA:172,0
DA:173,0
DA:175,0
DA:187,0
DA:188,0
DA:194,0
DA:195,0
DA:196,0
DA:197,0
DA:198,0
DA:200,0
DA:201,0
DA:204,0
DA:205,0
DA:206,0
DA:213,0
DA:214,0
DA:217,0
DA:218,0
DA:219,0
DA:220,0
DA:224,0
DA:228,0
DA:229,0
DA:230,0
DA:231,0
DA:232,0
DA:233,0
DA:234,0
DA:235,0
DA:237,0
DA:240,0
DA:241,0
DA:246,0
DA:247,0
DA:248,0
DA:249,0
DA:251,0
DA:273,0
DA:290,0
DA:291,0
DA:294,0
DA:295,0
DA:296,0
DA:297,0
DA:299,0
DA:301,0
DA:302,0
DA:304,0
DA:311,0
DA:312,0
DA:317,0
DA:318,0
DA:319,0
DA:320,0
DA:321,0
DA:323,0
DA:324,0
DA:325,0
DA:326,0
DA:329,0
DA:333,0
DA:334,0
DA:335,0
DA:337,0
DA:341,0
DA:342,0
DA:343,0
DA:345,0
DA:346,0
DA:348,0
DA:350,0
DA:355,0
DA:356,0
DA:357,0
DA:361,0
DA:363,0
DA:369,0
DA:370,0
DA:371,0
DA:372,0
DA:374,0
DA:375,0
DA:376,0
DA:378,0
DA:379,0
DA:384,0
DA:388,0
DA:389,0
DA:390,0
DA:391,0
DA:394,0
DA:398,0
DA:400,0
DA:409,0
DA:410,0
DA:413,0
DA:414,0
DA:418,0
DA:419,0
DA:429,0
DA:430,0
DA:433,0
DA:434,0
DA:436,0
DA:441,0
DA:444,0
DA:459,0
DA:460,0
DA:461,0
DA:463,0
DA:470,0
DA:471,0
DA:477,0
DA:478,0
DA:479,0
DA:480,0
DA:482,0
DA:483,0
DA:486,0
DA:487,0
DA:490,0
DA:491,0
DA:495,0
DA:499,0
DA:500,0
DA:503,0
DA:505,0
DA:506,0
DA:510,0
DA:511,0
DA:512,0
DA:514,0
DA:531,0
DA:547,0
DA:548,0
DA:551,0
DA:552,0
DA:555,0
DA:556,0
DA:557,0
DA:558,0
DA:560,0
DA:567,0
DA:569,0
DA:571,0
DA:572,0
LF:214
LH:0
BRDA:29,0,0,0
BRDA:29,0,1,0
BRDA:29,1,0,0
BRDA:29,1,1,0
BRDA:29,1,2,0
BRDA:29,1,3,0
BRDA:33,2,0,0
BRDA:33,2,1,0
BRDA:41,3,0,0
BRDA:41,3,1,0
BRDA:42,4,0,0
BRDA:42,4,1,0
BRDA:73,5,0,0
BRDA:73,5,1,0
BRDA:92,6,0,0
BRDA:92,6,1,0
BRDA:93,7,0,0
BRDA:93,7,1,0
BRDA:98,8,0,0
BRDA:98,8,1,0
BRDA:98,8,2,0
BRDA:98,8,3,0
BRDA:108,9,0,0
BRDA:108,9,1,0
BRDA:108,9,2,0
BRDA:112,10,0,0
BRDA:112,10,1,0
BRDA:115,11,0,0
BRDA:115,11,1,0
BRDA:117,12,0,0
BRDA:117,12,1,0
BRDA:165,13,0,0
BRDA:165,13,1,0
BRDA:167,14,0,0
BRDA:167,14,1,0
BRDA:168,15,0,0
BRDA:168,15,1,0
BRDA:169,16,0,0
BRDA:169,16,1,0
BRDA:178,17,0,0
BRDA:178,17,1,0
BRDA:201,18,0,0
BRDA:201,18,1,0
BRDA:204,19,0,0
BRDA:204,19,1,0
BRDA:204,20,0,0
BRDA:204,20,1,0
BRDA:213,21,0,0
BRDA:213,21,1,0
BRDA:217,22,0,0
BRDA:217,22,1,0
BRDA:217,23,0,0
BRDA:217,23,1,0
BRDA:224,24,0,0
BRDA:224,24,1,0
BRDA:224,24,2,0
BRDA:228,25,0,0
BRDA:228,25,1,0
BRDA:228,26,0,0
BRDA:228,26,1,0
BRDA:230,27,0,0
BRDA:230,27,1,0
BRDA:231,28,0,0
BRDA:231,28,1,0
BRDA:240,29,0,0
BRDA:240,29,1,0
BRDA:248,30,0,0
BRDA:248,30,1,0
BRDA:249,31,0,0
BRDA:249,31,1,0
BRDA:256,32,0,0
BRDA:256,32,1,0
BRDA:256,33,0,0
BRDA:256,33,1,0
BRDA:256,34,0,0
BRDA:256,34,1,0
BRDA:260,35,0,0
BRDA:260,35,1,0
BRDA:280,36,0,0
BRDA:280,36,1,0
BRDA:283,37,0,0
BRDA:283,37,1,0
BRDA:284,38,0,0
BRDA:284,38,1,0
BRDA:324,39,0,0
BRDA:324,39,1,0
BRDA:325,40,0,0
BRDA:325,40,1,0
BRDA:329,41,0,0
BRDA:329,41,1,0
BRDA:329,41,2,0
BRDA:333,42,0,0
BRDA:333,42,1,0
BRDA:333,43,0,0
BRDA:333,43,1,0
BRDA:342,44,0,0
BRDA:342,44,1,0
BRDA:375,45,0,0
BRDA:375,45,1,0
BRDA:376,46,0,0
BRDA:376,46,1,0
BRDA:378,47,0,0
BRDA:378,47,1,0
BRDA:388,48,0,0
BRDA:388,48,1,0
BRDA:388,49,0,0
BRDA:388,49,1,0
BRDA:394,50,0,0
BRDA:394,50,1,0
BRDA:394,50,2,0
BRDA:398,51,0,0
BRDA:398,51,1,0
BRDA:409,52,0,0
BRDA:409,52,1,0
BRDA:413,53,0,0
BRDA:413,53,1,0
BRDA:418,54,0,0
BRDA:418,54,1,0
BRDA:433,55,0,0
BRDA:433,55,1,0
BRDA:454,56,0,0
BRDA:454,56,1,0
BRDA:483,57,0,0
BRDA:483,57,1,0
BRDA:486,58,0,0
BRDA:486,58,1,0
BRDA:486,59,0,0
BRDA:486,59,1,0
BRDA:490,60,0,0
BRDA:490,60,1,0
BRDA:495,61,0,0
BRDA:495,61,1,0
BRDA:495,61,2,0
BRDA:499,62,0,0
BRDA:499,62,1,0
BRDA:499,63,0,0
BRDA:499,63,1,0
BRDA:505,64,0,0
BRDA:505,64,1,0
BRDA:512,65,0,0
BRDA:512,65,1,0
BRDA:519,66,0,0
BRDA:519,66,1,0
BRDA:519,67,0,0
BRDA:519,67,1,0
BRDA:519,68,0,0
BRDA:519,68,1,0
BRDA:523,69,0,0
BRDA:523,69,1,0
BRDA:538,70,0,0
BRDA:538,70,1,0
BRDA:542,71,0,0
BRDA:542,71,1,0
BRDA:551,72,0,0
BRDA:551,72,1,0
BRF:155
BRH:0
end_of_record
TN:
SF:controllers\sessionSlotController.js
FN:8,(anonymous_0)
FN:110,(anonymous_1)
FN:180,(anonymous_2)
FN:230,(anonymous_3)
FN:250,(anonymous_4)
FN:299,(anonymous_5)
FN:322,(anonymous_6)
FN:336,(anonymous_7)
FN:367,(anonymous_8)
FN:396,(anonymous_9)
FN:431,(anonymous_10)
FN:597,(anonymous_11)
FN:644,(anonymous_12)
FN:690,(anonymous_13)
FN:701,(anonymous_14)
FNF:15
FNH:0
FNDA:0,(anonymous_0)
FNDA:0,(anonymous_1)
FNDA:0,(anonymous_2)
FNDA:0,(anonymous_3)
FNDA:0,(anonymous_4)
FNDA:0,(anonymous_5)
FNDA:0,(anonymous_6)
FNDA:0,(anonymous_7)
FNDA:0,(anonymous_8)
FNDA:0,(anonymous_9)
FNDA:0,(anonymous_10)
FNDA:0,(anonymous_11)
FNDA:0,(anonymous_12)
FNDA:0,(anonymous_13)
FNDA:0,(anonymous_14)
DA:8,0
DA:9,0
DA:10,0
DA:30,0
DA:33,0
DA:34,0
DA:35,0
DA:41,0
DA:43,0
DA:44,0
DA:46,0
DA:50,0
DA:51,0
DA:52,0
DA:53,0
DA:55,0
DA:65,0
DA:66,0
DA:72,0
DA:94,0
DA:96,0
DA:102,0
DA:104,0
DA:105,0
DA:110,0
DA:111,0
DA:122,0
DA:124,0
DA:126,0
DA:127,0
DA:128,0
DA:129,0
DA:131,0
DA:134,0
DA:135,0
DA:136,0
DA:138,0
DA:141,0
DA:142,0
DA:143,0
DA:144,0
DA:145,0
DA:146,0
DA:147,0
DA:153,0
DA:156,0
DA:162,0
DA:164,0
DA:174,0
DA:175,0
DA:180,0
DA:181,0
DA:182,0
DA:183,0
DA:185,0
DA:187,0
DA:189,0
DA:192,0
DA:193,0
DA:194,0
DA:196,0
DA:199,0
DA:200,0
DA:201,0
DA:202,0
DA:203,0
DA:206,0
DA:212,0
DA:214,0
DA:224,0
DA:225,0
DA:230,0
DA:231,0
DA:232,0
DA:234,0
DA:238,0
DA:239,0
DA:242,0
DA:244,0
DA:245,0
DA:250,0
DA:251,0
DA:252,0
DA:253,0
DA:254,0
DA:256,0
DA:258,0
DA:259,0
DA:263,0
DA:264,0
DA:270,0
DA:271,0
DA:272,0
DA:273,0
DA:274,0
DA:275,0
DA:277,0
DA:291,0
DA:292,0
DA:299,0
DA:300,0
DA:301,0
DA:305,0
DA:306,0
DA:308,0
DA:314,0
DA:316,0
DA:317,0
DA:322,0
DA:323,0
DA:324,0
DA:325,0
DA:326,0
DA:328,0
DA:330,0
DA:331,0
DA:335,0
DA:336,0
DA:338,0
DA:349,0
DA:350,0
DA:351,0
DA:353,0
DA:359,0
DA:361,0
DA:362,0
DA:367,0
DA:368,0
DA:369,0
DA:370,0
DA:372,0
DA:374,0
DA:375,0
DA:379,0
DA:380,0
DA:385,0
DA:386,0
DA:388,0
DA:390,0
DA:391,0
DA:396,0
DA:397,0
DA:398,0
DA:399,0
DA:400,0
DA:402,0
DA:404,0
DA:405,0
DA:408,0
DA:409,0
DA:412,0
DA:413,0
DA:416,0
DA:417,0
DA:421,0
DA:422,0
DA:423,0
DA:425,0
DA:426,0
DA:430,0
DA:431,0
DA:434,0
DA:435,0
DA:439,0
DA:455,0
DA:462,0
DA:464,0
DA:465,0
DA:468,0
DA:470,0
DA:476,0
DA:477,0
DA:479,0
DA:480,0
DA:482,0
DA:485,0
DA:486,0
DA:488,0
DA:496,0
DA:502,0
DA:520,0
DA:538,0
DA:539,0
DA:541,0
DA:559,0
DA:561,0
DA:575,0
DA:589,0
DA:591,0
DA:592,0
DA:597,0
DA:598,0
DA:599,0
DA:600,0
DA:602,0
DA:603,0
DA:604,0
DA:610,0
DA:624,0
DA:625,0
DA:632,0
DA:638,0
DA:639,0
DA:644,0
DA:645,0
DA:646,0
DA:647,0
DA:648,0
DA:650,0
DA:652,0
DA:653,0
DA:657,0
DA:677,0
DA:679,0
DA:684,0
DA:685,0
DA:690,0
DA:691,0
DA:692,0
DA:693,0
DA:695,0
DA:696,0
DA:699,0
DA:700,0
DA:701,0
DA:704,0
DA:705,0
DA:709,0
DA:713,0
DA:724,0
DA:725,0
LF:231
LH:0
BRDA:34,0,0,0
BRDA:34,0,1,0
BRDA:41,1,0,0
BRDA:41,1,1,0
BRDA:41,2,0,0
BRDA:41,2,1,0
BRDA:65,3,0,0
BRDA:65,3,1,0
BRDA:85,4,0,0
BRDA:85,4,1,0
BRDA:120,5,0,0
BRDA:121,6,0,0
BRDA:126,7,0,0
BRDA:126,7,1,0
BRDA:127,8,0,0
BRDA:127,8,1,0
BRDA:128,9,0,0
BRDA:128,9,1,0
BRDA:129,10,0,0
BRDA:129,10,1,0
BRDA:131,11,0,0
BRDA:131,11,1,0
BRDA:134,12,0,0
BRDA:134,12,1,0
BRDA:134,13,0,0
BRDA:134,13,1,0
BRDA:146,14,0,0
BRDA:146,14,1,0
BRDA:146,15,0,0
BRDA:146,15,1,0
BRDA:183,16,0,0
BRDA:183,17,0,0
BRDA:187,18,0,0
BRDA:187,18,1,0
BRDA:189,19,0,0
BRDA:189,19,1,0
BRDA:192,20,0,0
BRDA:192,20,1,0
BRDA:192,21,0,0
BRDA:192,21,1,0
BRDA:238,22,0,0
BRDA:238,22,1,0
BRDA:258,23,0,0
BRDA:258,23,1,0
BRDA:263,24,0,0
BRDA:263,24,1,0
BRDA:263,25,0,0
BRDA:263,25,1,0
BRDA:263,25,2,0
BRDA:263,25,3,0
BRDA:270,26,0,0
BRDA:270,26,1,0
BRDA:270,27,0,0
BRDA:270,27,1,0
BRDA:270,27,2,0
BRDA:271,28,0,0
BRDA:271,28,1,0
BRDA:285,29,0,0
BRDA:285,29,1,0
BRDA:286,30,0,0
BRDA:286,30,1,0
BRDA:291,31,0,0
BRDA:291,31,1,0
BRDA:300,32,0,0
BRDA:300,32,1,0
BRDA:326,33,0,0
BRDA:330,34,0,0
BRDA:330,34,1,0
BRDA:335,35,0,0
BRDA:335,35,1,0
BRDA:342,36,0,0
BRDA:342,36,1,0
BRDA:374,37,0,0
BRDA:374,37,1,0
BRDA:379,38,0,0
BRDA:379,38,1,0
BRDA:404,39,0,0
BRDA:404,39,1,0
BRDA:408,40,0,0
BRDA:408,40,1,0
BRDA:412,41,0,0
BRDA:412,41,1,0
BRDA:416,42,0,0
BRDA:416,42,1,0
BRDA:425,43,0,0
BRDA:425,43,1,0
BRDA:434,44,0,0
BRDA:434,44,1,0
BRDA:464,45,0,0
BRDA:464,45,1,0
BRDA:479,46,0,0
BRDA:479,46,1,0
BRDA:479,47,0,0
BRDA:479,47,1,0
BRDA:479,47,2,0
BRDA:485,48,0,0
BRDA:485,48,1,0
BRDA:603,49,0,0
BRDA:603,49,1,0
BRDA:603,50,0,0
BRDA:603,50,1,0
BRDA:652,51,0,0
BRDA:652,51,1,0
BRDA:666,52,0,0
BRDA:666,52,1,0
BRDA:667,53,0,0
BRDA:667,53,1,0
BRDA:696,54,0,0
BRDA:696,54,1,0
BRDA:701,55,0,0
BRDA:701,55,1,0
BRDA:704,56,0,0
BRDA:704,56,1,0
BRDA:704,57,0,0
BRDA:704,57,1,0
BRDA:709,58,0,0
BRDA:709,58,1,0
BRF:117
BRH:0
end_of_record
TN:
SF:controllers\workoutController.js
FN:7,(anonymous_0)
FN:75,(anonymous_1)
FN:121,(anonymous_2)
FN:131,(anonymous_3)
FN:132,(anonymous_4)
FN:133,(anonymous_5)
FN:134,(anonymous_6)
FN:159,(anonymous_7)
FN:190,(anonymous_8)
FN:214,(anonymous_9)
FN:254,(anonymous_10)
FN:287,(anonymous_11)
FN:322,(anonymous_12)
FN:323,(anonymous_13)
FN:333,(anonymous_14)
FN:334,(anonymous_15)
FN:336,(anonymous_16)
FN:386,(anonymous_17)
FN:405,(anonymous_18)
FN:421,(anonymous_19)
FN:452,(anonymous_20)
FNF:21
FNH:0
FNDA:0,(anonymous_0)
FNDA:0,(anonymous_1)
FNDA:0,(anonymous_2)
FNDA:0,(anonymous_3)
FNDA:0,(anonymous_4)
FNDA:0,(anonymous_5)
FNDA:0,(anonymous_6)
FNDA:0,(anonymous_7)
FNDA:0,(anonymous_8)
FNDA:0,(anonymous_9)
FNDA:0,(anonymous_10)
FNDA:0,(anonymous_11)
FNDA:0,(anonymous_12)
FNDA:0,(anonymous_13)
FNDA:0,(anonymous_14)
FNDA:0,(anonymous_15)
FNDA:0,(anonymous_16)
FNDA:0,(anonymous_17)
FNDA:0,(anonymous_18)
FNDA:0,(anonymous_19)
FNDA:0,(anonymous_20)
DA:7,0
DA:8,0
DA:20,0
DA:23,0
DA:25,0
DA:26,0
DA:27,0
DA:28,0
DA:31,0
DA:32,0
DA:33,0
DA:34,0
DA:35,0
DA:37,0
DA:38,0
DA:39,0
DA:41,0
DA:42,0
DA:43,0
DA:47,0
DA:48,0
DA:49,0
DA:50,0
DA:51,0
DA:53,0
DA:60,0
DA:62,0
DA:70,0
DA:75,0
DA:76,0
DA:77,0
DA:79,0
DA:94,0
DA:95,0
DA:99,0
DA:102,0
DA:103,0
DA:104,0
DA:110,0
DA:116,0
DA:121,0
DA:122,0
DA:123,0
DA:124,0
DA:130,0
DA:131,0
DA:132,0
DA:133,0
DA:134,0
DA:137,0
DA:142,0
DA:143,0
DA:146,0
DA:147,0
DA:149,0
DA:154,0
DA:159,0
DA:160,0
DA:161,0
DA:162,0
DA:164,0
DA:165,0
DA:166,0
DA:170,0
DA:171,0
DA:174,0
DA:180,0
DA:185,0
DA:190,0
DA:191,0
DA:192,0
DA:193,0
DA:195,0
DA:196,0
DA:197,0
DA:201,0
DA:202,0
DA:205,0
DA:207,0
DA:209,0
DA:214,0
DA:215,0
DA:216,0
DA:217,0
DA:219,0
DA:220,0
DA:221,0
DA:225,0
DA:230,0
DA:231,0
DA:235,0
DA:242,0
DA:244,0
DA:249,0
DA:254,0
DA:255,0
DA:256,0
DA:257,0
DA:259,0
DA:260,0
DA:261,0
DA:264,0
DA:280,0
DA:282,0
DA:287,0
DA:288,0
DA:289,0
DA:290,0
DA:291,0
DA:293,0
DA:298,0
DA:299,0
DA:303,0
DA:314,0
DA:317,0
DA:318,0
DA:319,0
DA:321,0
DA:322,0
DA:323,0
DA:324,0
DA:328,0
DA:329,0
DA:330,0
DA:333,0
DA:334,0
DA:335,0
DA:336,0
DA:340,0
DA:341,0
DA:351,0
DA:352,0
DA:363,0
DA:366,0
DA:375,0
DA:381,0
DA:386,0
DA:387,0
DA:388,0
DA:389,0
DA:390,0
DA:391,0
DA:393,0
DA:400,0
DA:405,0
DA:406,0
DA:407,0
DA:409,0
DA:414,0
DA:416,0
DA:421,0
DA:422,0
DA:423,0
DA:424,0
DA:425,0
DA:427,0
DA:428,0
DA:431,0
DA:432,0
DA:435,0
DA:436,0
DA:437,0
DA:441,0
DA:442,0
DA:443,0
DA:446,0
DA:451,0
DA:452,0
DA:453,0
DA:455,0
DA:460,0
DA:467,0
DA:468,0
LF:173
LH:0
BRDA:10,0,0,0
BRDA:11,1,0,0
BRDA:17,2,0,0
BRDA:18,3,0,0
BRDA:25,4,0,0
BRDA:25,4,1,0
BRDA:27,5,0,0
BRDA:27,5,1,0
BRDA:27,6,0,0
BRDA:27,6,1,0
BRDA:31,7,0,0
BRDA:31,7,1,0
BRDA:32,8,0,0
BRDA:32,8,1,0
BRDA:33,9,0,0
BRDA:33,9,1,0
BRDA:34,10,0,0
BRDA:34,10,1,0
BRDA:37,11,0,0
BRDA:37,11,1,0
BRDA:38,12,0,0
BRDA:38,12,1,0
BRDA:41,13,0,0
BRDA:41,13,1,0
BRDA:43,14,0,0
BRDA:43,14,1,0
BRDA:48,15,0,0
BRDA:48,15,1,0
BRDA:48,16,0,0
BRDA:48,16,1,0
BRDA:49,17,0,0
BRDA:49,17,1,0
BRDA:49,18,0,0
BRDA:49,18,1,0
BRDA:50,19,0,0
BRDA:50,19,1,0
BRDA:50,20,0,0
BRDA:50,20,1,0
BRDA:51,21,0,0
BRDA:51,21,1,0
BRDA:51,22,0,0
BRDA:51,22,1,0
BRDA:94,23,0,0
BRDA:94,23,1,0
BRDA:103,24,0,0
BRDA:103,24,1,0
BRDA:142,25,0,0
BRDA:142,25,1,0
BRDA:165,26,0,0
BRDA:165,26,1,0
BRDA:170,27,0,0
BRDA:170,27,1,0
BRDA:170,28,0,0
BRDA:170,28,1,0
BRDA:196,29,0,0
BRDA:196,29,1,0
BRDA:201,30,0,0
BRDA:201,30,1,0
BRDA:201,31,0,0
BRDA:201,31,1,0
BRDA:220,32,0,0
BRDA:220,32,1,0
BRDA:230,33,0,0
BRDA:230,33,1,0
BRDA:260,34,0,0
BRDA:260,34,1,0
BRDA:298,35,0,0
BRDA:298,35,1,0
BRDA:321,36,0,0
BRDA:321,36,1,0
BRDA:323,37,0,0
BRDA:323,37,1,0
BRDA:340,38,0,0
BRDA:340,38,1,0
BRDA:340,39,0,0
BRDA:340,39,1,0
BRDA:340,39,2,0
BRDA:351,40,0,0
BRDA:351,40,1,0
BRDA:351,41,0,0
BRDA:351,41,1,0
BRDA:351,41,2,0
BRDA:407,42,0,0
BRDA:427,43,0,0
BRDA:427,43,1,0
BRDA:427,44,0,0
BRDA:427,44,1,0
BRDA:427,44,2,0
BRDA:432,45,0,0
BRDA:432,45,1,0
BRDA:436,46,0,0
BRDA:436,46,1,0
BRDA:441,47,0,0
BRDA:441,47,1,0
BRDA:452,48,0,0
BRDA:452,48,1,0
BRDA:453,49,0,0
BRDA:453,49,1,0
BRDA:461,50,0,0
BRDA:461,50,1,0
BRF:100
BRH:0
end_of_record
TN:
SF:jobs\expireSessionRequests.js
FN:8,(anonymous_0)
FN:17,(anonymous_1)
FN:31,(anonymous_2)
FNF:3
FNH:2
FNDA:3,(anonymous_0)
FNDA:2,(anonymous_1)
FNDA:0,(anonymous_2)
DA:8,1
DA:9,3
DA:10,3
DA:15,2
DA:17,2
DA:18,1
DA:20,1
DA:21,2
DA:22,2
DA:25,1
DA:27,1
DA:31,1
DA:33,0
DA:34,0
LF:14
LH:12
BRDA:15,0,0,1
BRDA:15,0,1,1
BRF:2
BRH:2
end_of_record
TN:
SF:jobs\notificationScheduler.js
FN:6,(anonymous_0)
FN:7,(anonymous_1)
FN:24,(anonymous_2)
FN:25,(anonymous_3)
FN:36,(anonymous_4)
FNF:5
FNH:5
FNDA:3,(anonymous_0)
FNDA:2,(anonymous_1)
FNDA:1,(anonymous_2)
FNDA:1,(anonymous_3)
FNDA:1,(anonymous_4)
DA:6,1
DA:7,3
DA:8,2
DA:9,2
DA:10,2
DA:11,2
DA:13,0
DA:19,3
DA:24,1
DA:25,1
DA:26,1
DA:32,1
DA:36,1
DA:37,1
DA:40,1
LF:15
LH:14
BRF:0
BRH:0
end_of_record
TN:
SF:middleware\auth.js
FN:4,(anonymous_0)
FN:38,(anonymous_1)
FN:39,(anonymous_2)
FNF:3
FNH:3
FNDA:5,(anonymous_0)
FNDA:3,(anonymous_1)
FNDA:3,(anonymous_2)
DA:4,1
DA:5,5
DA:8,5
DA:9,4
DA:12,5
DA:13,1
DA:16,4
DA:17,3
DA:19,3
DA:20,1
DA:24,2
DA:25,1
DA:31,1
DA:32,1
DA:34,1
DA:38,1
DA:39,3
DA:40,3
DA:41,1
DA:45,2
LF:20
LH:20
BRDA:8,0,0,4
BRDA:8,0,1,1
BRDA:8,1,0,5
BRDA:8,1,1,4
BRDA:12,2,0,1
BRDA:12,2,1,4
BRDA:19,3,0,1
BRDA:19,3,1,2
BRDA:24,4,0,1
BRDA:24,4,1,1
BRDA:40,5,0,1
BRDA:40,5,1,2
BRF:12
BRH:12
end_of_record
TN:
SF:middleware\syncMiddleware.js
FN:9,(anonymous_0)
FN:28,(anonymous_1)
FN:46,(anonymous_2)
FN:78,(anonymous_3)
FN:97,(anonymous_4)
FN:114,(anonymous_5)
FN:130,(anonymous_6)
FN:156,(anonymous_7)
FN:175,(anonymous_8)
FN:200,(anonymous_9)
FN:224,(anonymous_10)
FN:227,(anonymous_11)
FNF:12
FNH:7
FNDA:2,(anonymous_0)
FNDA:0,(anonymous_1)
FNDA:0,(anonymous_2)
FNDA:2,(anonymous_3)
FNDA:0,(anonymous_4)
FNDA:0,(anonymous_5)
FNDA:0,(anonymous_6)
FNDA:2,(anonymous_7)
FNDA:4,(anonymous_8)
FNDA:1,(anonymous_9)
FNDA:2,(anonymous_10)
FNDA:2,(anonymous_11)
DA:9,1
DA:10,2
DA:11,2
DA:12,2
DA:15,2
DA:18,1
DA:20,1
DA:21,1
DA:28,1
DA:29,0
DA:30,0
DA:31,0
DA:34,0
DA:35,0
DA:42,0
DA:44,0
DA:45,0
DA:46,0
DA:48,0
DA:49,0
DA:50,0
DA:52,0
DA:54,0
DA:55,0
DA:59,0
DA:63,0
DA:65,0
DA:68,0
DA:70,0
DA:71,0
DA:78,1
DA:79,2
DA:80,2
DA:82,2
DA:84,1
DA:87,2
DA:89,0
DA:90,0
DA:97,1
DA:98,0
DA:99,0
DA:100,0
DA:102,0
DA:103,0
DA:106,0
DA:108,0
DA:109,0
DA:113,0
DA:114,0
DA:116,0
DA:125,0
DA:129,0
DA:130,0
DA:132,0
DA:143,0
DA:146,0
DA:148,0
DA:149,0
DA:156,1
DA:157,2
DA:158,2
DA:160,2
DA:162,1
DA:165,2
DA:167,0
DA:168,0
DA:175,1
DA:176,4
DA:177,4
DA:178,4
DA:180,4
DA:181,2
DA:184,2
DA:186,2
DA:187,0
DA:191,2
DA:193,1
DA:197,1
DA:199,1
DA:200,1
DA:202,1
DA:205,1
DA:206,1
DA:209,1
DA:210,1
DA:214,2
DA:216,0
DA:217,0
DA:224,1
DA:225,2
DA:227,2
DA:228,2
DA:229,1
DA:231,2
LF:94
LH:47
BRDA:34,0,0,0
BRDA:34,0,1,0
BRDA:34,1,0,0
BRDA:34,1,1,0
BRDA:44,2,0,0
BRDA:44,2,1,0
BRDA:48,3,0,0
BRDA:48,3,1,0
BRDA:48,4,0,0
BRDA:48,4,1,0
BRDA:52,5,0,0
BRDA:52,5,1,0
BRDA:63,6,0,0
BRDA:63,6,1,0
BRDA:82,7,0,1
BRDA:82,7,1,1
BRDA:102,8,0,0
BRDA:102,8,1,0
BRDA:102,9,0,0
BRDA:102,9,1,0
BRDA:108,10,0,0
BRDA:108,10,1,0
BRDA:113,11,0,0
BRDA:113,11,1,0
BRDA:113,12,0,0
BRDA:113,12,1,0
BRDA:129,13,0,0
BRDA:129,13,1,0
BRDA:129,14,0,0
BRDA:129,14,1,0
BRDA:129,14,2,0
BRDA:160,15,0,1
BRDA:160,15,1,1
BRDA:180,16,0,2
BRDA:180,16,1,2
BRDA:180,17,0,4
BRDA:180,17,1,3
BRDA:186,18,0,0
BRDA:186,18,1,2
BRDA:191,19,0,1
BRDA:191,19,1,1
BRDA:191,20,0,2
BRDA:191,20,1,2
BRDA:197,21,0,1
BRDA:197,21,1,0
BRDA:205,22,0,1
BRDA:205,22,1,0
BRDA:205,23,0,1
BRDA:205,23,1,1
BRDA:228,24,0,1
BRDA:228,24,1,1
BRF:51
BRH:19
end_of_record
TN:
SF:services\invoiceService.js
FN:15,(anonymous_0)
FN:16,(anonymous_1)
FN:109,(anonymous_2)
FN:184,(anonymous_3)
FN:192,(anonymous_4)
FN:202,(anonymous_5)
FN:232,(anonymous_6)
FNF:7
FNH:0
FNDA:0,(anonymous_0)
FNDA:0,(anonymous_1)
FNDA:0,(anonymous_2)
FNDA:0,(anonymous_3)
FNDA:0,(anonymous_4)
FNDA:0,(anonymous_5)
FNDA:0,(anonymous_6)
DA:6,0
DA:7,0
DA:10,0
DA:11,0
DA:12,0
DA:15,0
DA:16,0
DA:17,0
DA:31,0
DA:34,0
DA:35,0
DA:36,0
DA:39,0
DA:40,0
DA:43,0
DA:52,0
DA:62,0
DA:69,0
DA:70,0
DA:74,0
DA:75,0
DA:82,0
DA:83,0
DA:84,0
DA:85,0
DA:86,0
DA:87,0
DA:90,0
DA:100,0
DA:106,0
DA:107,0
DA:109,0
DA:110,0
DA:118,0
DA:122,0
DA:127,0
DA:130,0
DA:135,0
DA:137,0
DA:138,0
DA:141,0
DA:144,0
DA:151,0
DA:152,0
DA:157,0
DA:158,0
DA:164,0
DA:165,0
DA:166,0
DA:174,0
DA:175,0
DA:182,0
DA:184,0
DA:185,0
DA:192,0
DA:193,0
DA:197,0
DA:202,0
DA:203,0
DA:229,0
DA:232,0
DA:233,0
DA:259,0
LF:63
LH:0
BRDA:11,0,0,0
BRDA:11,0,1,0
BRDA:69,1,0,0
BRDA:69,1,1,0
BRDA:74,2,0,0
BRDA:74,2,1,0
BRDA:74,3,0,0
BRDA:74,3,1,0
BRDA:114,4,0,0
BRDA:114,4,1,0
BRDA:137,5,0,0
BRDA:137,5,1,0
BRDA:164,6,0,0
BRDA:164,6,1,0
BRDA:210,7,0,0
BRDA:210,7,1,0
BRDA:214,8,0,0
BRDA:214,8,1,0
BRDA:223,9,0,0
BRDA:223,9,1,0
BRDA:224,10,0,0
BRDA:224,10,1,0
BRDA:226,11,0,0
BRDA:226,11,1,0
BRDA:240,12,0,0
BRDA:240,12,1,0
BRDA:254,13,0,0
BRDA:254,13,1,0
BRF:28
BRH:0
end_of_record
TN:
SF:services\notificationService.js
FN:19,(anonymous_0)
FN:57,(anonymous_1)
FN:84,(anonymous_2)
FN:108,(anonymous_3)
FN:134,(anonymous_4)
FN:158,(anonymous_5)
FN:182,(anonymous_6)
FN:206,(anonymous_7)
FN:230,(anonymous_8)
FN:254,(anonymous_9)
FN:283,(anonymous_10)
FN:292,(anonymous_11)
FNF:12
FNH:0
FNDA:0,(anonymous_0)
FNDA:0,(anonymous_1)
FNDA:0,(anonymous_2)
FNDA:0,(anonymous_3)
FNDA:0,(anonymous_4)
FNDA:0,(anonymous_5)
FNDA:0,(anonymous_6)
FNDA:0,(anonymous_7)
FNDA:0,(anonymous_8)
FNDA:0,(anonymous_9)
FNDA:0,(anonymous_10)
FNDA:0,(anonymous_11)
DA:6,1
DA:19,1
DA:20,0
DA:21,0
DA:22,0
DA:23,0
DA:24,0
DA:28,0
DA:33,0
DA:34,0
DA:35,0
DA:38,0
DA:43,0
DA:49,0
DA:50,0
DA:52,0
DA:57,1
DA:58,0
DA:59,0
DA:60,0
DA:62,0
DA:63,0
DA:65,0
DA:70,0
DA:76,0
DA:77,0
DA:79,0
DA:84,1
DA:85,0
DA:86,0
DA:87,0
DA:89,0
DA:94,0
DA:100,0
DA:101,0
DA:103,0
DA:108,1
DA:109,0
DA:110,0
DA:111,0
DA:113,0
DA:118,0
DA:126,0
DA:127,0
DA:129,0
DA:134,1
DA:135,0
DA:136,0
DA:137,0
DA:139,0
DA:144,0
DA:150,0
DA:151,0
DA:153,0
DA:158,1
DA:159,0
DA:160,0
DA:161,0
DA:163,0
DA:168,0
DA:174,0
DA:175,0
DA:177,0
DA:182,1
DA:183,0
DA:184,0
DA:185,0
DA:187,0
DA:192,0
DA:198,0
DA:199,0
DA:201,0
DA:206,1
DA:207,0
DA:208,0
DA:209,0
DA:211,0
DA:216,0
DA:222,0
DA:223,0
DA:225,0
DA:230,1
DA:231,0
DA:232,0
DA:233,0
DA:235,0
DA:240,0
DA:246,0
DA:247,0
DA:249,0
DA:254,1
DA:255,0
DA:257,0
DA:262,0
DA:264,0
DA:266,0
DA:271,0
DA:272,0
DA:276,0
DA:278,0
DA:283,1
DA:284,0
DA:286,0
DA:287,0
DA:292,1
DA:293,0
DA:294,0
DA:297,0
DA:298,0
DA:299,0
DA:301,0
DA:302,0
DA:303,0
LF:113
LH:13
BRDA:22,0,0,0
BRDA:22,0,1,0
BRDA:22,1,0,0
BRDA:22,1,1,0
BRDA:33,2,0,0
BRDA:33,2,1,0
BRDA:60,3,0,0
BRDA:60,3,1,0
BRDA:60,4,0,0
BRDA:60,4,1,0
BRDA:63,5,0,0
BRDA:63,5,1,0
BRDA:87,6,0,0
BRDA:87,6,1,0
BRDA:87,7,0,0
BRDA:87,7,1,0
BRDA:111,8,0,0
BRDA:111,8,1,0
BRDA:111,9,0,0
BRDA:111,9,1,0
BRDA:137,10,0,0
BRDA:137,10,1,0
BRDA:137,11,0,0
BRDA:137,11,1,0
BRDA:161,12,0,0
BRDA:161,12,1,0
BRDA:161,13,0,0
BRDA:161,13,1,0
BRDA:185,14,0,0
BRDA:185,14,1,0
BRDA:185,15,0,0
BRDA:185,15,1,0
BRDA:209,16,0,0
BRDA:209,16,1,0
BRDA:209,17,0,0
BRDA:209,17,1,0
BRDA:233,18,0,0
BRDA:233,18,1,0
BRDA:233,19,0,0
BRDA:233,19,1,0
BRDA:271,20,0,0
BRDA:271,20,1,0
BRDA:286,21,0,0
BRDA:286,21,1,0
BRDA:294,22,0,0
BRDA:294,22,1,0
BRDA:298,23,0,0
BRDA:298,23,1,0
BRDA:301,24,0,0
BRDA:301,24,1,0
BRF:50
BRH:0
end_of_record
TN:
SF:services\syncService.js
FN:7,(anonymous_0)
FN:12,(anonymous_1)
FN:30,(anonymous_2)
FN:52,(anonymous_3)
FN:67,(anonymous_4)
FN:90,(anonymous_5)
FN:97,(anonymous_6)
FN:109,(anonymous_7)
FN:136,(anonymous_8)
FN:145,(anonymous_9)
FN:167,(anonymous_10)
FN:182,(anonymous_11)
FN:183,(anonymous_12)
FN:199,(anonymous_13)
FN:200,(anonymous_14)
FN:219,(anonymous_15)
FN:231,(anonymous_16)
FN:246,(anonymous_17)
FN:263,(anonymous_18)
FN:276,(anonymous_19)
FN:296,(anonymous_20)
FN:332,(anonymous_21)
FN:349,(anonymous_22)
FN:367,(anonymous_23)
FN:392,(anonymous_24)
FN:393,(anonymous_25)
FN:397,(anonymous_26)
FN:398,(anonymous_27)
FNF:28
FNH:2
FNDA:1,(anonymous_0)
FNDA:1,(anonymous_1)
FNDA:0,(anonymous_2)
FNDA:0,(anonymous_3)
FNDA:0,(anonymous_4)
FNDA:0,(anonymous_5)
FNDA:0,(anonymous_6)
FNDA:0,(anonymous_7)
FNDA:0,(anonymous_8)
FNDA:0,(anonymous_9)
FNDA:0,(anonymous_10)
FNDA:0,(anonymous_11)
FNDA:0,(anonymous_12)
FNDA:0,(anonymous_13)
FNDA:0,(anonymous_14)
FNDA:0,(anonymous_15)
FNDA:0,(anonymous_16)
FNDA:0,(anonymous_17)
FNDA:0,(anonymous_18)
FNDA:0,(anonymous_19)
FNDA:0,(anonymous_20)
FNDA:0,(anonymous_21)
FNDA:0,(anonymous_22)
FNDA:0,(anonymous_23)
FNDA:0,(anonymous_24)
FNDA:0,(anonymous_25)
FNDA:0,(anonymous_26)
FNDA:0,(anonymous_27)
DA:8,1
DA:9,1
DA:14,1
DA:17,1
DA:18,1
DA:19,1
DA:20,1
DA:23,1
DA:24,1
DA:25,1
DA:26,1
DA:31,0
DA:32,0
DA:34,0
DA:37,0
DA:38,0
DA:42,0
DA:43,0
DA:46,0
DA:48,0
DA:53,0
DA:60,0
DA:62,0
DA:63,0
DA:65,0
DA:66,0
DA:67,0
DA:69,0
DA:70,0
DA:71,0
DA:75,0
DA:76,0
DA:77,0
DA:80,0
DA:81,0
DA:82,0
DA:86,0
DA:87,0
DA:93,0
DA:98,0
DA:99,0
DA:100,0
DA:103,0
DA:105,0
DA:110,0
DA:111,0
DA:112,0
DA:114,0
DA:115,0
DA:118,0
DA:119,0
DA:123,0
DA:124,0
DA:128,0
DA:130,0
DA:132,0
DA:137,0
DA:138,0
DA:139,0
DA:141,0
DA:142,0
DA:145,0
DA:147,0
DA:148,0
DA:157,0
DA:161,0
DA:163,0
DA:168,0
DA:169,0
DA:170,0
DA:173,0
DA:176,0
DA:178,0
DA:183,0
DA:185,0
DA:186,0
DA:195,0
DA:200,0
DA:202,0
DA:204,0
DA:214,0
DA:220,0
DA:221,0
DA:222,0
DA:225,0
DA:227,0
DA:232,0
DA:233,0
DA:234,0
DA:236,0
DA:237,0
DA:240,0
DA:244,0
DA:245,0
DA:246,0
DA:249,0
DA:250,0
DA:251,0
DA:252,0
DA:257,0
DA:259,0
DA:264,0
DA:265,0
DA:266,0
DA:269,0
DA:273,0
DA:275,0
DA:276,0
DA:278,0
DA:281,0
DA:282,0
DA:285,0
DA:286,0
DA:290,0
DA:292,0
DA:297,0
DA:298,0
DA:299,0
DA:301,0
DA:302,0
DA:305,0
DA:313,0
DA:317,0
DA:318,0
DA:319,0
DA:323,0
DA:325,0
DA:327,0
DA:333,0
DA:335,0
DA:336,0
DA:337,0
DA:341,0
DA:346,0
DA:350,0
DA:352,0
DA:353,0
DA:354,0
DA:358,0
DA:361,0
DA:363,0
DA:368,0
DA:369,0
DA:370,0
DA:373,0
DA:378,0
DA:383,0
DA:392,0
DA:393,0
DA:397,0
DA:398,0
DA:406,1
LF:152
LH:12
BRDA:37,0,0,0
BRDA:37,0,1,0
BRDA:37,1,0,0
BRDA:37,1,1,0
BRDA:42,2,0,0
BRDA:42,2,1,0
BRDA:65,3,0,0
BRDA:65,3,1,0
BRDA:69,4,0,0
BRDA:69,4,1,0
BRDA:69,5,0,0
BRDA:69,5,1,0
BRDA:75,6,0,0
BRDA:75,6,1,0
BRDA:75,7,0,0
BRDA:75,7,1,0
BRDA:80,8,0,0
BRDA:80,8,1,0
BRDA:115,9,0,0
BRDA:115,9,1,0
BRDA:118,10,0,0
BRDA:118,10,1,0
BRDA:118,11,0,0
BRDA:118,11,1,0
BRDA:118,11,2,0
BRDA:123,12,0,0
BRDA:123,12,1,0
BRDA:142,13,0,0
BRDA:142,13,1,0
BRDA:147,14,0,0
BRDA:147,14,1,0
BRDA:152,15,0,0
BRDA:152,15,1,0
BRDA:185,16,0,0
BRDA:185,16,1,0
BRDA:202,17,0,0
BRDA:202,17,1,0
BRDA:237,18,0,0
BRDA:237,18,1,0
BRDA:244,19,0,0
BRDA:244,19,1,0
BRDA:249,20,0,0
BRDA:249,20,1,0
BRDA:273,21,0,0
BRDA:273,21,1,0
BRDA:281,22,0,0
BRDA:281,22,1,0
BRDA:281,23,0,0
BRDA:281,23,1,0
BRDA:302,24,0,0
BRDA:302,24,1,0
BRDA:317,25,0,0
BRDA:317,25,1,0
BRDA:317,26,0,0
BRDA:317,26,1,0
BRDA:336,27,0,0
BRDA:336,27,1,0
BRDA:336,28,0,0
BRDA:336,28,1,0
BRDA:353,29,0,0
BRDA:353,29,1,0
BRDA:369,30,0,0
BRDA:369,30,1,0
BRF:63
BRH:0
end_of_record
